2025-10-15 17:39:53,488 [INFO] Initializing OsuDataFetcher...
2025-10-15 17:39:53,488 [INFO] Found 'config.txt'. Reading configuration...
2025-10-15 17:39:53,489 [INFO] Reading configuration file...
2025-10-15 17:40:13,728 [INFO] Executing routine 0...
2025-10-15 17:40:13,729 [INFO] Fetching beatmaps...
2025-10-15 17:40:14,322 [INFO] Processed batch 5348753-5348802 with 31 beatmaps.
2025-10-15 17:40:14,874 [INFO] Processed batch 5348803-5348852 with 28 beatmaps.
2025-10-15 17:40:15,421 [INFO] Processed batch 5348853-5348902 with 35 beatmaps.
2025-10-15 17:40:16,070 [INFO] Processed batch 5348903-5348952 with 37 beatmaps.
2025-10-15 17:40:16,672 [INFO] Processed batch 5348953-5349002 with 38 beatmaps.
2025-10-15 17:40:17,325 [INFO] Processed batch 5349003-5349052 with 40 beatmaps.
2025-10-15 17:40:17,852 [INFO] Processed batch 5349053-5349102 with 24 beatmaps.
2025-10-15 17:40:18,569 [INFO] Processed batch 5349103-5349152 with 39 beatmaps.
2025-10-15 17:40:19,452 [INFO] Processed batch 5349153-5349202 with 28 beatmaps.
2025-10-15 17:40:19,963 [INFO] Processed batch 5349203-5349252 with 25 beatmaps.
2025-10-15 17:40:20,532 [INFO] Processed batch 5349253-5349302 with 36 beatmaps.
2025-10-15 17:40:21,178 [INFO] Processed batch 5349303-5349352 with 37 beatmaps.
2025-10-15 17:40:21,963 [INFO] Processed batch 5349353-5349402 with 22 beatmaps.
2025-10-15 17:40:22,620 [INFO] Processed batch 5349403-5349452 with 46 beatmaps.
2025-10-15 17:40:23,364 [INFO] Processed batch 5349453-5349502 with 31 beatmaps.
2025-10-15 17:40:23,880 [INFO] Processed batch 5349503-5349552 with 7 beatmaps.
2025-10-15 17:40:24,606 [INFO] Processed batch 5349553-5349602 with 36 beatmaps.
2025-10-15 17:40:25,253 [INFO] Processed batch 5349603-5349652 with 40 beatmaps.
2025-10-15 17:40:26,818 [INFO] Processed batch 5349653-5349702 with 34 beatmaps.
2025-10-15 17:40:27,410 [INFO] Processed batch 5349703-5349752 with 36 beatmaps.
2025-10-15 17:40:28,010 [INFO] Processed batch 5349753-5349802 with 33 beatmaps.
2025-10-15 17:40:28,500 [INFO] Processed batch 5349803-5349852 with 23 beatmaps.
2025-10-15 17:40:29,292 [INFO] Processed batch 5349853-5349902 with 23 beatmaps.
2025-10-15 17:40:30,012 [INFO] Processed batch 5349903-5349952 with 31 beatmaps.
2025-10-15 17:40:30,726 [INFO] Processed batch 5349953-5350002 with 40 beatmaps.
2025-10-15 17:40:31,423 [INFO] Processed batch 5350003-5350052 with 40 beatmaps.
2025-10-15 17:40:31,947 [INFO] Processed batch 5350053-5350102 with 37 beatmaps.
2025-10-15 17:40:32,522 [INFO] Processed batch 5350103-5350152 with 45 beatmaps.
2025-10-15 17:40:33,040 [INFO] Processed batch 5350153-5350202 with 15 beatmaps.
2025-10-15 17:40:33,460 [INFO] Processed batch 5350203-5350252 with 0 beatmaps.
2025-10-15 17:40:33,461 [INFO] Fetching users...
2025-10-15 17:40:34,268 [INFO] Processed batch 38592950-38592999 with 49 users.
2025-10-15 17:40:34,762 [INFO] Processed batch 38593000-38593049 with 50 users.
2025-10-15 17:40:35,227 [INFO] Processed batch 38593050-38593099 with 50 users.
2025-10-15 17:40:35,692 [INFO] Processed batch 38593100-38593149 with 50 users.
2025-10-15 17:40:36,177 [INFO] Processed batch 38593150-38593199 with 49 users.
2025-10-15 17:40:36,658 [INFO] Processed batch 38593200-38593249 with 49 users.
2025-10-15 17:40:37,142 [INFO] Processed batch 38593250-38593299 with 50 users.
2025-10-15 17:40:37,591 [INFO] Processed batch 38593300-38593349 with 50 users.
2025-10-15 17:40:38,088 [INFO] Processed batch 38593350-38593399 with 50 users.
2025-10-15 17:40:38,589 [INFO] Processed batch 38593400-38593449 with 50 users.
2025-10-15 17:40:39,076 [INFO] Processed batch 38593450-38593499 with 50 users.
2025-10-15 17:40:39,553 [INFO] Processed batch 38593500-38593549 with 50 users.
2025-10-15 17:40:40,029 [INFO] Processed batch 38593550-38593599 with 50 users.
2025-10-15 17:40:40,539 [INFO] Processed batch 38593600-38593649 with 48 users.
2025-10-15 17:40:41,006 [INFO] Processed batch 38593650-38593699 with 49 users.
2025-10-15 17:40:41,491 [INFO] Processed batch 38593700-38593749 with 50 users.
2025-10-15 17:40:41,951 [INFO] Processed batch 38593750-38593799 with 50 users.
2025-10-15 17:40:42,466 [INFO] Processed batch 38593800-38593849 with 50 users.
2025-10-15 17:40:42,977 [INFO] Processed batch 38593850-38593899 with 50 users.
2025-10-15 17:40:43,518 [INFO] Processed batch 38593900-38593949 with 50 users.
2025-10-15 17:40:44,387 [INFO] Processed batch 38593950-38593999 with 50 users.
2025-10-15 17:40:44,901 [INFO] Processed batch 38594000-38594049 with 49 users.
2025-10-15 17:40:45,384 [INFO] Processed batch 38594050-38594099 with 50 users.
2025-10-15 17:40:45,871 [INFO] Processed batch 38594100-38594149 with 48 users.
2025-10-15 17:40:47,431 [INFO] Processed batch 38594150-38594199 with 50 users.
2025-10-15 17:40:47,897 [INFO] Processed batch 38594200-38594249 with 50 users.
2025-10-15 17:40:48,344 [INFO] Processed batch 38594250-38594299 with 49 users.
2025-10-15 17:40:48,903 [INFO] Processed batch 38594300-38594349 with 48 users.
2025-10-15 17:40:49,370 [INFO] Processed batch 38594350-38594399 with 49 users.
2025-10-15 17:40:49,848 [INFO] Processed batch 38594400-38594449 with 48 users.
2025-10-15 17:40:50,327 [INFO] Processed batch 38594450-38594499 with 50 users.
2025-10-15 17:40:51,177 [INFO] Processed batch 38594500-38594549 with 49 users.
2025-10-15 17:40:51,677 [INFO] Processed batch 38594550-38594599 with 47 users.
2025-10-15 17:40:52,198 [INFO] Processed batch 38594600-38594649 with 49 users.
2025-10-15 17:40:52,709 [INFO] Processed batch 38594650-38594699 with 50 users.
2025-10-15 17:40:53,217 [INFO] Processed batch 38594700-38594749 with 49 users.
2025-10-15 17:40:53,692 [INFO] Processed batch 38594750-38594799 with 50 users.
2025-10-15 17:40:54,181 [INFO] Processed batch 38594800-38594849 with 50 users.
2025-10-15 17:40:54,667 [INFO] Processed batch 38594850-38594899 with 50 users.
2025-10-15 17:40:55,148 [INFO] Processed batch 38594900-38594949 with 50 users.
2025-10-15 17:40:55,621 [INFO] Processed batch 38594950-38594999 with 48 users.
2025-10-15 17:40:56,094 [INFO] Processed batch 38595000-38595049 with 50 users.
2025-10-15 17:40:56,559 [INFO] Processed batch 38595050-38595099 with 48 users.
2025-10-15 17:40:57,066 [INFO] Processed batch 38595100-38595149 with 48 users.
2025-10-15 17:40:57,552 [INFO] Processed batch 38595150-38595199 with 50 users.
2025-10-15 17:40:58,019 [INFO] Processed batch 38595200-38595249 with 48 users.
2025-10-15 17:40:58,591 [INFO] Processed batch 38595250-38595299 with 49 users.
2025-10-15 17:40:59,057 [INFO] Processed batch 38595300-38595349 with 50 users.
2025-10-15 17:41:00,560 [INFO] Processed batch 38595350-38595399 with 49 users.
2025-10-15 17:41:01,093 [INFO] Processed batch 38595400-38595449 with 48 users.
2025-10-15 17:41:01,570 [INFO] Processed batch 38595450-38595499 with 49 users.
2025-10-15 17:41:02,063 [INFO] Processed batch 38595500-38595549 with 49 users.
2025-10-15 17:41:02,535 [INFO] Processed batch 38595550-38595599 with 47 users.
2025-10-15 17:41:03,042 [INFO] Processed batch 38595600-38595649 with 50 users.
2025-10-15 17:41:03,517 [INFO] Processed batch 38595650-38595699 with 49 users.
2025-10-15 17:41:03,983 [INFO] Processed batch 38595700-38595749 with 50 users.
2025-10-15 17:41:04,522 [INFO] Processed batch 38595750-38595799 with 48 users.
2025-10-15 17:41:04,986 [INFO] Processed batch 38595800-38595849 with 50 users.
2025-10-15 17:41:05,468 [INFO] Processed batch 38595850-38595899 with 49 users.
2025-10-15 17:41:05,935 [INFO] Processed batch 38595900-38595949 with 50 users.
2025-10-15 17:41:06,415 [INFO] Processed batch 38595950-38595999 with 49 users.
2025-10-15 17:41:06,883 [INFO] Processed batch 38596000-38596049 with 49 users.
2025-10-15 17:41:07,352 [INFO] Processed batch 38596050-38596099 with 50 users.
2025-10-15 17:41:07,872 [INFO] Processed batch 38596100-38596149 with 50 users.
2025-10-15 17:41:08,369 [INFO] Processed batch 38596150-38596199 with 49 users.
2025-10-15 17:41:08,837 [INFO] Processed batch 38596200-38596249 with 49 users.
2025-10-15 17:41:09,334 [INFO] Processed batch 38596250-38596299 with 48 users.
2025-10-15 17:41:09,830 [INFO] Processed batch 38596300-38596349 with 48 users.
2025-10-15 17:41:10,683 [INFO] Processed batch 38596350-38596399 with 50 users.
2025-10-15 17:41:11,274 [INFO] Processed batch 38596400-38596449 with 50 users.
2025-10-15 17:41:11,759 [INFO] Processed batch 38596450-38596499 with 50 users.
2025-10-15 17:41:12,296 [INFO] Processed batch 38596500-38596549 with 50 users.
2025-10-15 17:41:13,962 [INFO] Processed batch 38596550-38596599 with 49 users.
2025-10-15 17:41:14,465 [INFO] Processed batch 38596600-38596649 with 49 users.
2025-10-15 17:41:14,944 [INFO] Processed batch 38596650-38596699 with 49 users.
2025-10-15 17:41:15,569 [INFO] Processed batch 38596700-38596749 with 50 users.
2025-10-15 17:41:16,082 [INFO] Processed batch 38596750-38596799 with 49 users.
2025-10-15 17:41:16,546 [INFO] Processed batch 38596800-38596849 with 49 users.
2025-10-15 17:41:17,024 [INFO] Processed batch 38596850-38596899 with 48 users.
2025-10-15 17:41:17,482 [INFO] Processed batch 38596900-38596949 with 50 users.
2025-10-15 17:41:17,949 [INFO] Processed batch 38596950-38596999 with 49 users.
2025-10-15 17:41:18,523 [INFO] Processed batch 38597000-38597049 with 48 users.
2025-10-15 17:41:19,000 [INFO] Processed batch 38597050-38597099 with 50 users.
2025-10-15 17:41:19,495 [INFO] Processed batch 38597100-38597149 with 49 users.
2025-10-15 17:41:19,979 [INFO] Processed batch 38597150-38597199 with 48 users.
2025-10-15 17:41:20,468 [INFO] Processed batch 38597200-38597249 with 50 users.
2025-10-15 17:41:21,218 [INFO] Processed batch 38597250-38597299 with 50 users.
2025-10-15 17:41:21,724 [INFO] Processed batch 38597300-38597349 with 49 users.
2025-10-15 17:41:22,192 [INFO] Processed batch 38597350-38597399 with 33 users.
2025-10-15 17:41:22,594 [INFO] Processed batch 38597400-38597449 with 0 users.
2025-10-15 17:41:22,595 [INFO] Fetching recent scores...
2025-10-15 17:41:28,857 [INFO] Processed 1000 scores in batch 1.
2025-10-15 17:41:31,468 [INFO] Processed 1000 scores in batch 2.
2025-10-15 17:41:33,880 [INFO] Processed 1000 scores in batch 3.
2025-10-15 17:41:36,208 [INFO] Processed 1000 scores in batch 4.
2025-10-15 17:41:38,418 [INFO] Processed 1000 scores in batch 5.
2025-10-15 17:41:40,636 [INFO] Processed 1000 scores in batch 6.
2025-10-15 17:41:43,033 [INFO] Processed 1000 scores in batch 7.
2025-10-15 17:41:45,456 [INFO] Processed 1000 scores in batch 8.
2025-10-15 17:41:47,912 [INFO] Processed 1000 scores in batch 9.
2025-10-15 17:41:50,483 [INFO] Processed 1000 scores in batch 10.
2025-10-15 17:41:52,675 [INFO] Processed 1000 scores in batch 11.
2025-10-15 17:41:54,832 [INFO] Processed 1000 scores in batch 12.
2025-10-15 17:41:56,921 [INFO] Processed 1000 scores in batch 13.
2025-10-15 17:41:59,107 [INFO] Processed 1000 scores in batch 14.
2025-10-15 17:42:01,245 [INFO] Processed 1000 scores in batch 15.
2025-10-15 17:42:03,393 [INFO] Processed 1000 scores in batch 16.
2025-10-15 17:42:05,342 [INFO] Processed 1000 scores in batch 17.
2025-10-15 17:42:07,815 [INFO] Processed 1000 scores in batch 18.
2025-10-15 17:42:09,928 [INFO] Processed 1000 scores in batch 19.
2025-10-15 17:42:15,778 [INFO] Processed 1000 scores in batch 20.
2025-10-15 17:42:17,770 [INFO] Processed 1000 scores in batch 21.
2025-10-15 17:42:20,064 [INFO] Processed 1000 scores in batch 22.
2025-10-15 17:42:22,157 [INFO] Processed 1000 scores in batch 23.
2025-10-15 17:42:24,303 [INFO] Processed 1000 scores in batch 24.
2025-10-15 17:42:26,601 [INFO] Processed 1000 scores in batch 25.
2025-10-15 17:42:28,527 [INFO] Processed 1000 scores in batch 26.
2025-10-15 17:42:30,572 [INFO] Processed 1000 scores in batch 27.
2025-10-15 17:42:32,602 [INFO] Processed 1000 scores in batch 28.
2025-10-15 17:42:34,673 [INFO] Processed 1000 scores in batch 29.
2025-10-15 17:42:36,683 [INFO] Processed 1000 scores in batch 30.
2025-10-15 17:42:38,873 [INFO] Processed 1000 scores in batch 31.
2025-10-15 17:42:40,821 [INFO] Processed 1000 scores in batch 32.
2025-10-15 17:42:42,869 [INFO] Processed 1000 scores in batch 33.
2025-10-15 17:42:44,828 [INFO] Processed 1000 scores in batch 34.
2025-10-15 17:42:47,241 [INFO] Processed 1000 scores in batch 35.
2025-10-15 17:42:49,480 [INFO] Processed 1000 scores in batch 36.
2025-10-15 17:42:52,571 [INFO] Processed 1000 scores in batch 37.
2025-10-15 17:42:57,563 [INFO] Processed 1000 scores in batch 38.
2025-10-15 17:43:01,624 [INFO] Processed 1000 scores in batch 39.
2025-10-15 17:43:04,148 [INFO] Processed 1000 scores in batch 40.
2025-10-15 17:43:07,040 [INFO] Processed 1000 scores in batch 41.
2025-10-15 17:43:09,158 [INFO] Processed 1000 scores in batch 42.
2025-10-15 17:43:11,245 [INFO] Processed 1000 scores in batch 43.
2025-10-15 17:43:13,370 [INFO] Processed 1000 scores in batch 44.
2025-10-15 17:43:15,454 [INFO] Processed 1000 scores in batch 45.
2025-10-15 17:43:17,537 [INFO] Processed 1000 scores in batch 46.
2025-10-15 17:43:19,544 [INFO] Processed 1000 scores in batch 47.
2025-10-15 17:43:21,633 [INFO] Processed 1000 scores in batch 48.
2025-10-15 17:43:23,657 [INFO] Processed 1000 scores in batch 49.
2025-10-15 17:43:26,163 [INFO] Processed 1000 scores in batch 50.
2025-10-15 17:43:30,927 [INFO] Processed 1000 scores in batch 51.
2025-10-15 17:43:32,880 [INFO] Processed 1000 scores in batch 52.
2025-10-15 17:43:34,948 [INFO] Processed 1000 scores in batch 53.
2025-10-15 17:43:36,992 [INFO] Processed 1000 scores in batch 54.
2025-10-15 17:43:39,226 [INFO] Processed 1000 scores in batch 55.
2025-10-15 17:43:41,285 [INFO] Processed 1000 scores in batch 56.
2025-10-15 17:43:43,310 [INFO] Processed 1000 scores in batch 57.
2025-10-15 17:43:45,426 [INFO] Processed 1000 scores in batch 58.
2025-10-15 17:43:47,526 [INFO] Processed 1000 scores in batch 59.
2025-10-15 17:43:49,685 [INFO] Processed 1000 scores in batch 60.
2025-10-15 17:43:51,659 [INFO] Processed 1000 scores in batch 61.
2025-10-15 17:43:53,572 [INFO] Processed 1000 scores in batch 62.
2025-10-15 17:43:55,832 [INFO] Processed 1000 scores in batch 63.
2025-10-15 17:43:57,878 [INFO] Processed 1000 scores in batch 64.
2025-10-15 17:43:59,863 [INFO] Processed 1000 scores in batch 65.
2025-10-15 17:44:02,068 [INFO] Processed 1000 scores in batch 66.
2025-10-15 17:44:04,122 [INFO] Processed 1000 scores in batch 67.
2025-10-15 17:44:08,887 [INFO] Processed 1000 scores in batch 68.
2025-10-15 17:44:11,665 [INFO] Processed 1000 scores in batch 69.
2025-10-15 17:44:13,593 [INFO] Processed 1000 scores in batch 70.
2025-10-15 17:44:15,604 [INFO] Processed 1000 scores in batch 71.
2025-10-15 17:44:17,641 [INFO] Processed 1000 scores in batch 72.
2025-10-15 17:44:19,829 [INFO] Processed 1000 scores in batch 73.
2025-10-15 17:44:21,834 [INFO] Processed 1000 scores in batch 74.
2025-10-15 17:44:24,075 [INFO] Processed 1000 scores in batch 75.
2025-10-15 17:44:26,209 [INFO] Processed 1000 scores in batch 76.
2025-10-15 17:44:28,445 [INFO] Processed 1000 scores in batch 77.
2025-10-15 17:44:32,044 [INFO] Processed 1000 scores in batch 78.
2025-10-15 17:44:34,122 [INFO] Processed 1000 scores in batch 79.
2025-10-15 17:44:36,163 [INFO] Processed 1000 scores in batch 80.
2025-10-15 17:44:40,695 [INFO] Processed 1000 scores in batch 81.
2025-10-15 17:44:43,150 [INFO] Processed 1000 scores in batch 82.
2025-10-15 17:44:45,725 [INFO] Processed 1000 scores in batch 83.
2025-10-15 17:44:47,700 [INFO] Processed 1000 scores in batch 84.
2025-10-15 17:44:49,689 [INFO] Processed 1000 scores in batch 85.
2025-10-15 17:44:51,693 [INFO] Processed 1000 scores in batch 86.
2025-10-15 17:44:53,812 [INFO] Processed 1000 scores in batch 87.
2025-10-15 17:44:55,932 [INFO] Processed 1000 scores in batch 88.
2025-10-15 17:44:57,916 [INFO] Processed 1000 scores in batch 89.
2025-10-15 17:45:00,074 [INFO] Processed 1000 scores in batch 90.
2025-10-15 17:45:02,208 [INFO] Processed 1000 scores in batch 91.
2025-10-15 17:45:04,354 [INFO] Processed 1000 scores in batch 92.
2025-10-15 17:45:06,584 [INFO] Processed 1000 scores in batch 93.
2025-10-15 17:45:08,624 [INFO] Processed 1000 scores in batch 94.
2025-10-15 17:45:12,105 [INFO] Processed 1000 scores in batch 95.
2025-10-15 17:45:16,103 [INFO] Processed 1000 scores in batch 96.
2025-10-15 17:45:18,129 [INFO] Processed 1000 scores in batch 97.
2025-10-15 17:45:20,316 [INFO] Processed 1000 scores in batch 98.
2025-10-15 17:45:24,698 [INFO] Processed 1000 scores in batch 99.
2025-10-15 17:45:26,825 [INFO] Processed 1000 scores in batch 100.
2025-10-15 17:45:28,917 [INFO] Processed 1000 scores in batch 101.
2025-10-15 17:45:30,939 [INFO] Processed 1000 scores in batch 102.
2025-10-15 17:45:33,159 [INFO] Processed 1000 scores in batch 103.
2025-10-15 17:45:35,295 [INFO] Processed 1000 scores in batch 104.
2025-10-15 17:45:37,307 [INFO] Processed 1000 scores in batch 105.
2025-10-15 17:45:39,333 [INFO] Processed 1000 scores in batch 106.
2025-10-15 17:45:41,436 [INFO] Processed 1000 scores in batch 107.
2025-10-15 17:45:43,530 [INFO] Processed 1000 scores in batch 108.
2025-10-15 17:45:46,925 [INFO] Processed 1000 scores in batch 109.
2025-10-15 17:45:50,125 [INFO] Processed 1000 scores in batch 110.
2025-10-15 17:45:52,192 [INFO] Processed 1000 scores in batch 111.
2025-10-15 17:45:54,375 [INFO] Processed 1000 scores in batch 112.
2025-10-15 17:45:56,480 [INFO] Processed 1000 scores in batch 113.
2025-10-15 17:45:58,576 [INFO] Processed 1000 scores in batch 114.
2025-10-15 17:46:00,681 [INFO] Processed 1000 scores in batch 115.
2025-10-15 17:46:02,675 [INFO] Processed 1000 scores in batch 116.
2025-10-15 17:46:04,580 [INFO] Processed 1000 scores in batch 117.
2025-10-15 17:46:06,448 [INFO] Processed 1000 scores in batch 118.
2025-10-15 17:46:08,435 [INFO] Processed 1000 scores in batch 119.
2025-10-15 17:46:10,694 [INFO] Processed 1000 scores in batch 120.
2025-10-15 17:46:12,691 [INFO] Processed 1000 scores in batch 121.
2025-10-15 17:46:14,648 [INFO] Processed 1000 scores in batch 122.
2025-10-15 17:46:16,886 [INFO] Processed 1000 scores in batch 123.
2025-10-15 17:46:21,771 [INFO] Processed 1000 scores in batch 124.
2025-10-15 17:46:24,493 [INFO] Processed 1000 scores in batch 125.
2025-10-15 17:46:26,445 [INFO] Processed 1000 scores in batch 126.
2025-10-15 17:46:28,298 [INFO] Processed 1000 scores in batch 127.
2025-10-15 17:46:30,180 [INFO] Processed 1000 scores in batch 128.
2025-10-15 17:46:32,217 [INFO] Processed 1000 scores in batch 129.
2025-10-15 17:46:34,205 [INFO] Processed 1000 scores in batch 130.
2025-10-15 17:46:36,541 [INFO] Processed 1000 scores in batch 131.
2025-10-15 17:46:40,905 [INFO] Processed 1000 scores in batch 132.
2025-10-15 17:46:43,020 [INFO] Processed 1000 scores in batch 133.
2025-10-15 17:46:44,882 [INFO] Processed 1000 scores in batch 134.
2025-10-15 17:46:46,978 [INFO] Processed 1000 scores in batch 135.
2025-10-15 17:46:48,984 [INFO] Processed 1000 scores in batch 136.
2025-10-15 17:46:50,836 [INFO] Processed 1000 scores in batch 137.
2025-10-15 17:46:54,509 [INFO] Processed 1000 scores in batch 138.
2025-10-15 17:46:57,379 [INFO] Processed 1000 scores in batch 139.
2025-10-15 17:46:59,431 [INFO] Processed 1000 scores in batch 140.
2025-10-15 17:47:01,495 [INFO] Processed 1000 scores in batch 141.
2025-10-15 17:47:03,502 [INFO] Processed 1000 scores in batch 142.
2025-10-15 17:47:05,342 [INFO] Processed 1000 scores in batch 143.
2025-10-15 17:47:07,346 [INFO] Processed 1000 scores in batch 144.
2025-10-15 17:47:09,171 [INFO] Processed 1000 scores in batch 145.
2025-10-15 17:47:11,158 [INFO] Processed 1000 scores in batch 146.
2025-10-15 17:47:13,114 [INFO] Processed 1000 scores in batch 147.
2025-10-15 17:47:15,081 [INFO] Processed 1000 scores in batch 148.
2025-10-15 17:47:17,126 [INFO] Processed 1000 scores in batch 149.
2025-10-15 17:47:19,269 [INFO] Processed 1000 scores in batch 150.
2025-10-15 17:47:21,530 [INFO] Processed 1000 scores in batch 151.
2025-10-15 17:47:23,564 [INFO] Processed 1000 scores in batch 152.
2025-10-15 17:47:25,496 [INFO] Processed 1000 scores in batch 153.
2025-10-15 17:47:27,738 [INFO] Processed 1000 scores in batch 154.
2025-10-15 17:47:29,654 [INFO] Processed 1000 scores in batch 155.
2025-10-15 17:47:33,371 [INFO] Processed 1000 scores in batch 156.
2025-10-15 17:47:37,619 [INFO] Processed 1000 scores in batch 157.
2025-10-15 17:47:39,918 [INFO] Processed 1000 scores in batch 158.
2025-10-15 17:47:41,917 [INFO] Processed 1000 scores in batch 159.
2025-10-15 17:47:43,886 [INFO] Processed 1000 scores in batch 160.
2025-10-15 17:47:45,783 [INFO] Processed 1000 scores in batch 161.
2025-10-15 17:47:47,667 [INFO] Processed 1000 scores in batch 162.
2025-10-15 17:47:49,541 [INFO] Processed 1000 scores in batch 163.
2025-10-15 17:47:51,423 [INFO] Processed 1000 scores in batch 164.
2025-10-15 17:47:53,573 [INFO] Processed 1000 scores in batch 165.
2025-10-15 17:47:55,484 [INFO] Processed 1000 scores in batch 166.
2025-10-15 17:47:57,359 [INFO] Processed 1000 scores in batch 167.
2025-10-15 17:47:59,480 [INFO] Processed 1000 scores in batch 168.
2025-10-15 17:48:01,395 [INFO] Processed 1000 scores in batch 169.
2025-10-15 17:48:03,300 [INFO] Processed 1000 scores in batch 170.
2025-10-15 17:48:05,206 [INFO] Processed 1000 scores in batch 171.
2025-10-15 17:48:07,110 [INFO] Processed 1000 scores in batch 172.
2025-10-15 17:48:09,251 [INFO] Processed 1000 scores in batch 173.
2025-10-15 17:48:12,077 [INFO] Processed 1000 scores in batch 174.
2025-10-15 17:48:16,733 [INFO] Processed 1000 scores in batch 175.
2025-10-15 17:48:18,920 [INFO] Processed 1000 scores in batch 176.
2025-10-15 17:48:20,808 [INFO] Processed 1000 scores in batch 177.
2025-10-15 17:48:22,744 [INFO] Processed 1000 scores in batch 178.
2025-10-15 17:48:24,688 [INFO] Processed 1000 scores in batch 179.
2025-10-15 17:48:26,634 [INFO] Processed 1000 scores in batch 180.
2025-10-15 17:48:28,667 [INFO] Processed 1000 scores in batch 181.
2025-10-15 17:48:30,593 [INFO] Processed 1000 scores in batch 182.
2025-10-15 17:48:32,729 [INFO] Processed 1000 scores in batch 183.
2025-10-15 17:48:34,822 [INFO] Processed 1000 scores in batch 184.
2025-10-15 17:48:36,885 [INFO] Processed 1000 scores in batch 185.
2025-10-15 17:48:38,809 [INFO] Processed 1000 scores in batch 186.
2025-10-15 17:48:43,934 [INFO] Processed 1000 scores in batch 187.
2025-10-15 17:48:46,147 [INFO] Processed 1000 scores in batch 188.
2025-10-15 17:48:48,527 [INFO] Processed 1000 scores in batch 189.
2025-10-15 17:48:50,857 [INFO] Processed 1000 scores in batch 190.
2025-10-15 17:48:53,150 [INFO] Processed 1000 scores in batch 191.
2025-10-15 17:48:55,369 [INFO] Processed 1000 scores in batch 192.
2025-10-15 17:48:57,327 [INFO] Processed 1000 scores in batch 193.
2025-10-15 17:48:59,288 [INFO] Processed 1000 scores in batch 194.
2025-10-15 17:49:01,147 [INFO] Processed 1000 scores in batch 195.
2025-10-15 17:49:03,182 [INFO] Processed 1000 scores in batch 196.
2025-10-15 17:49:05,100 [INFO] Processed 1000 scores in batch 197.
2025-10-15 17:49:06,906 [INFO] Processed 1000 scores in batch 198.
2025-10-15 17:49:08,964 [INFO] Processed 1000 scores in batch 199.
2025-10-15 17:49:10,969 [INFO] Processed 1000 scores in batch 200.
2025-10-15 17:49:12,888 [INFO] Processed 1000 scores in batch 201.
2025-10-15 17:49:14,953 [INFO] Processed 1000 scores in batch 202.
2025-10-15 17:49:16,859 [INFO] Processed 1000 scores in batch 203.
2025-10-15 17:49:18,701 [INFO] Processed 1000 scores in batch 204.
2025-10-15 17:49:20,671 [INFO] Processed 1000 scores in batch 205.
2025-10-15 17:49:22,686 [INFO] Processed 1000 scores in batch 206.
2025-10-15 17:49:24,744 [INFO] Processed 1000 scores in batch 207.
2025-10-15 17:49:27,965 [INFO] Processed 1000 scores in batch 208.
2025-10-15 17:49:32,146 [INFO] Processed 1000 scores in batch 209.
2025-10-15 17:49:34,102 [INFO] Processed 1000 scores in batch 210.
2025-10-15 17:49:36,085 [INFO] Processed 1000 scores in batch 211.
2025-10-15 17:49:38,121 [INFO] Processed 1000 scores in batch 212.
2025-10-15 17:49:40,228 [INFO] Processed 1000 scores in batch 213.
2025-10-15 17:49:42,119 [INFO] Processed 1000 scores in batch 214.
2025-10-15 17:49:44,005 [INFO] Processed 1000 scores in batch 215.
2025-10-15 17:49:45,926 [INFO] Processed 1000 scores in batch 216.
2025-10-15 17:49:47,795 [INFO] Processed 1000 scores in batch 217.
2025-10-15 17:49:49,853 [INFO] Processed 1000 scores in batch 218.
2025-10-15 17:49:51,748 [INFO] Processed 1000 scores in batch 219.
2025-10-15 17:49:53,899 [INFO] Processed 1000 scores in batch 220.
2025-10-15 17:49:55,836 [INFO] Processed 1000 scores in batch 221.
2025-10-15 17:50:00,240 [INFO] Processed 1000 scores in batch 222.
2025-10-15 17:50:03,042 [INFO] Processed 1000 scores in batch 223.
2025-10-15 17:50:04,895 [INFO] Processed 1000 scores in batch 224.
2025-10-15 17:50:06,812 [INFO] Processed 1000 scores in batch 225.
2025-10-15 17:50:08,898 [INFO] Processed 1000 scores in batch 226.
2025-10-15 17:50:10,911 [INFO] Processed 1000 scores in batch 227.
2025-10-15 17:50:12,847 [INFO] Processed 1000 scores in batch 228.
2025-10-15 17:50:14,985 [INFO] Processed 1000 scores in batch 229.
2025-10-15 17:50:17,746 [INFO] Processed 1000 scores in batch 230.
2025-10-15 17:50:19,635 [INFO] Processed 1000 scores in batch 231.
2025-10-15 17:50:21,468 [INFO] Processed 1000 scores in batch 232.
2025-10-15 17:50:23,408 [INFO] Processed 1000 scores in batch 233.
2025-10-15 17:50:25,361 [INFO] Processed 1000 scores in batch 234.
2025-10-15 17:50:27,302 [INFO] Processed 1000 scores in batch 235.
2025-10-15 17:50:29,309 [INFO] Processed 1000 scores in batch 236.
2025-10-15 17:50:33,152 [INFO] Processed 1000 scores in batch 237.
2025-10-15 17:50:36,551 [INFO] Processed 1000 scores in batch 238.
2025-10-15 17:50:38,574 [INFO] Processed 1000 scores in batch 239.
2025-10-15 17:50:40,449 [INFO] Processed 1000 scores in batch 240.
2025-10-15 17:50:42,318 [INFO] Processed 1000 scores in batch 241.
2025-10-15 17:50:44,230 [INFO] Processed 1000 scores in batch 242.
2025-10-15 17:50:48,917 [INFO] Processed 1000 scores in batch 243.
2025-10-15 17:50:51,048 [INFO] Processed 1000 scores in batch 244.
2025-10-15 17:50:53,042 [INFO] Processed 1000 scores in batch 245.
2025-10-15 17:50:55,114 [INFO] Processed 1000 scores in batch 246.
2025-10-15 17:50:57,092 [INFO] Processed 1000 scores in batch 247.
2025-10-15 17:50:59,033 [INFO] Processed 1000 scores in batch 248.
2025-10-15 17:51:01,047 [INFO] Processed 1000 scores in batch 249.
2025-10-15 17:51:03,090 [INFO] Processed 1000 scores in batch 250.
2025-10-15 17:51:04,983 [INFO] Processed 1000 scores in batch 251.
2025-10-15 17:51:06,853 [INFO] Processed 1000 scores in batch 252.
2025-10-15 17:51:08,798 [INFO] Processed 1000 scores in batch 253.
2025-10-15 17:51:10,887 [INFO] Processed 1000 scores in batch 254.
2025-10-15 17:51:12,942 [INFO] Processed 1000 scores in batch 255.
2025-10-15 17:51:14,803 [INFO] Processed 1000 scores in batch 256.
2025-10-15 17:51:16,599 [INFO] Processed 1000 scores in batch 257.
2025-10-15 17:51:20,746 [INFO] Processed 1000 scores in batch 258.
2025-10-15 17:51:22,659 [INFO] Processed 1000 scores in batch 259.
2025-10-15 17:51:24,541 [INFO] Processed 1000 scores in batch 260.
2025-10-15 17:51:26,391 [INFO] Processed 1000 scores in batch 261.
2025-10-15 17:51:28,213 [INFO] Processed 1000 scores in batch 262.
2025-10-15 17:51:30,049 [INFO] Processed 1000 scores in batch 263.
2025-10-15 17:51:31,996 [INFO] Processed 1000 scores in batch 264.
2025-10-15 17:51:36,853 [INFO] Processed 1000 scores in batch 265.
2025-10-15 17:51:39,674 [INFO] Processed 1000 scores in batch 266.
2025-10-15 17:51:41,598 [INFO] Processed 1000 scores in batch 267.
2025-10-15 17:51:43,652 [INFO] Processed 1000 scores in batch 268.
2025-10-15 17:51:45,484 [INFO] Processed 1000 scores in batch 269.
2025-10-15 17:51:47,442 [INFO] Processed 1000 scores in batch 270.
2025-10-15 17:51:49,328 [INFO] Processed 1000 scores in batch 271.
2025-10-15 17:51:51,287 [INFO] Processed 1000 scores in batch 272.
2025-10-15 17:51:53,171 [INFO] Processed 1000 scores in batch 273.
2025-10-15 17:51:55,017 [INFO] Processed 1000 scores in batch 274.
2025-10-15 17:51:56,863 [INFO] Processed 1000 scores in batch 275.
2025-10-15 17:51:58,767 [INFO] Processed 1000 scores in batch 276.
2025-10-15 17:52:00,764 [INFO] Processed 1000 scores in batch 277.
2025-10-15 17:52:02,652 [INFO] Processed 1000 scores in batch 278.
2025-10-15 17:52:04,711 [INFO] Processed 1000 scores in batch 279.
2025-10-15 17:52:08,195 [INFO] Processed 1000 scores in batch 280.
2025-10-15 17:52:12,400 [INFO] Processed 1000 scores in batch 281.
2025-10-15 17:52:14,229 [INFO] Processed 1000 scores in batch 282.
2025-10-15 17:52:16,156 [INFO] Processed 1000 scores in batch 283.
2025-10-15 17:52:18,184 [INFO] Processed 1000 scores in batch 284.
2025-10-15 17:52:20,216 [INFO] Processed 1000 scores in batch 285.
2025-10-15 17:52:22,155 [INFO] Processed 1000 scores in batch 286.
2025-10-15 17:52:24,133 [INFO] Processed 1000 scores in batch 287.
2025-10-15 17:52:28,176 [INFO] Processed 1000 scores in batch 288.
2025-10-15 17:52:30,369 [INFO] Processed 1000 scores in batch 289.
2025-10-15 17:52:32,176 [INFO] Processed 1000 scores in batch 290.
2025-10-15 17:52:34,121 [INFO] Processed 1000 scores in batch 291.
2025-10-15 17:52:36,028 [INFO] Processed 1000 scores in batch 292.
2025-10-15 17:52:37,964 [INFO] Processed 1000 scores in batch 293.
2025-10-15 17:52:39,920 [INFO] Processed 1000 scores in batch 294.
2025-10-15 17:52:41,891 [INFO] Processed 1000 scores in batch 295.
2025-10-15 17:52:43,872 [INFO] Processed 1000 scores in batch 296.
2025-10-15 17:52:45,860 [INFO] Processed 1000 scores in batch 297.
2025-10-15 17:52:47,710 [INFO] Processed 1000 scores in batch 298.
2025-10-15 17:52:49,620 [INFO] Processed 1000 scores in batch 299.
2025-10-15 17:52:51,542 [INFO] Processed 1000 scores in batch 300.
2025-10-15 17:52:53,526 [INFO] Processed 1000 scores in batch 301.
2025-10-15 17:52:58,538 [INFO] Processed 1000 scores in batch 302.
2025-10-15 17:53:01,892 [INFO] Processed 1000 scores in batch 303.
2025-10-15 17:53:03,871 [INFO] Processed 1000 scores in batch 304.
2025-10-15 17:53:05,901 [INFO] Processed 1000 scores in batch 305.
2025-10-15 17:53:07,843 [INFO] Processed 1000 scores in batch 306.
2025-10-15 17:53:09,661 [INFO] Processed 1000 scores in batch 307.
2025-10-15 17:53:11,696 [INFO] Processed 1000 scores in batch 308.
2025-10-15 17:53:13,788 [INFO] Processed 1000 scores in batch 309.
2025-10-15 17:53:15,820 [INFO] Processed 1000 scores in batch 310.
2025-10-15 17:53:17,738 [INFO] Processed 1000 scores in batch 311.
2025-10-15 17:53:19,565 [INFO] Processed 1000 scores in batch 312.
2025-10-15 17:53:21,591 [INFO] Processed 1000 scores in batch 313.
2025-10-15 17:53:23,500 [INFO] Processed 1000 scores in batch 314.
2025-10-15 17:53:25,332 [INFO] Processed 1000 scores in batch 315.
2025-10-15 17:53:27,818 [INFO] Processed 1000 scores in batch 316.
2025-10-15 17:53:29,904 [INFO] Processed 1000 scores in batch 317.
2025-10-15 17:53:32,245 [INFO] Processed 1000 scores in batch 318.
2025-10-15 17:53:34,382 [INFO] Processed 1000 scores in batch 319.
2025-10-15 17:53:39,070 [INFO] Processed 1000 scores in batch 320.
2025-10-15 17:53:42,606 [INFO] Processed 1000 scores in batch 321.
2025-10-15 17:53:44,567 [INFO] Processed 1000 scores in batch 322.
2025-10-15 17:53:46,364 [INFO] Processed 1000 scores in batch 323.
2025-10-15 17:53:48,279 [INFO] Processed 1000 scores in batch 324.
2025-10-15 17:53:50,261 [INFO] Processed 1000 scores in batch 325.
2025-10-15 17:53:52,187 [INFO] Processed 1000 scores in batch 326.
2025-10-15 17:53:54,058 [INFO] Processed 1000 scores in batch 327.
2025-10-15 17:53:55,909 [INFO] Processed 1000 scores in batch 328.
2025-10-15 17:53:57,930 [INFO] Processed 1000 scores in batch 329.
2025-10-15 17:54:00,473 [INFO] Processed 1000 scores in batch 330.
2025-10-15 17:54:02,674 [INFO] Processed 1000 scores in batch 331.
2025-10-15 17:54:04,783 [INFO] Processed 1000 scores in batch 332.
2025-10-15 17:54:06,784 [INFO] Processed 1000 scores in batch 333.
2025-10-15 17:54:09,225 [INFO] Processed 1000 scores in batch 334.
2025-10-15 17:54:13,920 [INFO] Processed 1000 scores in batch 335.
2025-10-15 17:54:16,064 [INFO] Processed 1000 scores in batch 336.
2025-10-15 17:54:18,006 [INFO] Processed 1000 scores in batch 337.
2025-10-15 17:54:19,918 [INFO] Processed 1000 scores in batch 338.
2025-10-15 17:54:21,875 [INFO] Processed 1000 scores in batch 339.
2025-10-15 17:54:24,074 [INFO] Processed 1000 scores in batch 340.
2025-10-15 17:54:26,016 [INFO] Processed 1000 scores in batch 341.
2025-10-15 17:54:27,959 [INFO] Processed 1000 scores in batch 342.
2025-10-15 17:54:30,605 [INFO] Processed 1000 scores in batch 343.
2025-10-15 17:54:32,869 [INFO] Processed 1000 scores in batch 344.
2025-10-15 17:54:35,823 [INFO] Processed 1000 scores in batch 345.
2025-10-15 17:54:40,063 [INFO] Processed 1000 scores in batch 346.
2025-10-15 17:54:42,166 [INFO] Processed 1000 scores in batch 347.
2025-10-15 17:54:44,295 [INFO] Processed 1000 scores in batch 348.
2025-10-15 17:54:46,259 [INFO] Processed 1000 scores in batch 349.
2025-10-15 17:54:48,288 [INFO] Processed 1000 scores in batch 350.
2025-10-15 17:54:50,275 [INFO] Processed 1000 scores in batch 351.
2025-10-15 17:54:52,325 [INFO] Processed 1000 scores in batch 352.
2025-10-15 17:54:54,703 [INFO] Processed 1000 scores in batch 353.
2025-10-15 17:54:56,760 [INFO] Processed 1000 scores in batch 354.
2025-10-15 17:54:58,772 [INFO] Processed 1000 scores in batch 355.
2025-10-15 17:55:00,685 [INFO] Processed 1000 scores in batch 356.
2025-10-15 17:55:04,053 [INFO] Processed 1000 scores in batch 357.
2025-10-15 17:55:07,006 [INFO] Processed 1000 scores in batch 358.
2025-10-15 17:55:09,172 [INFO] Processed 1000 scores in batch 359.
2025-10-15 17:55:11,055 [INFO] Processed 1000 scores in batch 360.
2025-10-15 17:55:12,969 [INFO] Processed 1000 scores in batch 361.
2025-10-15 17:55:15,005 [INFO] Processed 1000 scores in batch 362.
2025-10-15 17:55:17,187 [INFO] Processed 1000 scores in batch 363.
2025-10-15 17:55:19,104 [INFO] Processed 1000 scores in batch 364.
2025-10-15 17:55:21,188 [INFO] Processed 1000 scores in batch 365.
2025-10-15 17:55:23,154 [INFO] Processed 1000 scores in batch 366.
2025-10-15 17:55:25,155 [INFO] Processed 1000 scores in batch 367.
2025-10-15 17:55:27,269 [INFO] Processed 1000 scores in batch 368.
2025-10-15 17:55:29,263 [INFO] Processed 1000 scores in batch 369.
2025-10-15 17:55:31,269 [INFO] Processed 1000 scores in batch 370.
2025-10-15 17:55:33,511 [INFO] Processed 1000 scores in batch 371.
2025-10-15 17:55:35,840 [INFO] Processed 1000 scores in batch 372.
2025-10-15 17:55:37,776 [INFO] Processed 1000 scores in batch 373.
2025-10-15 17:55:39,804 [INFO] Processed 1000 scores in batch 374.
2025-10-15 17:55:41,693 [INFO] Processed 1000 scores in batch 375.
2025-10-15 17:55:45,130 [INFO] Processed 1000 scores in batch 376.
2025-10-15 17:55:49,137 [INFO] Processed 1000 scores in batch 377.
2025-10-15 17:55:51,146 [INFO] Processed 1000 scores in batch 378.
2025-10-15 17:55:53,145 [INFO] Processed 1000 scores in batch 379.
2025-10-15 17:55:55,189 [INFO] Processed 1000 scores in batch 380.
2025-10-15 17:55:57,100 [INFO] Processed 1000 scores in batch 381.
2025-10-15 17:55:59,103 [INFO] Processed 1000 scores in batch 382.
2025-10-15 17:56:01,218 [INFO] Processed 1000 scores in batch 383.
2025-10-15 17:56:02,992 [INFO] Processed 1000 scores in batch 384.
2025-10-15 17:56:04,910 [INFO] Processed 1000 scores in batch 385.
2025-10-15 17:56:07,497 [INFO] Processed 1000 scores in batch 386.
2025-10-15 17:56:11,642 [INFO] Processed 1000 scores in batch 387.
2025-10-15 17:56:14,048 [INFO] Processed 1000 scores in batch 388.
2025-10-15 17:56:16,186 [INFO] Processed 1000 scores in batch 389.
2025-10-15 17:56:20,654 [INFO] Processed 1000 scores in batch 390.
2025-10-15 17:56:22,890 [INFO] Processed 1000 scores in batch 391.
2025-10-15 17:56:24,897 [INFO] Processed 1000 scores in batch 392.
2025-10-15 17:56:27,272 [INFO] Processed 1000 scores in batch 393.
2025-10-15 17:56:29,209 [INFO] Processed 1000 scores in batch 394.
2025-10-15 17:56:31,234 [INFO] Processed 1000 scores in batch 395.
2025-10-15 17:56:33,203 [INFO] Processed 1000 scores in batch 396.
2025-10-15 17:56:35,295 [INFO] Processed 1000 scores in batch 397.
2025-10-15 17:56:37,221 [INFO] Processed 1000 scores in batch 398.
2025-10-15 17:56:39,135 [INFO] Processed 1000 scores in batch 399.
2025-10-15 17:56:41,153 [INFO] Processed 1000 scores in batch 400.
2025-10-15 17:56:43,148 [INFO] Processed 1000 scores in batch 401.
2025-10-15 17:56:45,406 [INFO] Processed 1000 scores in batch 402.
2025-10-15 17:56:47,410 [INFO] Processed 1000 scores in batch 403.
2025-10-15 17:56:49,347 [INFO] Processed 1000 scores in batch 404.
2025-10-15 17:56:51,457 [INFO] Processed 1000 scores in batch 405.
2025-10-15 17:56:53,786 [INFO] Processed 1000 scores in batch 406.
2025-10-15 17:56:58,518 [INFO] Processed 1000 scores in batch 407.
2025-10-15 17:57:01,765 [INFO] Processed 1000 scores in batch 408.
2025-10-15 17:57:03,641 [INFO] Processed 1000 scores in batch 409.
2025-10-15 17:57:05,627 [INFO] Processed 1000 scores in batch 410.
2025-10-15 17:57:07,628 [INFO] Processed 1000 scores in batch 411.
2025-10-15 17:57:09,784 [INFO] Processed 1000 scores in batch 412.
2025-10-15 17:57:11,920 [INFO] Processed 1000 scores in batch 413.
2025-10-15 17:57:13,959 [INFO] Processed 1000 scores in batch 414.
2025-10-15 17:57:16,096 [INFO] Processed 1000 scores in batch 415.
2025-10-15 17:57:18,132 [INFO] Processed 1000 scores in batch 416.
2025-10-15 17:57:20,224 [INFO] Processed 1000 scores in batch 417.
2025-10-15 17:57:22,596 [INFO] Processed 1000 scores in batch 418.
2025-10-15 17:57:24,774 [INFO] Processed 1000 scores in batch 419.
2025-10-15 17:57:27,185 [INFO] Processed 1000 scores in batch 420.
2025-10-15 17:57:31,145 [INFO] Processed 1000 scores in batch 421.
2025-10-15 17:57:34,944 [INFO] Processed 1000 scores in batch 422.
2025-10-15 17:57:37,406 [INFO] Processed 1000 scores in batch 423.
2025-10-15 17:57:39,868 [INFO] Processed 1000 scores in batch 424.
2025-10-15 17:57:42,141 [INFO] Processed 1000 scores in batch 425.
2025-10-15 17:57:44,486 [INFO] Processed 1000 scores in batch 426.
2025-10-15 17:57:46,892 [INFO] Processed 1000 scores in batch 427.
2025-10-15 17:57:49,197 [INFO] Processed 1000 scores in batch 428.
2025-10-15 17:57:51,562 [INFO] Processed 1000 scores in batch 429.
2025-10-15 17:57:53,992 [INFO] Processed 1000 scores in batch 430.
2025-10-15 17:57:56,276 [INFO] Processed 1000 scores in batch 431.
2025-10-15 17:57:58,334 [INFO] Processed 1000 scores in batch 432.
2025-10-15 17:58:00,504 [INFO] Processed 1000 scores in batch 433.
2025-10-15 17:58:02,552 [INFO] Processed 1000 scores in batch 434.
2025-10-15 17:58:04,696 [INFO] Processed 1000 scores in batch 435.
2025-10-15 17:58:06,754 [INFO] Processed 1000 scores in batch 436.
2025-10-15 17:58:12,451 [INFO] Processed 1000 scores in batch 437.
2025-10-15 17:58:14,424 [INFO] Processed 1000 scores in batch 438.
2025-10-15 17:58:16,394 [INFO] Processed 1000 scores in batch 439.
2025-10-15 17:58:18,660 [INFO] Processed 1000 scores in batch 440.
2025-10-15 17:58:20,654 [INFO] Processed 1000 scores in batch 441.
2025-10-15 17:58:22,606 [INFO] Processed 1000 scores in batch 442.
2025-10-15 17:58:24,631 [INFO] Processed 1000 scores in batch 443.
2025-10-15 17:58:26,575 [INFO] Processed 1000 scores in batch 444.
2025-10-15 17:58:28,454 [INFO] Processed 1000 scores in batch 445.
2025-10-15 17:58:30,317 [INFO] Processed 1000 scores in batch 446.
2025-10-15 17:58:32,498 [INFO] Processed 1000 scores in batch 447.
2025-10-15 17:58:34,597 [INFO] Processed 1000 scores in batch 448.
2025-10-15 17:58:36,555 [INFO] Processed 1000 scores in batch 449.
2025-10-15 17:58:38,662 [INFO] Processed 1000 scores in batch 450.
2025-10-15 17:58:41,019 [INFO] Processed 1000 scores in batch 451.
2025-10-15 17:58:46,468 [INFO] Processed 1000 scores in batch 452.
2025-10-15 17:58:48,784 [INFO] Processed 1000 scores in batch 453.
2025-10-15 17:58:50,763 [INFO] Processed 1000 scores in batch 454.
2025-10-15 17:58:52,816 [INFO] Processed 1000 scores in batch 455.
2025-10-15 17:58:54,800 [INFO] Processed 1000 scores in batch 456.
2025-10-15 17:58:56,810 [INFO] Processed 1000 scores in batch 457.
2025-10-15 17:58:58,868 [INFO] Processed 1000 scores in batch 458.
2025-10-15 17:59:00,867 [INFO] Processed 1000 scores in batch 459.
2025-10-15 17:59:02,889 [INFO] Processed 1000 scores in batch 460.
2025-10-15 17:59:04,976 [INFO] Processed 1000 scores in batch 461.
2025-10-15 17:59:06,927 [INFO] Processed 1000 scores in batch 462.
2025-10-15 17:59:08,841 [INFO] Processed 1000 scores in batch 463.
2025-10-15 17:59:10,764 [INFO] Processed 1000 scores in batch 464.
2025-10-15 17:59:12,720 [INFO] Processed 1000 scores in batch 465.
2025-10-15 17:59:14,669 [INFO] Processed 1000 scores in batch 466.
2025-10-15 17:59:16,641 [INFO] Processed 1000 scores in batch 467.
2025-10-15 17:59:18,616 [INFO] Processed 1000 scores in batch 468.
2025-10-15 17:59:20,646 [INFO] Processed 1000 scores in batch 469.
2025-10-15 17:59:26,108 [INFO] Processed 1000 scores in batch 470.
2025-10-15 17:59:28,641 [INFO] Processed 1000 scores in batch 471.
2025-10-15 17:59:30,615 [INFO] Processed 1000 scores in batch 472.
2025-10-15 17:59:32,577 [INFO] Processed 1000 scores in batch 473.
2025-10-15 17:59:34,607 [INFO] Processed 1000 scores in batch 474.
2025-10-15 17:59:36,557 [INFO] Processed 1000 scores in batch 475.
2025-10-15 17:59:38,566 [INFO] Processed 1000 scores in batch 476.
2025-10-15 17:59:40,725 [INFO] Processed 1000 scores in batch 477.
2025-10-15 17:59:42,618 [INFO] Processed 1000 scores in batch 478.
2025-10-15 17:59:44,720 [INFO] Processed 1000 scores in batch 479.
2025-10-15 17:59:46,705 [INFO] Processed 1000 scores in batch 480.
2025-10-15 17:59:48,717 [INFO] Processed 1000 scores in batch 481.
2025-10-15 17:59:50,727 [INFO] Processed 1000 scores in batch 482.
2025-10-15 17:59:52,861 [INFO] Processed 1000 scores in batch 483.
2025-10-15 17:59:55,686 [INFO] Processed 1000 scores in batch 484.
2025-10-15 18:00:00,661 [INFO] Processed 1000 scores in batch 485.
2025-10-15 18:00:02,879 [INFO] Processed 1000 scores in batch 486.
2025-10-15 18:00:05,148 [INFO] Processed 1000 scores in batch 487.
2025-10-15 18:00:07,361 [INFO] Processed 1000 scores in batch 488.
2025-10-15 18:00:11,828 [INFO] Processed 1000 scores in batch 489.
2025-10-15 18:00:14,098 [INFO] Processed 1000 scores in batch 490.
2025-10-15 18:00:16,305 [INFO] Processed 1000 scores in batch 491.
2025-10-15 18:00:18,379 [INFO] Processed 1000 scores in batch 492.
2025-10-15 18:00:20,646 [INFO] Processed 1000 scores in batch 493.
2025-10-15 18:00:22,870 [INFO] Processed 1000 scores in batch 494.
2025-10-15 18:00:24,884 [INFO] Processed 1000 scores in batch 495.
2025-10-15 18:00:26,893 [INFO] Processed 1000 scores in batch 496.
2025-10-15 18:00:28,946 [INFO] Processed 1000 scores in batch 497.
2025-10-15 18:00:30,873 [INFO] Processed 1000 scores in batch 498.
2025-10-15 18:48:22,769 [INFO] Initializing OsuDataFetcher...
2025-10-15 18:48:22,776 [INFO] Found 'config.txt'. Reading configuration...
2025-10-15 18:48:22,776 [INFO] Reading configuration file...
2025-10-15 18:52:51,212 [INFO] Executing routine 5...
2025-10-15 18:52:51,213 [INFO] Fetching recent scores...
2025-10-15 18:52:52,344 [INFO] Processed 1000 scores in batch 1.
2025-10-15 18:52:55,326 [INFO] Processed 1000 scores in batch 2.
2025-10-15 18:52:57,748 [INFO] Processed 1000 scores in batch 3.
2025-10-15 18:53:00,320 [INFO] Processed 1000 scores in batch 4.
2025-10-15 18:53:02,526 [INFO] Processed 1000 scores in batch 5.
2025-10-15 18:53:04,875 [INFO] Processed 1000 scores in batch 6.
2025-10-15 18:53:08,631 [INFO] Processed 1000 scores in batch 7.
2025-10-15 18:53:11,343 [INFO] Processed 1000 scores in batch 8.
2025-10-15 18:53:13,560 [INFO] Processed 1000 scores in batch 9.
2025-10-15 18:53:15,762 [INFO] Processed 1000 scores in batch 10.
2025-10-15 18:53:18,211 [INFO] Processed 1000 scores in batch 11.
2025-10-15 18:53:20,506 [INFO] Processed 1000 scores in batch 12.
2025-10-15 18:53:22,752 [INFO] Processed 1000 scores in batch 13.
2025-10-15 18:53:26,813 [INFO] Processed 1000 scores in batch 14.
2025-10-15 18:53:29,220 [INFO] Processed 1000 scores in batch 15.
2025-10-15 18:53:31,407 [INFO] Processed 1000 scores in batch 16.
2025-10-15 18:53:33,473 [INFO] Processed 1000 scores in batch 17.
2025-10-15 18:53:35,647 [INFO] Processed 1000 scores in batch 18.
2025-10-15 18:53:37,877 [INFO] Processed 1000 scores in batch 19.
2025-10-15 18:53:39,985 [INFO] Processed 1000 scores in batch 20.
2025-10-15 18:53:42,068 [INFO] Processed 1000 scores in batch 21.
2025-10-15 18:53:45,835 [INFO] Processed 1000 scores in batch 22.
2025-10-15 18:53:48,982 [INFO] Processed 1000 scores in batch 23.
2025-10-15 18:53:51,021 [INFO] Processed 1000 scores in batch 24.
2025-10-15 18:53:53,255 [INFO] Processed 1000 scores in batch 25.
2025-10-15 18:53:55,420 [INFO] Processed 1000 scores in batch 26.
2025-10-15 18:53:57,612 [INFO] Processed 1000 scores in batch 27.
2025-10-15 18:53:59,799 [INFO] Processed 1000 scores in batch 28.
2025-10-15 18:54:01,861 [INFO] Processed 1000 scores in batch 29.
2025-10-15 18:54:03,962 [INFO] Processed 1000 scores in batch 30.
2025-10-15 18:54:06,755 [INFO] Processed 1000 scores in batch 31.
2025-10-15 18:54:11,024 [INFO] Processed 1000 scores in batch 32.
2025-10-15 18:54:13,194 [INFO] Processed 1000 scores in batch 33.
2025-10-15 18:54:15,540 [INFO] Processed 1000 scores in batch 34.
2025-10-15 18:54:17,878 [INFO] Processed 1000 scores in batch 35.
2025-10-15 18:54:19,955 [INFO] Processed 1000 scores in batch 36.
2025-10-15 18:54:22,238 [INFO] Processed 1000 scores in batch 37.
2025-10-15 18:54:27,089 [INFO] Processed 1000 scores in batch 38.
2025-10-15 18:54:30,013 [INFO] Processed 1000 scores in batch 39.
2025-10-15 18:54:32,199 [INFO] Processed 1000 scores in batch 40.
2025-10-15 18:54:34,622 [INFO] Processed 1000 scores in batch 41.
2025-10-15 18:54:37,262 [INFO] Processed 1000 scores in batch 42.
2025-10-15 18:54:39,572 [INFO] Processed 1000 scores in batch 43.
2025-10-15 18:54:42,055 [INFO] Processed 1000 scores in batch 44.
2025-10-15 18:54:46,874 [INFO] Processed 1000 scores in batch 45.
2025-10-15 18:54:49,862 [INFO] Processed 1000 scores in batch 46.
2025-10-15 18:54:52,279 [INFO] Processed 1000 scores in batch 47.
2025-10-15 18:54:54,441 [INFO] Processed 1000 scores in batch 48.
2025-10-15 18:54:56,480 [INFO] Processed 1000 scores in batch 49.
2025-10-15 18:54:58,565 [INFO] Processed 1000 scores in batch 50.
2025-10-15 18:55:00,774 [INFO] Processed 1000 scores in batch 51.
2025-10-15 18:55:02,835 [INFO] Processed 1000 scores in batch 52.
2025-10-15 18:55:04,977 [INFO] Processed 1000 scores in batch 53.
2025-10-15 18:55:07,121 [INFO] Processed 1000 scores in batch 54.
2025-10-15 18:55:09,261 [INFO] Processed 1000 scores in batch 55.
2025-10-15 18:55:11,478 [INFO] Processed 1000 scores in batch 56.
2025-10-15 18:55:13,497 [INFO] Processed 1000 scores in batch 57.
2025-10-15 18:55:18,925 [INFO] Processed 1000 scores in batch 58.
2025-10-15 18:55:21,405 [INFO] Processed 1000 scores in batch 59.
2025-10-15 18:55:23,825 [INFO] Processed 1000 scores in batch 60.
2025-10-15 18:55:26,338 [INFO] Processed 1000 scores in batch 61.
2025-10-15 18:55:29,088 [INFO] Processed 1000 scores in batch 62.
2025-10-15 18:55:32,937 [INFO] Processed 1000 scores in batch 63.
2025-10-15 18:55:35,389 [INFO] Processed 1000 scores in batch 64.
2025-10-15 18:55:38,328 [INFO] Processed 1000 scores in batch 65.
2025-10-15 18:58:25,769 [INFO] Initializing OsuDataFetcher...
2025-10-15 18:58:25,769 [INFO] Found 'config.txt'. Reading configuration...
2025-10-15 18:58:25,769 [INFO] Reading configuration file...
2025-10-15 18:58:33,480 [INFO] Executing routine 5...
2025-10-15 18:58:33,480 [INFO] Fetching recent scores...
2025-10-15 18:58:34,243 [INFO] Processed 1000 scores in batch 1.
2025-10-15 18:58:35,616 [INFO] Processed 1000 scores in batch 2.
2025-10-15 18:58:37,002 [INFO] Processed 1000 scores in batch 3.
2025-10-15 18:58:38,710 [INFO] Processed 1000 scores in batch 4.
2025-10-15 18:58:40,241 [INFO] Processed 1000 scores in batch 5.
2025-10-15 19:01:45,581 [INFO] Initializing OsuDataFetcher...
2025-10-15 19:01:45,581 [INFO] Found 'config.txt'. Reading configuration...
2025-10-15 19:01:45,581 [INFO] Reading configuration file...
2025-10-15 19:01:51,076 [INFO] Executing routine 5...
2025-10-15 19:01:51,076 [INFO] Fetching recent scores...
2025-10-15 19:01:52,799 [INFO] Processed 1000 scores in batch 1.
2025-10-15 19:01:54,035 [INFO] Processed 1000 scores in batch 2.
2025-10-15 19:01:55,582 [INFO] Processed 1000 scores in batch 3.
2025-10-15 19:01:56,840 [INFO] Processed 1000 scores in batch 4.
2025-10-15 19:02:00,103 [INFO] Processed 1000 scores in batch 5.
2025-10-15 19:02:05,078 [INFO] Processed 1000 scores in batch 6.
2025-10-15 19:02:08,316 [INFO] Processed 1000 scores in batch 7.
2025-10-15 19:02:10,654 [INFO] Processed 1000 scores in batch 8.
2025-10-15 19:02:12,940 [INFO] Processed 1000 scores in batch 9.
2025-10-15 19:02:15,076 [INFO] Processed 1000 scores in batch 10.
2025-10-15 19:02:17,402 [INFO] Processed 1000 scores in batch 11.
2025-10-15 19:02:19,646 [INFO] Processed 1000 scores in batch 12.
2025-10-15 19:02:25,309 [INFO] Processed 1000 scores in batch 13.
2025-10-15 19:02:27,966 [INFO] Processed 1000 scores in batch 14.
2025-10-15 19:02:30,111 [INFO] Processed 1000 scores in batch 15.
2025-10-15 19:02:32,172 [INFO] Processed 1000 scores in batch 16.
2025-10-15 19:02:34,293 [INFO] Processed 1000 scores in batch 17.
2025-10-15 19:02:36,470 [INFO] Processed 1000 scores in batch 18.
2025-10-15 19:02:39,486 [INFO] Processed 1000 scores in batch 19.
2025-10-15 19:02:44,861 [INFO] Processed 1000 scores in batch 20.
2025-10-15 19:02:47,025 [INFO] Processed 1000 scores in batch 21.
2025-10-15 19:02:49,263 [INFO] Processed 1000 scores in batch 22.
2025-10-15 19:02:51,399 [INFO] Processed 1000 scores in batch 23.
2025-10-15 19:02:56,646 [INFO] Processed 1000 scores in batch 24.
2025-10-15 19:02:58,748 [INFO] Processed 1000 scores in batch 25.
2025-10-15 19:03:00,963 [INFO] Processed 1000 scores in batch 26.
2025-10-15 19:03:03,104 [INFO] Processed 1000 scores in batch 27.
2025-10-15 19:03:05,322 [INFO] Processed 1000 scores in batch 28.
2025-10-15 19:03:10,813 [INFO] Processed 1000 scores in batch 29.
2025-10-15 19:03:13,756 [INFO] Processed 1000 scores in batch 30.
2025-10-15 19:03:15,916 [INFO] Processed 1000 scores in batch 31.
2025-10-15 19:03:17,960 [INFO] Processed 1000 scores in batch 32.
2025-10-15 19:03:20,230 [INFO] Processed 1000 scores in batch 33.
2025-10-15 19:03:22,998 [INFO] Processed 1000 scores in batch 34.
2025-10-15 19:03:25,286 [INFO] Processed 1000 scores in batch 35.
2025-10-15 19:03:27,429 [INFO] Processed 1000 scores in batch 36.
2025-10-15 19:03:29,590 [INFO] Processed 1000 scores in batch 37.
2025-10-15 19:03:31,721 [INFO] Processed 1000 scores in batch 38.
2025-10-15 19:03:33,811 [INFO] Processed 1000 scores in batch 39.
2025-10-15 19:03:35,846 [INFO] Processed 1000 scores in batch 40.
2025-10-15 19:03:38,022 [INFO] Processed 1000 scores in batch 41.
2025-10-15 19:03:43,791 [INFO] Processed 1000 scores in batch 42.
2025-10-15 19:03:45,854 [INFO] Processed 1000 scores in batch 43.
2025-10-15 19:03:48,200 [INFO] Processed 1000 scores in batch 44.
2025-10-15 19:03:52,659 [INFO] Processed 1000 scores in batch 45.
2025-10-15 19:03:54,817 [INFO] Processed 1000 scores in batch 46.
2025-10-15 19:03:57,367 [INFO] Processed 1000 scores in batch 47.
2025-10-15 19:04:00,114 [INFO] Processed 1000 scores in batch 48.
2025-10-15 19:04:02,597 [INFO] Processed 1000 scores in batch 49.
2025-10-15 19:04:05,280 [INFO] Processed 1000 scores in batch 50.
2025-10-15 19:04:07,496 [INFO] Processed 1000 scores in batch 51.
2025-10-15 19:04:10,050 [INFO] Processed 1000 scores in batch 52.
2025-10-15 19:04:12,573 [INFO] Processed 1000 scores in batch 53.
2025-10-15 19:04:15,005 [INFO] Processed 1000 scores in batch 54.
2025-10-15 19:04:17,502 [INFO] Processed 1000 scores in batch 55.
2025-10-15 19:04:20,890 [INFO] Processed 1000 scores in batch 56.
2025-10-15 19:04:25,486 [INFO] Processed 1000 scores in batch 57.
2025-10-15 19:04:27,822 [INFO] Processed 1000 scores in batch 58.
2025-10-15 19:04:30,265 [INFO] Processed 1000 scores in batch 59.
2025-10-15 19:04:32,595 [INFO] Processed 1000 scores in batch 60.
2025-10-15 19:04:34,796 [INFO] Processed 1000 scores in batch 61.
2025-10-15 19:04:36,939 [INFO] Processed 1000 scores in batch 62.
2025-10-15 19:04:39,234 [INFO] Processed 1000 scores in batch 63.
2025-10-15 19:04:41,404 [INFO] Processed 1000 scores in batch 64.
2025-10-15 19:04:45,139 [INFO] Processed 1000 scores in batch 65.
2025-10-15 19:04:50,136 [INFO] Processed 1000 scores in batch 66.
2025-10-15 19:04:52,335 [INFO] Processed 1000 scores in batch 67.
2025-10-15 19:04:54,489 [INFO] Processed 1000 scores in batch 68.
2025-10-15 19:04:56,564 [INFO] Processed 1000 scores in batch 69.
2025-10-15 19:04:58,585 [INFO] Processed 1000 scores in batch 70.
2025-10-15 19:05:00,710 [INFO] Processed 1000 scores in batch 71.
2025-10-15 19:05:02,710 [INFO] Processed 1000 scores in batch 72.
2025-10-15 19:05:04,737 [INFO] Processed 1000 scores in batch 73.
2025-10-15 19:05:10,009 [INFO] Processed 1000 scores in batch 74.
2025-10-15 19:05:14,664 [INFO] Processed 1000 scores in batch 75.
2025-10-15 19:05:16,945 [INFO] Processed 1000 scores in batch 76.
2025-10-15 19:05:19,173 [INFO] Processed 1000 scores in batch 77.
2025-10-15 19:05:21,197 [INFO] Processed 1000 scores in batch 78.
2025-10-15 19:05:23,415 [INFO] Processed 1000 scores in batch 79.
2025-10-15 19:05:25,591 [INFO] Processed 1000 scores in batch 80.
2025-10-15 19:05:27,810 [INFO] Processed 1000 scores in batch 81.
2025-10-15 19:05:30,739 [INFO] Processed 1000 scores in batch 82.
2025-10-15 19:05:35,614 [INFO] Processed 1000 scores in batch 83.
2025-10-15 19:05:37,728 [INFO] Processed 1000 scores in batch 84.
2025-10-15 19:05:39,942 [INFO] Processed 1000 scores in batch 85.
2025-10-15 19:05:42,216 [INFO] Processed 1000 scores in batch 86.
2025-10-15 19:05:44,294 [INFO] Processed 1000 scores in batch 87.
2025-10-15 19:05:46,332 [INFO] Processed 1000 scores in batch 88.
2025-10-15 19:05:50,007 [INFO] Processed 1000 scores in batch 89.
2025-10-15 19:05:54,108 [INFO] Processed 1000 scores in batch 90.
2025-10-15 19:05:56,119 [INFO] Processed 1000 scores in batch 91.
2025-10-15 19:05:58,117 [INFO] Processed 1000 scores in batch 92.
2025-10-15 19:06:00,306 [INFO] Processed 1000 scores in batch 93.
2025-10-15 19:06:04,424 [INFO] Processed 1000 scores in batch 94.
2025-10-15 19:06:06,524 [INFO] Processed 1000 scores in batch 95.
2025-10-15 19:06:09,054 [INFO] Processed 1000 scores in batch 96.
2025-10-15 19:06:11,029 [INFO] Processed 1000 scores in batch 97.
2025-10-15 19:06:13,191 [INFO] Processed 1000 scores in batch 98.
2025-10-15 19:06:15,524 [INFO] Processed 1000 scores in batch 99.
2025-10-15 19:06:20,159 [INFO] Processed 1000 scores in batch 100.
2025-10-15 19:06:22,202 [INFO] Processed 1000 scores in batch 101.
2025-10-15 19:06:24,414 [INFO] Processed 1000 scores in batch 102.
2025-10-15 19:06:26,442 [INFO] Processed 1000 scores in batch 103.
2025-10-15 19:06:28,546 [INFO] Processed 1000 scores in batch 104.
2025-10-15 19:06:30,690 [INFO] Processed 1000 scores in batch 105.
2025-10-15 19:06:32,841 [INFO] Processed 1000 scores in batch 106.
2025-10-15 19:06:35,222 [INFO] Processed 1000 scores in batch 107.
2025-10-15 19:06:41,273 [INFO] Processed 1000 scores in batch 108.
2025-10-15 19:06:43,901 [INFO] Processed 1000 scores in batch 109.
2025-10-15 19:06:46,167 [INFO] Processed 1000 scores in batch 110.
2025-10-15 19:06:48,436 [INFO] Processed 1000 scores in batch 111.
2025-10-15 19:06:50,625 [INFO] Processed 1000 scores in batch 112.
2025-10-15 19:06:54,859 [INFO] Processed 1000 scores in batch 113.
2025-10-15 19:06:57,053 [INFO] Processed 1000 scores in batch 114.
2025-10-15 19:06:59,116 [INFO] Processed 1000 scores in batch 115.
2025-10-15 19:07:01,304 [INFO] Processed 1000 scores in batch 116.
2025-10-15 19:07:03,383 [INFO] Processed 1000 scores in batch 117.
2025-10-15 19:07:12,989 [INFO] Initializing OsuDataFetcher...
2025-10-15 19:07:12,989 [INFO] Found 'config.txt'. Reading configuration...
2025-10-15 19:07:12,989 [INFO] Reading configuration file...
2025-10-15 19:07:19,858 [INFO] Executing routine 5...
2025-10-15 19:07:19,858 [INFO] Fetching recent scores...
2025-10-15 19:07:20,722 [INFO] Processed 1000 scores in batch 1.
2025-10-15 19:07:21,861 [INFO] Processed 1000 scores in batch 2.
2025-10-15 19:07:23,646 [INFO] Processed 1000 scores in batch 3.
2025-10-15 19:07:25,781 [INFO] Processed 1000 scores in batch 4.
2025-10-15 19:07:27,990 [INFO] Processed 1000 scores in batch 5.
2025-10-15 19:07:33,499 [INFO] Processed 1000 scores in batch 6.
2025-10-15 19:07:37,141 [INFO] Processed 1000 scores in batch 7.
2025-10-15 19:07:39,429 [INFO] Processed 1000 scores in batch 8.
2025-10-15 19:07:41,561 [INFO] Processed 1000 scores in batch 9.
2025-10-15 19:07:43,590 [INFO] Processed 1000 scores in batch 10.
2025-10-15 19:07:45,812 [INFO] Processed 1000 scores in batch 11.
2025-10-15 19:07:48,104 [INFO] Processed 1000 scores in batch 12.
2025-10-15 19:07:51,942 [INFO] Processed 1000 scores in batch 13.
2025-10-15 19:07:55,989 [INFO] Processed 1000 scores in batch 14.
2025-10-15 19:07:58,012 [INFO] Processed 1000 scores in batch 15.
2025-10-15 19:08:00,238 [INFO] Processed 1000 scores in batch 16.
2025-10-15 19:08:02,354 [INFO] Processed 1000 scores in batch 17.
2025-10-15 19:08:04,375 [INFO] Processed 1000 scores in batch 18.
2025-10-15 19:08:06,475 [INFO] Processed 1000 scores in batch 19.
2025-10-15 19:08:10,062 [INFO] Processed 1000 scores in batch 20.
2025-10-15 19:08:14,362 [INFO] Processed 1000 scores in batch 21.
2025-10-15 19:08:16,711 [INFO] Processed 1000 scores in batch 22.
2025-10-15 19:08:18,979 [INFO] Processed 1000 scores in batch 23.
2025-10-15 19:08:21,358 [INFO] Processed 1000 scores in batch 24.
2025-10-15 19:08:23,614 [INFO] Processed 1000 scores in batch 25.
2025-10-15 19:08:25,882 [INFO] Processed 1000 scores in batch 26.
2025-10-15 19:08:28,157 [INFO] Processed 1000 scores in batch 27.
2025-10-15 19:08:30,391 [INFO] Processed 1000 scores in batch 28.
2025-10-15 19:08:35,390 [INFO] Processed 1000 scores in batch 29.
2025-10-15 19:08:37,697 [INFO] Processed 1000 scores in batch 30.
2025-10-15 19:08:39,808 [INFO] Processed 1000 scores in batch 31.
2025-10-15 19:08:41,907 [INFO] Processed 1000 scores in batch 32.
2025-10-15 19:08:43,859 [INFO] Processed 1000 scores in batch 33.
2025-10-15 19:08:45,955 [INFO] Processed 1000 scores in batch 34.
2025-10-15 19:08:48,153 [INFO] Processed 1000 scores in batch 35.
2025-10-15 19:08:50,353 [INFO] Processed 1000 scores in batch 36.
2025-10-15 19:08:53,106 [INFO] Processed 1000 scores in batch 37.
2025-10-15 19:08:58,965 [INFO] Processed 1000 scores in batch 38.
2025-10-15 19:09:02,239 [INFO] Processed 1000 scores in batch 39.
2025-10-15 19:09:04,416 [INFO] Processed 1000 scores in batch 40.
2025-10-15 19:09:06,763 [INFO] Processed 1000 scores in batch 41.
2025-10-15 19:09:08,937 [INFO] Processed 1000 scores in batch 42.
2025-10-15 19:09:11,025 [INFO] Processed 1000 scores in batch 43.
2025-10-15 19:09:13,242 [INFO] Processed 1000 scores in batch 44.
2025-10-15 19:09:15,522 [INFO] Processed 1000 scores in batch 45.
2025-10-15 19:09:17,602 [INFO] Processed 1000 scores in batch 46.
2025-10-15 19:09:19,677 [INFO] Processed 1000 scores in batch 47.
2025-10-15 19:09:21,740 [INFO] Processed 1000 scores in batch 48.
2025-10-15 19:09:26,324 [INFO] Processed 1000 scores in batch 49.
2025-10-15 19:09:31,149 [INFO] Processed 1000 scores in batch 50.
2025-10-15 19:09:33,382 [INFO] Processed 1000 scores in batch 51.
2025-10-15 19:09:35,484 [INFO] Processed 1000 scores in batch 52.
2025-10-15 19:09:37,656 [INFO] Processed 1000 scores in batch 53.
2025-10-15 19:09:39,745 [INFO] Processed 1000 scores in batch 54.
2025-10-15 19:09:41,857 [INFO] Processed 1000 scores in batch 55.
2025-10-15 19:09:43,860 [INFO] Processed 1000 scores in batch 56.
2025-10-15 19:09:45,890 [INFO] Processed 1000 scores in batch 57.
2025-10-15 19:09:47,955 [INFO] Processed 1000 scores in batch 58.
2025-10-15 19:09:50,010 [INFO] Processed 1000 scores in batch 59.
2025-10-15 19:09:54,619 [INFO] Processed 1000 scores in batch 60.
2025-10-15 19:09:58,138 [INFO] Processed 1000 scores in batch 61.
2025-10-15 19:10:00,328 [INFO] Processed 1000 scores in batch 62.
2025-10-15 19:10:02,792 [INFO] Processed 1000 scores in batch 63.
2025-10-15 19:10:04,845 [INFO] Processed 1000 scores in batch 64.
2025-10-15 19:10:06,951 [INFO] Processed 1000 scores in batch 65.
2025-10-15 19:10:09,109 [INFO] Processed 1000 scores in batch 66.
2025-10-15 19:10:14,870 [INFO] Processed 1000 scores in batch 67.
2025-10-15 19:10:17,092 [INFO] Processed 1000 scores in batch 68.
2025-10-15 19:10:20,193 [INFO] Processed 1000 scores in batch 69.
2025-10-15 19:10:25,442 [INFO] Processed 1000 scores in batch 70.
2025-10-15 19:10:27,680 [INFO] Processed 1000 scores in batch 71.
2025-10-15 19:10:29,858 [INFO] Processed 1000 scores in batch 72.
2025-10-15 19:10:32,229 [INFO] Processed 1000 scores in batch 73.
2025-10-15 19:10:34,662 [INFO] Processed 1000 scores in batch 74.
2025-10-15 19:10:38,722 [INFO] Processed 1000 scores in batch 75.
2025-10-15 19:10:41,891 [INFO] Processed 1000 scores in batch 76.
2025-10-15 19:10:44,550 [INFO] Processed 1000 scores in batch 77.
2025-10-15 19:10:46,962 [INFO] Processed 1000 scores in batch 78.
2025-10-15 19:10:49,361 [INFO] Processed 1000 scores in batch 79.
2025-10-15 19:10:51,815 [INFO] Processed 1000 scores in batch 80.
2025-10-15 19:10:54,136 [INFO] Processed 1000 scores in batch 81.
2025-10-15 19:10:56,203 [INFO] Processed 1000 scores in batch 82.
2025-10-15 19:10:58,542 [INFO] Processed 1000 scores in batch 83.
2025-10-15 19:11:00,691 [INFO] Processed 1000 scores in batch 84.
2025-10-15 19:11:06,333 [INFO] Processed 1000 scores in batch 85.
2025-10-15 19:11:08,674 [INFO] Processed 1000 scores in batch 86.
2025-10-15 19:11:10,830 [INFO] Processed 1000 scores in batch 87.
2025-10-15 19:11:13,584 [INFO] Processed 1000 scores in batch 88.
2025-10-15 19:11:16,297 [INFO] Processed 1000 scores in batch 89.
2025-10-15 20:14:59,336 [INFO] Initializing OsuDataFetcher...
2025-10-15 20:14:59,337 [INFO] Found 'config.txt'. Reading configuration...
2025-10-15 20:14:59,337 [INFO] Reading configuration file...
2025-10-15 22:03:05,141 [INFO] Initializing OsuDataFetcher...
2025-10-15 22:03:05,142 [INFO] Found 'config.txt'. Reading configuration...
2025-10-15 22:03:05,142 [INFO] Reading configuration file...
2025-10-15 22:03:30,708 [INFO] Executing routine 0...
2025-10-15 22:03:30,708 [INFO] Fetching beatmaps...
2025-10-15 22:03:31,343 [INFO] Processed batch 5350170-5350219 with 42 beatmaps.
2025-10-15 22:03:31,908 [INFO] Processed batch 5350220-5350269 with 42 beatmaps.
2025-10-15 22:03:32,395 [INFO] Processed batch 5350270-5350319 with 13 beatmaps.
2025-10-15 22:03:32,797 [INFO] Processed batch 5350320-5350369 with 0 beatmaps.
2025-10-15 22:03:32,797 [INFO] Fetching users...
2025-10-15 22:03:33,430 [INFO] Processed batch 38597382-38597431 with 49 users.
2025-10-15 22:03:34,416 [INFO] Processed batch 38597432-38597481 with 48 users.
2025-10-15 22:03:34,861 [INFO] Processed batch 38597482-38597531 with 50 users.
2025-10-15 22:03:35,341 [INFO] Processed batch 38597532-38597581 with 50 users.
2025-10-15 22:03:35,800 [INFO] Processed batch 38597582-38597631 with 49 users.
2025-10-15 22:03:36,300 [INFO] Processed batch 38597632-38597681 with 49 users.
2025-10-15 22:03:36,751 [INFO] Processed batch 38597682-38597731 with 50 users.
2025-10-15 22:03:37,216 [INFO] Processed batch 38597732-38597781 with 50 users.
2025-10-15 22:03:37,698 [INFO] Processed batch 38597782-38597831 with 49 users.
2025-10-15 22:03:38,171 [INFO] Processed batch 38597832-38597881 with 49 users.
2025-10-15 22:03:38,635 [INFO] Processed batch 38597882-38597931 with 49 users.
2025-10-15 22:03:39,874 [INFO] Processed batch 38597932-38597981 with 50 users.
2025-10-15 22:03:40,469 [INFO] Processed batch 38597982-38598031 with 50 users.
2025-10-15 22:03:40,912 [INFO] Processed batch 38598032-38598081 with 17 users.
2025-10-15 22:03:40,913 [INFO] Fetching recent scores...
2025-10-15 22:03:42,574 [INFO] Processed 1000 scores in batch 1.
2025-10-15 22:03:46,822 [INFO] Processed 1000 scores in batch 2.
2025-10-15 22:03:51,847 [INFO] Processed 1000 scores in batch 3.
2025-10-15 22:03:54,751 [INFO] Processed 1000 scores in batch 4.
2025-10-15 22:03:57,303 [INFO] Processed 1000 scores in batch 5.
2025-10-15 22:03:59,748 [INFO] Processed 1000 scores in batch 6.
2025-10-15 22:04:02,618 [INFO] Processed 1000 scores in batch 7.
2025-10-15 22:04:05,308 [INFO] Processed 1000 scores in batch 8.
2025-10-15 22:04:10,525 [INFO] Processed 1000 scores in batch 9.
2025-10-15 22:04:13,138 [INFO] Processed 1000 scores in batch 10.
2025-10-15 22:04:16,192 [INFO] Processed 1000 scores in batch 11.
2025-10-15 22:04:18,549 [INFO] Processed 1000 scores in batch 12.
2025-10-15 22:04:20,784 [INFO] Processed 1000 scores in batch 13.
2025-10-15 22:04:23,112 [INFO] Processed 1000 scores in batch 14.
2025-10-15 22:04:25,296 [INFO] Processed 1000 scores in batch 15.
2025-10-15 22:04:27,745 [INFO] Processed 1000 scores in batch 16.
2025-10-15 22:04:30,059 [INFO] Processed 1000 scores in batch 17.
2025-10-15 22:04:32,423 [INFO] Processed 1000 scores in batch 18.
2025-10-15 22:04:34,714 [INFO] Processed 1000 scores in batch 19.
2025-10-15 22:04:41,324 [INFO] Processed 1000 scores in batch 20.
2025-10-15 22:04:43,608 [INFO] Processed 1000 scores in batch 21.
2025-10-15 22:04:45,829 [INFO] Processed 1000 scores in batch 22.
2025-10-15 22:04:47,945 [INFO] Processed 1000 scores in batch 23.
2025-10-15 22:04:50,081 [INFO] Processed 1000 scores in batch 24.
2025-10-15 22:04:52,476 [INFO] Processed 1000 scores in batch 25.
2025-10-15 22:04:54,851 [INFO] Processed 1000 scores in batch 26.
2025-10-15 22:04:57,085 [INFO] Processed 1000 scores in batch 27.
2025-10-15 22:05:02,858 [INFO] Processed 1000 scores in batch 28.
2025-10-15 22:05:06,367 [INFO] Processed 1000 scores in batch 29.
2025-10-15 22:05:09,426 [INFO] Processed 1000 scores in batch 30.
2025-10-15 22:05:11,839 [INFO] Processed 1000 scores in batch 31.
2025-10-15 22:05:14,022 [INFO] Processed 1000 scores in batch 32.
2025-10-15 22:05:16,311 [INFO] Processed 1000 scores in batch 33.
2025-10-15 22:05:18,686 [INFO] Processed 1000 scores in batch 34.
2025-10-15 22:05:20,963 [INFO] Processed 1000 scores in batch 35.
2025-10-15 22:05:23,261 [INFO] Processed 1000 scores in batch 36.
2025-10-15 22:05:25,775 [INFO] Processed 1000 scores in batch 37.
2025-10-15 22:05:31,213 [INFO] Processed 1000 scores in batch 38.
2025-10-15 22:05:33,839 [INFO] Processed 1000 scores in batch 39.
2025-10-15 22:05:36,188 [INFO] Processed 1000 scores in batch 40.
2025-10-15 22:05:38,570 [INFO] Processed 1000 scores in batch 41.
2025-10-15 22:05:40,924 [INFO] Processed 1000 scores in batch 42.
2025-10-15 22:05:43,297 [INFO] Processed 1000 scores in batch 43.
2025-10-15 22:05:45,696 [INFO] Processed 1000 scores in batch 44.
2025-10-15 22:05:48,155 [INFO] Processed 1000 scores in batch 45.
2025-10-15 22:05:50,533 [INFO] Processed 1000 scores in batch 46.
2025-10-15 22:05:52,684 [INFO] Processed 1000 scores in batch 47.
2025-10-15 22:05:55,056 [INFO] Processed 1000 scores in batch 48.
2025-10-15 22:05:57,555 [INFO] Processed 1000 scores in batch 49.
2025-10-15 22:06:02,440 [INFO] Processed 1000 scores in batch 50.
2025-10-15 22:06:05,780 [INFO] Processed 1000 scores in batch 51.
2025-10-15 22:06:08,179 [INFO] Processed 1000 scores in batch 52.
2025-10-15 22:06:10,518 [INFO] Processed 1000 scores in batch 53.
2025-10-15 22:06:12,874 [INFO] Processed 1000 scores in batch 54.
2025-10-15 22:06:15,402 [INFO] Processed 1000 scores in batch 55.
2025-10-15 22:06:17,919 [INFO] Processed 1000 scores in batch 56.
2025-10-15 22:06:20,306 [INFO] Processed 1000 scores in batch 57.
2025-10-15 22:06:24,923 [INFO] Processed 1000 scores in batch 58.
2025-10-15 22:06:28,356 [INFO] Processed 1000 scores in batch 59.
2025-10-15 22:06:30,697 [INFO] Processed 1000 scores in batch 60.
2025-10-15 22:06:33,542 [INFO] Processed 1000 scores in batch 61.
2025-10-15 22:06:37,622 [INFO] Processed 1000 scores in batch 62.
2025-10-15 22:06:40,218 [INFO] Processed 1000 scores in batch 63.
2025-10-15 22:06:42,322 [INFO] Processed 1000 scores in batch 64.
2025-10-15 22:06:44,557 [INFO] Processed 1000 scores in batch 65.
2025-10-15 22:06:46,800 [INFO] Processed 1000 scores in batch 66.
2025-10-15 22:06:49,006 [INFO] Processed 1000 scores in batch 67.
2025-10-15 22:06:53,596 [INFO] Processed 1000 scores in batch 68.
2025-10-15 22:06:56,178 [INFO] Processed 1000 scores in batch 69.
2025-10-15 22:06:58,244 [INFO] Processed 1000 scores in batch 70.
2025-10-15 22:07:00,529 [INFO] Processed 1000 scores in batch 71.
2025-10-15 22:07:02,700 [INFO] Processed 1000 scores in batch 72.
2025-10-15 22:07:04,833 [INFO] Processed 1000 scores in batch 73.
2025-10-15 22:07:07,038 [INFO] Processed 1000 scores in batch 74.
2025-10-15 22:07:09,453 [INFO] Processed 1000 scores in batch 75.
2025-10-15 22:07:11,906 [INFO] Processed 1000 scores in batch 76.
2025-10-15 22:07:14,292 [INFO] Processed 1000 scores in batch 77.
2025-10-15 22:07:20,726 [INFO] Processed 1000 scores in batch 78.
2025-10-15 22:07:22,946 [INFO] Processed 1000 scores in batch 79.
2025-10-15 22:07:25,101 [INFO] Processed 1000 scores in batch 80.
2025-10-15 22:07:27,225 [INFO] Processed 1000 scores in batch 81.
2025-10-15 22:07:32,290 [INFO] Processed 1000 scores in batch 82.
2025-10-15 22:07:34,979 [INFO] Processed 1000 scores in batch 83.
2025-10-15 22:07:37,246 [INFO] Processed 1000 scores in batch 84.
2025-10-15 22:07:39,758 [INFO] Processed 1000 scores in batch 85.
2025-10-15 22:07:42,232 [INFO] Processed 1000 scores in batch 86.
2025-10-15 22:07:44,735 [INFO] Processed 1000 scores in batch 87.
2025-10-15 22:07:47,250 [INFO] Processed 1000 scores in batch 88.
2025-10-15 22:07:49,864 [INFO] Processed 1000 scores in batch 89.
2025-10-15 22:07:52,264 [INFO] Processed 1000 scores in batch 90.
2025-10-15 22:07:55,085 [INFO] Processed 1000 scores in batch 91.
2025-10-15 22:07:57,452 [INFO] Processed 1000 scores in batch 92.
2025-10-15 22:07:59,882 [INFO] Processed 1000 scores in batch 93.
2025-10-15 22:08:02,436 [INFO] Processed 1000 scores in batch 94.
2025-10-15 22:08:04,813 [INFO] Processed 1000 scores in batch 95.
2025-10-15 22:08:09,423 [INFO] Processed 1000 scores in batch 96.
2025-10-15 22:08:13,981 [INFO] Processed 1000 scores in batch 97.
2025-10-15 22:08:16,775 [INFO] Processed 1000 scores in batch 98.
2025-10-15 22:08:19,688 [INFO] Processed 1000 scores in batch 99.
2025-10-15 22:08:22,278 [INFO] Processed 1000 scores in batch 100.
2025-10-15 22:08:24,975 [INFO] Processed 1000 scores in batch 101.
2025-10-15 22:08:27,579 [INFO] Processed 1000 scores in batch 102.
2025-10-15 22:08:30,759 [INFO] Processed 1000 scores in batch 103.
2025-10-15 22:08:37,824 [INFO] Processed 1000 scores in batch 104.
2025-10-15 22:08:41,268 [INFO] Processed 1000 scores in batch 105.
2025-10-15 22:08:47,101 [INFO] Processed 1000 scores in batch 106.
2025-10-15 22:08:50,146 [INFO] Processed 1000 scores in batch 107.
2025-10-15 22:08:53,030 [INFO] Processed 1000 scores in batch 108.
2025-10-15 22:08:55,846 [INFO] Processed 1000 scores in batch 109.
2025-10-15 22:08:58,629 [INFO] Processed 1000 scores in batch 110.
2025-10-15 22:09:01,241 [INFO] Processed 1000 scores in batch 111.
2025-10-15 22:09:04,063 [INFO] Processed 1000 scores in batch 112.
2025-10-15 22:09:09,548 [INFO] Processed 1000 scores in batch 113.
2025-10-15 22:09:12,357 [INFO] Processed 1000 scores in batch 114.
2025-10-15 22:09:14,794 [INFO] Processed 1000 scores in batch 115.
2025-10-15 22:09:17,451 [INFO] Processed 1000 scores in batch 116.
2025-10-15 22:09:20,017 [INFO] Processed 1000 scores in batch 117.
2025-10-15 22:09:22,582 [INFO] Processed 1000 scores in batch 118.
2025-10-15 22:09:25,035 [INFO] Processed 1000 scores in batch 119.
2025-10-15 22:09:27,630 [INFO] Processed 1000 scores in batch 120.
2025-10-15 22:09:33,621 [INFO] Processed 1000 scores in batch 121.
2025-10-15 22:09:36,579 [INFO] Processed 1000 scores in batch 122.
2025-10-15 22:09:39,099 [INFO] Processed 1000 scores in batch 123.
2025-10-15 22:09:41,656 [INFO] Processed 1000 scores in batch 124.
2025-10-15 22:09:44,132 [INFO] Processed 1000 scores in batch 125.
2025-10-15 22:09:46,465 [INFO] Processed 1000 scores in batch 126.
2025-10-15 22:09:48,738 [INFO] Processed 1000 scores in batch 127.
2025-10-15 22:09:51,053 [INFO] Processed 1000 scores in batch 128.
2025-10-15 22:09:53,399 [INFO] Processed 1000 scores in batch 129.
2025-10-15 22:09:55,697 [INFO] Processed 1000 scores in batch 130.
2025-10-15 22:10:01,559 [INFO] Processed 1000 scores in batch 131.
2025-10-15 22:10:03,930 [INFO] Processed 1000 scores in batch 132.
2025-10-15 22:10:06,308 [INFO] Processed 1000 scores in batch 133.
2025-10-15 22:10:08,726 [INFO] Processed 1000 scores in batch 134.
2025-10-15 22:10:11,272 [INFO] Processed 1000 scores in batch 135.
2025-10-15 22:10:14,023 [INFO] Processed 1000 scores in batch 136.
2025-10-15 22:10:16,551 [INFO] Processed 1000 scores in batch 137.
2025-10-15 22:10:18,892 [INFO] Processed 1000 scores in batch 138.
2025-10-15 22:10:21,310 [INFO] Processed 1000 scores in batch 139.
2025-10-15 22:10:24,057 [INFO] Processed 1000 scores in batch 140.
2025-10-15 22:10:29,420 [INFO] Processed 1000 scores in batch 141.
2025-10-15 22:10:33,811 [INFO] Processed 1000 scores in batch 142.
2025-10-15 22:10:36,272 [INFO] Processed 1000 scores in batch 143.
2025-10-15 22:10:38,879 [INFO] Processed 1000 scores in batch 144.
2025-10-15 22:10:41,462 [INFO] Processed 1000 scores in batch 145.
2025-10-15 22:10:44,155 [INFO] Processed 1000 scores in batch 146.
2025-10-15 22:10:49,469 [INFO] Processed 1000 scores in batch 147.
2025-10-15 22:10:52,267 [INFO] Processed 1000 scores in batch 148.
2025-10-15 22:10:54,719 [INFO] Processed 1000 scores in batch 149.
2025-10-15 22:10:57,129 [INFO] Processed 1000 scores in batch 150.
2025-10-15 22:10:59,590 [INFO] Processed 1000 scores in batch 151.
2025-10-15 22:11:02,200 [INFO] Processed 1000 scores in batch 152.
2025-10-15 22:11:04,778 [INFO] Processed 1000 scores in batch 153.
2025-10-15 22:11:07,131 [INFO] Processed 1000 scores in batch 154.
2025-10-15 22:11:11,524 [INFO] Processed 1000 scores in batch 155.
2025-10-15 22:11:15,727 [INFO] Processed 1000 scores in batch 156.
2025-10-15 22:11:17,988 [INFO] Processed 1000 scores in batch 157.
2025-10-15 22:11:20,221 [INFO] Processed 1000 scores in batch 158.
2025-10-15 22:11:22,619 [INFO] Processed 1000 scores in batch 159.
2025-10-15 22:11:27,718 [INFO] Processed 1000 scores in batch 160.
2025-10-15 22:11:30,095 [INFO] Processed 1000 scores in batch 161.
2025-10-15 22:11:32,288 [INFO] Processed 1000 scores in batch 162.
2025-10-15 22:11:34,484 [INFO] Processed 1000 scores in batch 163.
2025-10-15 22:11:36,746 [INFO] Processed 1000 scores in batch 164.
2025-10-15 22:11:39,105 [INFO] Processed 1000 scores in batch 165.
2025-10-15 22:11:41,521 [INFO] Processed 1000 scores in batch 166.
2025-10-15 22:11:44,146 [INFO] Processed 1000 scores in batch 167.
2025-10-15 22:11:46,530 [INFO] Processed 1000 scores in batch 168.
2025-10-15 22:11:48,833 [INFO] Processed 1000 scores in batch 169.
2025-10-15 22:11:54,459 [INFO] Processed 1000 scores in batch 170.
2025-10-15 22:11:57,394 [INFO] Processed 1000 scores in batch 171.
2025-10-15 22:11:59,610 [INFO] Processed 1000 scores in batch 172.
2025-10-15 22:12:01,807 [INFO] Processed 1000 scores in batch 173.
2025-10-15 22:12:04,171 [INFO] Processed 1000 scores in batch 174.
2025-10-15 22:12:06,326 [INFO] Processed 1000 scores in batch 175.
2025-10-15 22:12:08,602 [INFO] Processed 1000 scores in batch 176.
2025-10-15 22:12:10,887 [INFO] Processed 1000 scores in batch 177.
2025-10-15 22:12:13,134 [INFO] Processed 1000 scores in batch 178.
2025-10-15 22:12:15,345 [INFO] Processed 1000 scores in batch 179.
2025-10-15 22:12:17,533 [INFO] Processed 1000 scores in batch 180.
2025-10-15 22:12:19,775 [INFO] Processed 1000 scores in batch 181.
2025-10-15 22:12:25,106 [INFO] Processed 1000 scores in batch 182.
2025-10-15 22:12:28,180 [INFO] Processed 1000 scores in batch 183.
2025-10-15 22:12:30,469 [INFO] Processed 1000 scores in batch 184.
2025-10-15 22:12:32,744 [INFO] Processed 1000 scores in batch 185.
2025-10-15 22:12:34,998 [INFO] Processed 1000 scores in batch 186.
2025-10-15 22:12:37,209 [INFO] Processed 1000 scores in batch 187.
2025-10-15 22:12:39,578 [INFO] Processed 1000 scores in batch 188.
2025-10-15 22:12:42,463 [INFO] Processed 1000 scores in batch 189.
2025-10-15 22:12:44,770 [INFO] Processed 1000 scores in batch 190.
2025-10-15 22:12:46,907 [INFO] Processed 1000 scores in batch 191.
2025-10-15 22:12:49,059 [INFO] Processed 1000 scores in batch 192.
2025-10-15 22:12:54,623 [INFO] Processed 1000 scores in batch 193.
2025-10-15 22:12:57,715 [INFO] Processed 1000 scores in batch 194.
2025-10-15 22:13:00,069 [INFO] Processed 1000 scores in batch 195.
2025-10-15 22:13:02,271 [INFO] Processed 1000 scores in batch 196.
2025-10-15 22:13:04,559 [INFO] Processed 1000 scores in batch 197.
2025-10-15 22:13:06,774 [INFO] Processed 1000 scores in batch 198.
2025-10-15 22:13:09,330 [INFO] Processed 1000 scores in batch 199.
2025-10-15 22:13:11,565 [INFO] Processed 1000 scores in batch 200.
2025-10-15 22:13:16,760 [INFO] Processed 1000 scores in batch 201.
2025-10-15 22:13:19,606 [INFO] Processed 1000 scores in batch 202.
2025-10-15 22:13:21,801 [INFO] Processed 1000 scores in batch 203.
2025-10-15 22:13:23,927 [INFO] Processed 1000 scores in batch 204.
2025-10-15 22:13:26,219 [INFO] Processed 1000 scores in batch 205.
2025-10-15 22:13:30,606 [INFO] Processed 1000 scores in batch 206.
2025-10-15 22:13:33,283 [INFO] Processed 1000 scores in batch 207.
2025-10-15 22:13:35,570 [INFO] Processed 1000 scores in batch 208.
2025-10-15 22:13:37,858 [INFO] Processed 1000 scores in batch 209.
2025-10-15 22:13:40,156 [INFO] Processed 1000 scores in batch 210.
2025-10-15 22:13:42,313 [INFO] Processed 1000 scores in batch 211.
2025-10-15 22:13:44,519 [INFO] Processed 1000 scores in batch 212.
2025-10-15 22:13:46,861 [INFO] Processed 1000 scores in batch 213.
2025-10-15 22:13:49,023 [INFO] Processed 1000 scores in batch 214.
2025-10-15 22:13:51,274 [INFO] Processed 1000 scores in batch 215.
2025-10-15 22:13:56,688 [INFO] Processed 1000 scores in batch 216.
2025-10-15 22:13:58,912 [INFO] Processed 1000 scores in batch 217.
2025-10-15 22:14:01,248 [INFO] Processed 1000 scores in batch 218.
2025-10-15 22:14:03,770 [INFO] Processed 1000 scores in batch 219.
2025-10-15 22:14:06,443 [INFO] Processed 1000 scores in batch 220.
2025-10-15 22:14:09,788 [INFO] Processed 1000 scores in batch 221.
2025-10-15 22:14:12,117 [INFO] Processed 1000 scores in batch 222.
2025-10-15 22:14:14,315 [INFO] Processed 1000 scores in batch 223.
2025-10-15 22:14:16,547 [INFO] Processed 1000 scores in batch 224.
2025-10-15 22:14:18,715 [INFO] Processed 1000 scores in batch 225.
2025-10-15 22:14:21,179 [INFO] Processed 1000 scores in batch 226.
2025-10-15 22:14:23,508 [INFO] Processed 1000 scores in batch 227.
2025-10-15 22:14:27,865 [INFO] Processed 1000 scores in batch 228.
2025-10-15 22:14:30,865 [INFO] Processed 1000 scores in batch 229.
2025-10-15 22:14:33,024 [INFO] Processed 1000 scores in batch 230.
2025-10-15 22:14:35,284 [INFO] Processed 1000 scores in batch 231.
2025-10-15 22:14:37,834 [INFO] Processed 1000 scores in batch 232.
2025-10-15 22:14:40,079 [INFO] Processed 1000 scores in batch 233.
2025-10-15 22:14:42,208 [INFO] Processed 1000 scores in batch 234.
2025-10-15 22:14:44,516 [INFO] Processed 1000 scores in batch 235.
2025-10-15 22:14:46,904 [INFO] Processed 1000 scores in batch 236.
2025-10-15 22:14:49,128 [INFO] Processed 1000 scores in batch 237.
2025-10-15 22:14:51,390 [INFO] Processed 1000 scores in batch 238.
2025-10-15 22:14:55,864 [INFO] Processed 1000 scores in batch 239.
2025-10-15 22:14:59,645 [INFO] Processed 1000 scores in batch 240.
2025-10-15 22:15:02,209 [INFO] Processed 1000 scores in batch 241.
2025-10-15 22:15:04,644 [INFO] Processed 1000 scores in batch 242.
2025-10-15 22:15:07,891 [INFO] Processed 1000 scores in batch 243.
2025-10-15 22:15:11,914 [INFO] Processed 1000 scores in batch 244.
2025-10-15 22:15:14,295 [INFO] Processed 1000 scores in batch 245.
2025-10-15 22:15:16,435 [INFO] Processed 1000 scores in batch 246.
2025-10-15 22:15:25,675 [INFO] Processed 1000 scores in batch 247.
2025-10-15 22:15:27,874 [INFO] Processed 1000 scores in batch 248.
2025-10-15 22:15:30,288 [INFO] Processed 1000 scores in batch 249.
2025-10-15 22:15:32,463 [INFO] Processed 1000 scores in batch 250.
2025-10-15 22:15:34,741 [INFO] Processed 1000 scores in batch 251.
2025-10-15 22:15:37,333 [INFO] Processed 1000 scores in batch 252.
2025-10-15 22:15:39,958 [INFO] Processed 1000 scores in batch 253.
2025-10-15 22:15:42,272 [INFO] Processed 1000 scores in batch 254.
2025-10-15 22:15:44,823 [INFO] Processed 1000 scores in batch 255.
2025-10-15 22:15:50,511 [INFO] Processed 1000 scores in batch 256.
2025-10-15 22:15:52,889 [INFO] Processed 1000 scores in batch 257.
2025-10-15 22:15:55,074 [INFO] Processed 1000 scores in batch 258.
2025-10-15 22:15:57,219 [INFO] Processed 1000 scores in batch 259.
2025-10-15 22:15:59,554 [INFO] Processed 1000 scores in batch 260.
2025-10-15 22:16:02,351 [INFO] Processed 1000 scores in batch 261.
2025-10-15 22:16:04,844 [INFO] Processed 1000 scores in batch 262.
2025-10-15 22:16:08,697 [INFO] Processed 1000 scores in batch 263.
2025-10-15 22:16:12,760 [INFO] Processed 1000 scores in batch 264.
2025-10-15 22:16:15,136 [INFO] Processed 1000 scores in batch 265.
2025-10-15 22:16:17,465 [INFO] Processed 1000 scores in batch 266.
2025-10-15 22:16:19,708 [INFO] Processed 1000 scores in batch 267.
2025-10-15 22:16:21,845 [INFO] Processed 1000 scores in batch 268.
2025-10-15 22:16:26,934 [INFO] Processed 1000 scores in batch 269.
2025-10-15 22:16:29,277 [INFO] Processed 1000 scores in batch 270.
2025-10-15 22:16:31,365 [INFO] Processed 1000 scores in batch 271.
2025-10-15 22:16:33,458 [INFO] Processed 1000 scores in batch 272.
2025-10-15 22:16:35,510 [INFO] Processed 1000 scores in batch 273.
2025-10-15 22:16:37,898 [INFO] Processed 1000 scores in batch 274.
2025-10-15 22:16:40,235 [INFO] Processed 1000 scores in batch 275.
2025-10-15 22:16:42,335 [INFO] Processed 1000 scores in batch 276.
2025-10-15 22:16:44,385 [INFO] Processed 1000 scores in batch 277.
2025-10-15 22:16:46,427 [INFO] Processed 1000 scores in batch 278.
2025-10-15 22:16:48,642 [INFO] Processed 1000 scores in batch 279.
2025-10-15 22:16:50,811 [INFO] Processed 1000 scores in batch 280.
2025-10-15 22:16:52,998 [INFO] Processed 1000 scores in batch 281.
2025-10-15 22:16:56,019 [INFO] Processed 1000 scores in batch 282.
2025-10-15 22:17:00,879 [INFO] Processed 1000 scores in batch 283.
2025-10-15 22:17:03,156 [INFO] Processed 1000 scores in batch 284.
2025-10-15 22:17:05,415 [INFO] Processed 1000 scores in batch 285.
2025-10-15 22:17:07,718 [INFO] Processed 1000 scores in batch 286.
2025-10-15 22:17:10,219 [INFO] Processed 1000 scores in batch 287.
2025-10-15 22:17:12,383 [INFO] Processed 1000 scores in batch 288.
2025-10-15 22:17:14,501 [INFO] Processed 1000 scores in batch 289.
2025-10-15 22:17:16,636 [INFO] Processed 1000 scores in batch 290.
2025-10-15 22:17:18,778 [INFO] Processed 1000 scores in batch 291.
2025-10-15 22:17:23,001 [INFO] Processed 1000 scores in batch 292.
2025-10-15 22:17:26,281 [INFO] Processed 1000 scores in batch 293.
2025-10-15 22:17:28,436 [INFO] Processed 1000 scores in batch 294.
2025-10-15 22:17:30,597 [INFO] Processed 1000 scores in batch 295.
2025-10-15 22:17:35,693 [INFO] Processed 1000 scores in batch 296.
2025-10-15 22:17:37,995 [INFO] Processed 1000 scores in batch 297.
2025-10-15 22:17:40,419 [INFO] Processed 1000 scores in batch 298.
2025-10-15 22:17:42,697 [INFO] Processed 1000 scores in batch 299.
2025-10-15 22:17:45,038 [INFO] Processed 1000 scores in batch 300.
2025-10-15 22:17:47,509 [INFO] Processed 1000 scores in batch 301.
2025-10-15 22:17:50,049 [INFO] Processed 1000 scores in batch 302.
2025-10-15 22:17:52,290 [INFO] Processed 1000 scores in batch 303.
2025-10-15 22:17:54,421 [INFO] Processed 1000 scores in batch 304.
2025-10-15 22:17:56,653 [INFO] Processed 1000 scores in batch 305.
2025-10-15 22:17:58,869 [INFO] Processed 1000 scores in batch 306.
2025-10-15 22:18:01,586 [INFO] Processed 1000 scores in batch 307.
2025-10-15 22:18:08,140 [INFO] Processed 1000 scores in batch 308.
2025-10-15 22:18:10,976 [INFO] Processed 1000 scores in batch 309.
2025-10-15 22:18:13,122 [INFO] Processed 1000 scores in batch 310.
2025-10-15 22:18:15,416 [INFO] Processed 1000 scores in batch 311.
2025-10-15 22:18:17,928 [INFO] Processed 1000 scores in batch 312.
2025-10-15 22:18:20,512 [INFO] Processed 1000 scores in batch 313.
2025-10-15 22:18:22,910 [INFO] Processed 1000 scores in batch 314.
2025-10-15 22:18:25,294 [INFO] Processed 1000 scores in batch 315.
2025-10-15 22:18:27,532 [INFO] Processed 1000 scores in batch 316.
2025-10-15 22:18:29,936 [INFO] Processed 1000 scores in batch 317.
2025-10-15 22:18:34,074 [INFO] Processed 1000 scores in batch 318.
2025-10-15 22:18:38,321 [INFO] Processed 1000 scores in batch 319.
2025-10-15 22:18:40,657 [INFO] Processed 1000 scores in batch 320.
2025-10-15 22:18:42,985 [INFO] Processed 1000 scores in batch 321.
2025-10-15 22:18:45,526 [INFO] Processed 1000 scores in batch 322.
2025-10-15 22:18:47,616 [INFO] Processed 1000 scores in batch 323.
2025-10-15 22:18:49,885 [INFO] Processed 1000 scores in batch 324.
2025-10-15 22:18:52,251 [INFO] Processed 1000 scores in batch 325.
2025-10-15 22:18:54,549 [INFO] Processed 1000 scores in batch 326.
2025-10-15 22:18:56,691 [INFO] Processed 1000 scores in batch 327.
2025-10-15 22:19:01,580 [INFO] Processed 1000 scores in batch 328.
2025-10-15 22:19:04,747 [INFO] Processed 1000 scores in batch 329.
2025-10-15 22:19:07,235 [INFO] Processed 1000 scores in batch 330.
2025-10-15 22:19:09,742 [INFO] Processed 1000 scores in batch 331.
2025-10-15 22:19:15,539 [INFO] Processed 1000 scores in batch 332.
2025-10-15 22:19:18,304 [INFO] Processed 1000 scores in batch 333.
2025-10-15 22:19:20,739 [INFO] Processed 1000 scores in batch 334.
2025-10-15 22:19:23,057 [INFO] Processed 1000 scores in batch 335.
2025-10-15 22:19:25,398 [INFO] Processed 1000 scores in batch 336.
2025-10-15 22:19:27,932 [INFO] Processed 1000 scores in batch 337.
2025-10-15 22:19:30,048 [INFO] Processed 1000 scores in batch 338.
2025-10-15 22:19:32,382 [INFO] Processed 1000 scores in batch 339.
2025-10-15 22:19:34,668 [INFO] Processed 1000 scores in batch 340.
2025-10-15 22:19:36,796 [INFO] Processed 1000 scores in batch 341.
2025-10-15 22:19:39,117 [INFO] Processed 1000 scores in batch 342.
2025-10-15 22:19:41,222 [INFO] Processed 1000 scores in batch 343.
2025-10-15 22:19:47,199 [INFO] Processed 1000 scores in batch 344.
2025-10-15 22:19:49,990 [INFO] Processed 1000 scores in batch 345.
2025-10-15 22:19:52,282 [INFO] Processed 1000 scores in batch 346.
2025-10-15 22:19:54,619 [INFO] Processed 1000 scores in batch 347.
2025-10-15 22:19:56,862 [INFO] Processed 1000 scores in batch 348.
2025-10-15 22:19:59,016 [INFO] Processed 1000 scores in batch 349.
2025-10-15 22:20:01,208 [INFO] Processed 1000 scores in batch 350.
2025-10-15 22:20:03,507 [INFO] Processed 1000 scores in batch 351.
2025-10-15 22:20:05,950 [INFO] Processed 1000 scores in batch 352.
2025-10-15 22:20:08,386 [INFO] Processed 1000 scores in batch 353.
2025-10-15 22:20:13,579 [INFO] Processed 1000 scores in batch 354.
2025-10-15 22:20:18,507 [INFO] Processed 1000 scores in batch 355.
2025-10-15 22:20:20,727 [INFO] Processed 1000 scores in batch 356.
2025-10-15 22:20:22,985 [INFO] Processed 1000 scores in batch 357.
2025-10-15 22:20:25,402 [INFO] Processed 1000 scores in batch 358.
2025-10-15 22:20:30,461 [INFO] Processed 1000 scores in batch 359.
2025-10-15 22:20:34,701 [INFO] Processed 1000 scores in batch 360.
2025-10-15 22:20:36,982 [INFO] Processed 1000 scores in batch 361.
2025-10-15 22:20:39,412 [INFO] Processed 1000 scores in batch 362.
2025-10-15 22:20:41,645 [INFO] Processed 1000 scores in batch 363.
2025-10-15 22:20:46,635 [INFO] Processed 1000 scores in batch 364.
2025-10-15 22:20:48,908 [INFO] Processed 1000 scores in batch 365.
2025-10-15 22:20:51,489 [INFO] Processed 1000 scores in batch 366.
2025-10-15 22:20:53,847 [INFO] Processed 1000 scores in batch 367.
2025-10-15 22:20:58,371 [INFO] Processed 1000 scores in batch 368.
2025-10-15 22:21:00,686 [INFO] Processed 1000 scores in batch 369.
2025-10-15 22:21:03,096 [INFO] Processed 1000 scores in batch 370.
2025-10-15 22:21:05,550 [INFO] Processed 1000 scores in batch 371.
2025-10-15 22:21:07,984 [INFO] Processed 1000 scores in batch 372.
2025-10-15 22:21:10,091 [INFO] Processed 1000 scores in batch 373.
2025-10-15 22:21:12,164 [INFO] Processed 1000 scores in batch 374.
2025-10-15 22:21:14,338 [INFO] Processed 1000 scores in batch 375.
2025-10-15 22:21:16,484 [INFO] Processed 1000 scores in batch 376.
2025-10-15 22:21:19,566 [INFO] Processed 1000 scores in batch 377.
2025-10-15 22:21:24,392 [INFO] Processed 1000 scores in batch 378.
2025-10-15 22:21:26,443 [INFO] Processed 1000 scores in batch 379.
2025-10-15 22:21:28,552 [INFO] Processed 1000 scores in batch 380.
2025-10-15 22:21:30,861 [INFO] Processed 1000 scores in batch 381.
2025-10-15 22:21:33,095 [INFO] Processed 1000 scores in batch 382.
2025-10-15 22:21:34,615 [INFO] Processed 599 scores in batch 383.
2025-10-15 22:21:35,112 [INFO] Processed 13 scores in batch 384.
2025-10-15 22:21:35,112 [INFO] Syncing newly ranked maps...
2025-10-15 22:24:40,823 [INFO] Executing SQL file: sql/inserts\update_beatmapLive.sql
2025-10-15 22:25:07,572 [INFO] Successfully executed: update_beatmapLive.sql
2025-10-15 22:25:07,572 [INFO] Executing SQL file: sql/inserts\insert_beatmapHistory.sql
2025-10-15 22:25:26,393 [INFO] Successfully executed: insert_beatmapHistory.sql
2025-10-15 22:25:26,393 [INFO] Updating registered users...
2025-10-15 22:25:26,849 [INFO] Processed batch 647309-10660738 with 4 users.
2025-10-15 22:25:26,849 [INFO] Executing SQL file: sql/inserts\update_userLive.sql
2025-10-15 22:25:47,074 [INFO] Successfully executed: update_userLive.sql
2025-10-15 22:25:47,074 [INFO] Executing SQL file: sql/inserts\insert_userHistory.sql
2025-10-15 22:25:47,087 [INFO] Successfully executed: insert_userHistory.sql
2025-10-15 22:25:47,087 [INFO] Routine 0 completed successfully.
2025-10-15 22:38:22,788 [INFO] Initializing OsuDataFetcher...
2025-10-15 22:38:22,788 [INFO] Found 'config.txt'. Reading configuration...
2025-10-15 22:38:22,788 [INFO] Reading configuration file...
2025-10-15 22:54:21,473 [INFO] Initializing OsuDataFetcher...
2025-10-15 22:54:21,473 [INFO] Found 'config.txt'. Reading configuration...
2025-10-15 22:54:21,473 [INFO] Reading configuration file...
2025-10-15 22:55:20,739 [INFO] Initializing OsuDataFetcher...
2025-10-15 22:55:20,739 [INFO] Found 'config.txt'. Reading configuration...
2025-10-15 22:55:20,739 [INFO] Reading configuration file...
