2025-10-12 13:28:35,220 [INFO] Initializing OsuDataFetcher...
2025-10-12 13:28:35,220 [INFO] Found 'config.txt'. Reading configuration...
2025-10-12 13:28:35,220 [INFO] Reading configuration file...
2025-10-12 13:29:35,722 [INFO] Initializing OsuDataFetcher...
2025-10-12 13:29:35,722 [INFO] Found 'config.txt'. Reading configuration...
2025-10-12 13:29:35,722 [INFO] Reading configuration file...
2025-10-12 13:30:52,345 [INFO] Initializing OsuDataFetcher...
2025-10-12 13:30:52,345 [INFO] Found 'config.txt'. Reading configuration...
2025-10-12 13:30:52,345 [INFO] Reading configuration file...
2025-10-12 13:31:04,955 [INFO] Executing routine 5...
2025-10-12 13:31:04,956 [INFO] Fetching recent scores...
2025-10-12 13:31:08,276 [INFO] Processed 1000 scores in batch 1.
2025-10-12 13:31:12,214 [INFO] Processed 1000 scores in batch 2.
2025-10-12 13:31:14,952 [INFO] Processed 1000 scores in batch 3.
2025-10-12 13:31:17,493 [INFO] Processed 1000 scores in batch 4.
2025-10-12 13:31:20,089 [INFO] Processed 1000 scores in batch 5.
2025-10-12 13:31:22,711 [INFO] Processed 1000 scores in batch 6.
2025-10-12 13:31:25,199 [INFO] Processed 1000 scores in batch 7.
2025-10-12 13:31:27,855 [INFO] Processed 1000 scores in batch 8.
2025-10-12 13:31:30,611 [INFO] Processed 1000 scores in batch 9.
2025-10-12 13:31:33,310 [INFO] Processed 1000 scores in batch 10.
2025-10-12 13:31:35,893 [INFO] Processed 1000 scores in batch 11.
2025-10-12 13:31:38,533 [INFO] Processed 1000 scores in batch 12.
2025-10-12 13:31:41,239 [INFO] Processed 1000 scores in batch 13.
2025-10-12 13:31:44,105 [INFO] Processed 1000 scores in batch 14.
2025-10-12 13:31:46,456 [INFO] Processed 1000 scores in batch 15.
2025-10-12 13:31:48,803 [INFO] Processed 1000 scores in batch 16.
2025-10-12 13:31:51,740 [INFO] Processed 1000 scores in batch 17.
2025-10-12 13:31:54,303 [INFO] Processed 1000 scores in batch 18.
2025-10-12 13:31:56,740 [INFO] Processed 1000 scores in batch 19.
2025-10-12 13:31:59,260 [INFO] Processed 1000 scores in batch 20.
2025-10-12 13:32:01,786 [INFO] Processed 1000 scores in batch 21.
2025-10-12 13:32:04,328 [INFO] Processed 1000 scores in batch 22.
2025-10-12 13:32:06,735 [INFO] Processed 1000 scores in batch 23.
2025-10-12 13:32:09,272 [INFO] Processed 1000 scores in batch 24.
2025-10-12 13:32:11,741 [INFO] Processed 1000 scores in batch 25.
2025-10-12 13:32:14,422 [INFO] Processed 1000 scores in batch 26.
2025-10-12 13:32:17,396 [INFO] Processed 1000 scores in batch 27.
2025-10-12 13:32:20,023 [INFO] Processed 1000 scores in batch 28.
2025-10-12 13:32:22,690 [INFO] Processed 1000 scores in batch 29.
2025-10-12 13:32:26,021 [INFO] Processed 1000 scores in batch 30.
2025-10-12 13:32:28,809 [INFO] Processed 1000 scores in batch 31.
2025-10-12 13:32:31,297 [INFO] Processed 1000 scores in batch 32.
2025-10-12 13:32:33,594 [INFO] Processed 1000 scores in batch 33.
2025-10-12 13:32:35,872 [INFO] Processed 1000 scores in batch 34.
2025-10-12 13:32:38,576 [INFO] Processed 1000 scores in batch 35.
2025-10-12 13:32:41,093 [INFO] Processed 1000 scores in batch 36.
2025-10-12 13:32:43,700 [INFO] Processed 1000 scores in batch 37.
2025-10-12 13:32:48,675 [INFO] Processed 1000 scores in batch 38.
2025-10-12 13:32:51,337 [INFO] Processed 1000 scores in batch 39.
2025-10-12 13:32:53,926 [INFO] Processed 1000 scores in batch 40.
2025-10-12 13:32:56,662 [INFO] Processed 1000 scores in batch 41.
2025-10-12 13:32:59,234 [INFO] Processed 1000 scores in batch 42.
2025-10-12 13:33:02,161 [INFO] Processed 1000 scores in batch 43.
2025-10-12 13:33:04,985 [INFO] Processed 1000 scores in batch 44.
2025-10-12 13:33:07,638 [INFO] Processed 1000 scores in batch 45.
2025-10-12 13:33:10,487 [INFO] Processed 1000 scores in batch 46.
2025-10-12 13:33:13,830 [INFO] Processed 1000 scores in batch 47.
2025-10-12 13:33:16,245 [INFO] Processed 1000 scores in batch 48.
2025-10-12 13:33:18,780 [INFO] Processed 1000 scores in batch 49.
2025-10-12 13:33:21,238 [INFO] Processed 1000 scores in batch 50.
2025-10-12 13:33:24,229 [INFO] Processed 1000 scores in batch 51.
2025-10-12 13:33:26,520 [INFO] Processed 1000 scores in batch 52.
2025-10-12 13:33:29,100 [INFO] Processed 1000 scores in batch 53.
2025-10-12 13:33:31,984 [INFO] Processed 1000 scores in batch 54.
2025-10-12 13:33:34,491 [INFO] Processed 1000 scores in batch 55.
2025-10-12 13:33:37,095 [INFO] Processed 1000 scores in batch 56.
2025-10-12 13:33:39,939 [INFO] Processed 1000 scores in batch 57.
2025-10-12 13:33:42,366 [INFO] Processed 1000 scores in batch 58.
2025-10-12 13:33:44,837 [INFO] Processed 1000 scores in batch 59.
2025-10-12 13:33:47,498 [INFO] Processed 1000 scores in batch 60.
2025-10-12 13:33:49,796 [INFO] Processed 1000 scores in batch 61.
2025-10-12 13:33:52,262 [INFO] Processed 1000 scores in batch 62.
2025-10-12 13:33:54,993 [INFO] Processed 1000 scores in batch 63.
2025-10-12 13:33:57,631 [INFO] Processed 1000 scores in batch 64.
2025-10-12 13:34:00,058 [INFO] Processed 1000 scores in batch 65.
2025-10-12 13:34:02,579 [INFO] Processed 1000 scores in batch 66.
2025-10-12 13:34:04,963 [INFO] Processed 1000 scores in batch 67.
2025-10-12 13:34:07,551 [INFO] Processed 1000 scores in batch 68.
2025-10-12 13:34:09,888 [INFO] Processed 1000 scores in batch 69.
2025-10-12 13:34:12,198 [INFO] Processed 1000 scores in batch 70.
2025-10-12 13:34:14,407 [INFO] Processed 1000 scores in batch 71.
2025-10-12 13:34:16,766 [INFO] Processed 1000 scores in batch 72.
2025-10-12 13:34:19,279 [INFO] Processed 1000 scores in batch 73.
2025-10-12 13:34:21,621 [INFO] Processed 1000 scores in batch 74.
2025-10-12 13:34:23,847 [INFO] Processed 1000 scores in batch 75.
2025-10-12 13:34:26,066 [INFO] Processed 1000 scores in batch 76.
2025-10-12 13:34:30,519 [INFO] Processed 1000 scores in batch 77.
2025-10-12 13:34:32,897 [INFO] Processed 1000 scores in batch 78.
2025-10-12 13:34:35,106 [INFO] Processed 1000 scores in batch 79.
2025-10-12 13:34:37,606 [INFO] Processed 1000 scores in batch 80.
2025-10-12 13:34:40,135 [INFO] Processed 1000 scores in batch 81.
2025-10-12 13:34:42,549 [INFO] Processed 1000 scores in batch 82.
2025-10-12 13:34:44,900 [INFO] Processed 1000 scores in batch 83.
2025-10-12 13:34:47,822 [INFO] Processed 1000 scores in batch 84.
2025-10-12 13:34:50,300 [INFO] Processed 1000 scores in batch 85.
2025-10-12 13:34:52,600 [INFO] Processed 1000 scores in batch 86.
2025-10-12 13:34:54,893 [INFO] Processed 1000 scores in batch 87.
2025-10-12 13:34:57,395 [INFO] Processed 1000 scores in batch 88.
2025-10-12 13:34:59,503 [INFO] Processed 1000 scores in batch 89.
2025-10-12 13:35:02,089 [INFO] Processed 1000 scores in batch 90.
2025-10-12 13:35:04,290 [INFO] Processed 1000 scores in batch 91.
2025-10-12 13:35:06,850 [INFO] Processed 1000 scores in batch 92.
2025-10-12 13:35:09,296 [INFO] Processed 1000 scores in batch 93.
2025-10-12 13:35:11,788 [INFO] Processed 1000 scores in batch 94.
2025-10-12 13:35:14,236 [INFO] Processed 1000 scores in batch 95.
2025-10-12 13:35:16,639 [INFO] Processed 1000 scores in batch 96.
2025-10-12 13:35:19,384 [INFO] Processed 1000 scores in batch 97.
2025-10-12 13:35:21,967 [INFO] Processed 1000 scores in batch 98.
2025-10-12 13:35:24,693 [INFO] Processed 1000 scores in batch 99.
2025-10-12 13:35:27,704 [INFO] Processed 1000 scores in batch 100.
2025-10-12 13:35:30,445 [INFO] Processed 1000 scores in batch 101.
2025-10-12 13:35:33,045 [INFO] Processed 1000 scores in batch 102.
2025-10-12 13:35:37,088 [INFO] Processed 1000 scores in batch 103.
2025-10-12 13:35:41,585 [INFO] Processed 1000 scores in batch 104.
2025-10-12 13:35:44,924 [INFO] Processed 1000 scores in batch 105.
2025-10-12 13:35:48,160 [INFO] Processed 1000 scores in batch 106.
2025-10-12 13:35:51,537 [INFO] Processed 1000 scores in batch 107.
2025-10-12 13:35:54,784 [INFO] Processed 1000 scores in batch 108.
2025-10-12 13:35:58,688 [INFO] Processed 1000 scores in batch 109.
2025-10-12 13:36:04,108 [INFO] Processed 1000 scores in batch 110.
2025-10-12 13:36:07,940 [INFO] Processed 1000 scores in batch 111.
2025-10-12 13:36:11,265 [INFO] Processed 1000 scores in batch 112.
2025-10-12 13:36:15,822 [INFO] Processed 1000 scores in batch 113.
2025-10-12 13:36:23,172 [INFO] Processed 1000 scores in batch 114.
2025-10-12 13:36:27,529 [INFO] Processed 1000 scores in batch 115.
2025-10-12 13:36:33,022 [INFO] Processed 1000 scores in batch 116.
2025-10-12 13:36:41,299 [INFO] Processed 1000 scores in batch 117.
2025-10-12 13:36:45,287 [INFO] Processed 1000 scores in batch 118.
2025-10-12 13:36:48,982 [INFO] Processed 1000 scores in batch 119.
2025-10-12 13:36:52,929 [INFO] Processed 1000 scores in batch 120.
2025-10-12 13:36:58,026 [INFO] Processed 1000 scores in batch 121.
2025-10-12 13:37:02,847 [INFO] Processed 1000 scores in batch 122.
2025-10-12 13:37:08,063 [INFO] Processed 1000 scores in batch 123.
2025-10-12 13:37:13,537 [INFO] Processed 1000 scores in batch 124.
2025-10-12 13:37:18,198 [INFO] Processed 1000 scores in batch 125.
2025-10-12 13:37:23,048 [INFO] Processed 1000 scores in batch 126.
2025-10-12 13:37:27,401 [INFO] Processed 1000 scores in batch 127.
2025-10-12 13:37:33,134 [INFO] Processed 1000 scores in batch 128.
2025-10-12 13:37:36,417 [INFO] Processed 1000 scores in batch 129.
2025-10-12 13:37:39,802 [INFO] Processed 1000 scores in batch 130.
2025-10-12 13:37:42,626 [INFO] Processed 1000 scores in batch 131.
2025-10-12 13:37:45,216 [INFO] Processed 1000 scores in batch 132.
2025-10-12 13:37:47,427 [INFO] Processed 1000 scores in batch 133.
2025-10-12 13:37:50,938 [INFO] Processed 1000 scores in batch 134.
2025-10-12 13:37:54,085 [INFO] Processed 1000 scores in batch 135.
2025-10-12 13:37:56,591 [INFO] Processed 1000 scores in batch 136.
2025-10-12 13:37:59,012 [INFO] Processed 1000 scores in batch 137.
2025-10-12 13:38:01,340 [INFO] Processed 1000 scores in batch 138.
2025-10-12 13:38:04,151 [INFO] Processed 1000 scores in batch 139.
2025-10-12 13:38:06,452 [INFO] Processed 1000 scores in batch 140.
2025-10-12 13:38:08,730 [INFO] Processed 1000 scores in batch 141.
2025-10-12 13:38:11,313 [INFO] Processed 1000 scores in batch 142.
2025-10-12 13:38:14,093 [INFO] Processed 1000 scores in batch 143.
2025-10-12 13:38:18,060 [INFO] Processed 1000 scores in batch 144.
2025-10-12 13:38:21,274 [INFO] Processed 1000 scores in batch 145.
2025-10-12 13:38:23,985 [INFO] Processed 1000 scores in batch 146.
2025-10-12 13:38:26,128 [INFO] Processed 1000 scores in batch 147.
2025-10-12 13:38:28,522 [INFO] Processed 1000 scores in batch 148.
2025-10-12 13:38:30,862 [INFO] Processed 1000 scores in batch 149.
2025-10-12 13:38:33,018 [INFO] Processed 1000 scores in batch 150.
2025-10-12 13:38:35,290 [INFO] Processed 1000 scores in batch 151.
2025-10-12 13:38:37,463 [INFO] Processed 1000 scores in batch 152.
2025-10-12 13:38:39,688 [INFO] Processed 1000 scores in batch 153.
2025-10-12 13:38:41,937 [INFO] Processed 1000 scores in batch 154.
2025-10-12 13:38:44,477 [INFO] Processed 1000 scores in batch 155.
2025-10-12 13:38:46,951 [INFO] Processed 1000 scores in batch 156.
2025-10-12 13:38:49,014 [INFO] Processed 1000 scores in batch 157.
2025-10-12 13:38:51,288 [INFO] Processed 1000 scores in batch 158.
2025-10-12 13:38:53,558 [INFO] Processed 1000 scores in batch 159.
2025-10-12 13:38:55,996 [INFO] Processed 1000 scores in batch 160.
2025-10-12 13:38:58,402 [INFO] Processed 1000 scores in batch 161.
2025-10-12 13:39:00,609 [INFO] Processed 1000 scores in batch 162.
2025-10-12 13:39:02,787 [INFO] Processed 1000 scores in batch 163.
2025-10-12 13:39:05,289 [INFO] Processed 1000 scores in batch 164.
2025-10-12 13:39:07,623 [INFO] Processed 1000 scores in batch 165.
2025-10-12 13:39:09,817 [INFO] Processed 1000 scores in batch 166.
2025-10-12 13:39:12,044 [INFO] Processed 1000 scores in batch 167.
2025-10-12 13:39:14,510 [INFO] Processed 1000 scores in batch 168.
2025-10-12 13:39:19,171 [INFO] Processed 1000 scores in batch 169.
2025-10-12 13:39:21,315 [INFO] Processed 1000 scores in batch 170.
2025-10-12 13:39:23,713 [INFO] Processed 1000 scores in batch 171.
2025-10-12 13:39:26,130 [INFO] Processed 1000 scores in batch 172.
2025-10-12 13:39:28,404 [INFO] Processed 1000 scores in batch 173.
2025-10-12 13:39:31,678 [INFO] Processed 1000 scores in batch 174.
2025-10-12 13:39:35,197 [INFO] Processed 1000 scores in batch 175.
2025-10-12 13:39:37,769 [INFO] Processed 1000 scores in batch 176.
2025-10-12 13:39:40,317 [INFO] Processed 1000 scores in batch 177.
2025-10-12 13:39:42,682 [INFO] Processed 1000 scores in batch 178.
2025-10-12 13:39:45,055 [INFO] Processed 1000 scores in batch 179.
2025-10-12 13:39:47,379 [INFO] Processed 1000 scores in batch 180.
2025-10-12 13:39:49,643 [INFO] Processed 1000 scores in batch 181.
2025-10-12 13:39:52,068 [INFO] Processed 1000 scores in batch 182.
2025-10-12 13:39:54,340 [INFO] Processed 1000 scores in batch 183.
2025-10-12 13:39:56,772 [INFO] Processed 1000 scores in batch 184.
2025-10-12 13:39:59,051 [INFO] Processed 1000 scores in batch 185.
2025-10-12 13:40:01,418 [INFO] Processed 1000 scores in batch 186.
2025-10-12 13:40:03,605 [INFO] Processed 1000 scores in batch 187.
2025-10-12 13:40:06,085 [INFO] Processed 1000 scores in batch 188.
2025-10-12 13:40:08,426 [INFO] Processed 1000 scores in batch 189.
2025-10-12 13:40:10,605 [INFO] Processed 1000 scores in batch 190.
2025-10-12 13:40:12,923 [INFO] Processed 1000 scores in batch 191.
2025-10-12 13:40:15,292 [INFO] Processed 1000 scores in batch 192.
2025-10-12 13:40:17,719 [INFO] Processed 1000 scores in batch 193.
2025-10-12 13:40:19,931 [INFO] Processed 1000 scores in batch 194.
2025-10-12 13:40:22,280 [INFO] Processed 1000 scores in batch 195.
2025-10-12 13:40:24,576 [INFO] Processed 1000 scores in batch 196.
2025-10-12 13:40:27,122 [INFO] Processed 1000 scores in batch 197.
2025-10-12 13:40:29,406 [INFO] Processed 1000 scores in batch 198.
2025-10-12 13:40:31,931 [INFO] Processed 1000 scores in batch 199.
2025-10-12 13:40:34,543 [INFO] Processed 1000 scores in batch 200.
2025-10-12 13:40:36,844 [INFO] Processed 1000 scores in batch 201.
2025-10-12 13:40:40,334 [INFO] Processed 1000 scores in batch 202.
2025-10-12 13:40:44,294 [INFO] Processed 1000 scores in batch 203.
2025-10-12 13:40:48,540 [INFO] Processed 1000 scores in batch 204.
2025-10-12 13:40:52,888 [INFO] Processed 1000 scores in batch 205.
2025-10-12 13:40:57,683 [INFO] Processed 1000 scores in batch 206.
2025-10-12 13:41:02,021 [INFO] Processed 1000 scores in batch 207.
2025-10-12 13:41:06,060 [INFO] Processed 1000 scores in batch 208.
2025-10-12 13:41:08,611 [INFO] Processed 1000 scores in batch 209.
2025-10-12 13:41:11,107 [INFO] Processed 1000 scores in batch 210.
2025-10-12 13:41:15,015 [INFO] Processed 1000 scores in batch 211.
2025-10-12 13:41:19,073 [INFO] Processed 1000 scores in batch 212.
2025-10-12 13:41:23,684 [INFO] Processed 1000 scores in batch 213.
2025-10-12 13:41:29,072 [INFO] Processed 1000 scores in batch 214.
2025-10-12 13:41:33,698 [INFO] Processed 1000 scores in batch 215.
2025-10-12 13:41:37,668 [INFO] Processed 1000 scores in batch 216.
2025-10-12 13:41:41,824 [INFO] Processed 1000 scores in batch 217.
2025-10-12 13:41:45,777 [INFO] Processed 1000 scores in batch 218.
2025-10-12 13:41:49,629 [INFO] Processed 1000 scores in batch 219.
2025-10-12 13:41:51,958 [INFO] Processed 1000 scores in batch 220.
2025-10-12 13:41:55,764 [INFO] Processed 1000 scores in batch 221.
2025-10-12 13:41:59,694 [INFO] Processed 1000 scores in batch 222.
2025-10-12 13:42:04,220 [INFO] Processed 1000 scores in batch 223.
2025-10-12 13:42:08,508 [INFO] Processed 1000 scores in batch 224.
2025-10-12 13:42:12,650 [INFO] Processed 1000 scores in batch 225.
2025-10-12 13:42:17,073 [INFO] Processed 1000 scores in batch 226.
2025-10-12 13:42:20,638 [INFO] Processed 1000 scores in batch 227.
2025-10-12 13:42:24,321 [INFO] Processed 1000 scores in batch 228.
2025-10-12 13:42:30,015 [INFO] Processed 1000 scores in batch 229.
2025-10-12 13:42:32,939 [INFO] Processed 1000 scores in batch 230.
2025-10-12 13:42:35,831 [INFO] Processed 1000 scores in batch 231.
2025-10-12 13:42:38,250 [INFO] Processed 1000 scores in batch 232.
2025-10-12 13:42:40,544 [INFO] Processed 1000 scores in batch 233.
2025-10-12 13:42:44,086 [INFO] Processed 1000 scores in batch 234.
2025-10-12 13:42:47,248 [INFO] Processed 1000 scores in batch 235.
2025-10-12 13:42:51,436 [INFO] Processed 1000 scores in batch 236.
2025-10-12 13:42:55,660 [INFO] Processed 1000 scores in batch 237.
2025-10-12 13:43:00,401 [INFO] Processed 1000 scores in batch 238.
2025-10-12 13:43:05,187 [INFO] Processed 1000 scores in batch 239.
2025-10-12 13:43:08,875 [INFO] Processed 1000 scores in batch 240.
2025-10-12 13:43:12,731 [INFO] Processed 1000 scores in batch 241.
2025-10-12 13:43:16,192 [INFO] Processed 1000 scores in batch 242.
2025-10-12 13:43:19,008 [INFO] Processed 1000 scores in batch 243.
2025-10-12 13:43:21,523 [INFO] Processed 1000 scores in batch 244.
2025-10-12 13:43:24,069 [INFO] Processed 1000 scores in batch 245.
2025-10-12 13:43:26,548 [INFO] Processed 1000 scores in batch 246.
2025-10-12 13:43:29,112 [INFO] Processed 1000 scores in batch 247.
2025-10-12 13:43:32,864 [INFO] Processed 1000 scores in batch 248.
2025-10-12 13:43:38,228 [INFO] Processed 1000 scores in batch 249.
2025-10-12 13:43:42,881 [INFO] Processed 1000 scores in batch 250.
2025-10-12 13:43:47,935 [INFO] Processed 1000 scores in batch 251.
2025-10-12 13:43:52,260 [INFO] Processed 1000 scores in batch 252.
2025-10-12 13:43:56,699 [INFO] Processed 1000 scores in batch 253.
2025-10-12 13:44:00,664 [INFO] Processed 1000 scores in batch 254.
2025-10-12 13:44:04,066 [INFO] Processed 1000 scores in batch 255.
2025-10-12 13:44:07,339 [INFO] Processed 1000 scores in batch 256.
2025-10-12 13:44:09,734 [INFO] Processed 1000 scores in batch 257.
2025-10-12 13:44:12,019 [INFO] Processed 1000 scores in batch 258.
2025-10-12 13:44:14,444 [INFO] Processed 1000 scores in batch 259.
2025-10-12 13:44:16,638 [INFO] Processed 1000 scores in batch 260.
2025-10-12 13:44:18,838 [INFO] Processed 1000 scores in batch 261.
2025-10-12 13:44:21,143 [INFO] Processed 1000 scores in batch 262.
2025-10-12 13:44:23,571 [INFO] Processed 1000 scores in batch 263.
2025-10-12 13:44:25,842 [INFO] Processed 1000 scores in batch 264.
2025-10-12 13:44:28,064 [INFO] Processed 1000 scores in batch 265.
2025-10-12 13:44:30,145 [INFO] Processed 1000 scores in batch 266.
2025-10-12 13:44:32,436 [INFO] Processed 1000 scores in batch 267.
2025-10-12 13:44:34,766 [INFO] Processed 1000 scores in batch 268.
2025-10-12 13:44:36,980 [INFO] Processed 1000 scores in batch 269.
2025-10-12 13:44:39,284 [INFO] Processed 1000 scores in batch 270.
2025-10-12 13:44:44,094 [INFO] Processed 1000 scores in batch 271.
2025-10-12 13:44:46,326 [INFO] Processed 1000 scores in batch 272.
2025-10-12 13:44:48,556 [INFO] Processed 1000 scores in batch 273.
2025-10-12 13:44:50,803 [INFO] Processed 1000 scores in batch 274.
2025-10-12 13:44:53,094 [INFO] Processed 1000 scores in batch 275.
2025-10-12 13:44:55,233 [INFO] Processed 1000 scores in batch 276.
2025-10-12 13:44:57,523 [INFO] Processed 1000 scores in batch 277.
2025-10-12 13:44:59,727 [INFO] Processed 1000 scores in batch 278.
2025-10-12 13:45:02,172 [INFO] Processed 1000 scores in batch 279.
2025-10-12 13:45:04,503 [INFO] Processed 1000 scores in batch 280.
2025-10-12 13:45:06,598 [INFO] Processed 1000 scores in batch 281.
2025-10-12 13:45:08,752 [INFO] Processed 1000 scores in batch 282.
2025-10-12 13:45:11,279 [INFO] Processed 1000 scores in batch 283.
2025-10-12 13:45:15,271 [INFO] Processed 1000 scores in batch 284.
2025-10-12 13:45:19,264 [INFO] Processed 1000 scores in batch 285.
2025-10-12 13:45:21,209 [INFO] Processed 1000 scores in batch 286.
2025-10-12 13:45:23,476 [INFO] Processed 1000 scores in batch 287.
2025-10-12 13:45:25,723 [INFO] Processed 1000 scores in batch 288.
2025-10-12 13:45:27,786 [INFO] Processed 1000 scores in batch 289.
2025-10-12 13:45:29,973 [INFO] Processed 1000 scores in batch 290.
2025-10-12 13:45:32,339 [INFO] Processed 1000 scores in batch 291.
2025-10-12 13:45:34,672 [INFO] Processed 1000 scores in batch 292.
2025-10-12 13:45:36,791 [INFO] Processed 1000 scores in batch 293.
2025-10-12 13:45:38,958 [INFO] Processed 1000 scores in batch 294.
2025-10-12 13:45:41,442 [INFO] Processed 1000 scores in batch 295.
2025-10-12 13:45:43,617 [INFO] Processed 1000 scores in batch 296.
2025-10-12 13:45:45,774 [INFO] Processed 1000 scores in batch 297.
2025-10-12 13:45:47,844 [INFO] Processed 1000 scores in batch 298.
2025-10-12 13:45:49,981 [INFO] Processed 1000 scores in batch 299.
2025-10-12 13:45:52,107 [INFO] Processed 1000 scores in batch 300.
2025-10-12 13:45:54,295 [INFO] Processed 1000 scores in batch 301.
2025-10-12 13:45:56,877 [INFO] Processed 1000 scores in batch 302.
2025-10-12 13:45:59,650 [INFO] Processed 1000 scores in batch 303.
2025-10-12 13:46:01,708 [INFO] Processed 1000 scores in batch 304.
2025-10-12 13:46:03,865 [INFO] Processed 1000 scores in batch 305.
2025-10-12 13:46:06,203 [INFO] Processed 1000 scores in batch 306.
2025-10-12 13:46:08,376 [INFO] Processed 1000 scores in batch 307.
2025-10-12 13:46:10,723 [INFO] Processed 1000 scores in batch 308.
2025-10-12 13:46:13,025 [INFO] Processed 1000 scores in batch 309.
2025-10-12 13:46:15,616 [INFO] Processed 1000 scores in batch 310.
2025-10-12 13:46:17,720 [INFO] Processed 1000 scores in batch 311.
2025-10-12 13:46:19,888 [INFO] Processed 1000 scores in batch 312.
2025-10-12 13:46:21,970 [INFO] Processed 1000 scores in batch 313.
2025-10-12 13:46:24,257 [INFO] Processed 1000 scores in batch 314.
2025-10-12 13:46:28,155 [INFO] Processed 1000 scores in batch 315.
2025-10-12 13:46:30,429 [INFO] Processed 1000 scores in batch 316.
2025-10-12 13:46:32,857 [INFO] Processed 1000 scores in batch 317.
2025-10-12 13:46:34,934 [INFO] Processed 1000 scores in batch 318.
2025-10-12 13:46:37,640 [INFO] Processed 1000 scores in batch 319.
2025-10-12 13:46:41,905 [INFO] Processed 1000 scores in batch 320.
2025-10-12 13:46:46,139 [INFO] Processed 1000 scores in batch 321.
2025-10-12 13:46:50,593 [INFO] Processed 1000 scores in batch 322.
2025-10-12 13:46:53,527 [INFO] Processed 1000 scores in batch 323.
2025-10-12 13:46:57,448 [INFO] Processed 1000 scores in batch 324.
2025-10-12 13:47:01,086 [INFO] Processed 1000 scores in batch 325.
2025-10-12 13:47:03,736 [INFO] Processed 1000 scores in batch 326.
2025-10-12 13:47:07,801 [INFO] Processed 1000 scores in batch 327.
2025-10-12 13:47:12,791 [INFO] Processed 1000 scores in batch 328.
2025-10-12 13:47:18,816 [INFO] Processed 1000 scores in batch 329.
2025-10-12 13:47:24,550 [INFO] Processed 1000 scores in batch 330.
2025-10-12 13:47:30,024 [INFO] Processed 1000 scores in batch 331.
2025-10-12 13:47:34,706 [INFO] Processed 1000 scores in batch 332.
2025-10-12 13:47:38,455 [INFO] Processed 1000 scores in batch 333.
2025-10-12 13:47:41,354 [INFO] Processed 1000 scores in batch 334.
2025-10-12 13:47:44,257 [INFO] Processed 1000 scores in batch 335.
2025-10-12 13:47:47,040 [INFO] Processed 1000 scores in batch 336.
2025-10-12 13:47:49,662 [INFO] Processed 1000 scores in batch 337.
2025-10-12 13:47:52,150 [INFO] Processed 1000 scores in batch 338.
2025-10-12 13:47:54,725 [INFO] Processed 1000 scores in batch 339.
2025-10-12 13:47:57,123 [INFO] Processed 1000 scores in batch 340.
2025-10-12 13:47:59,622 [INFO] Processed 1000 scores in batch 341.
2025-10-12 13:48:02,245 [INFO] Processed 1000 scores in batch 342.
2025-10-12 13:48:04,729 [INFO] Processed 1000 scores in batch 343.
2025-10-12 13:48:07,276 [INFO] Processed 1000 scores in batch 344.
2025-10-12 13:48:09,796 [INFO] Processed 1000 scores in batch 345.
2025-10-12 13:48:12,589 [INFO] Processed 1000 scores in batch 346.
2025-10-12 13:48:14,926 [INFO] Processed 1000 scores in batch 347.
2025-10-12 13:48:17,227 [INFO] Processed 1000 scores in batch 348.
2025-10-12 13:48:19,784 [INFO] Processed 1000 scores in batch 349.
2025-10-12 13:48:22,372 [INFO] Processed 1000 scores in batch 350.
2025-10-12 13:48:24,958 [INFO] Processed 1000 scores in batch 351.
2025-10-12 13:48:27,538 [INFO] Processed 1000 scores in batch 352.
2025-10-12 13:48:29,956 [INFO] Processed 1000 scores in batch 353.
2025-10-12 13:48:34,185 [INFO] Processed 1000 scores in batch 354.
2025-10-12 13:48:36,559 [INFO] Processed 1000 scores in batch 355.
2025-10-12 13:48:38,943 [INFO] Processed 1000 scores in batch 356.
2025-10-12 13:48:41,437 [INFO] Processed 1000 scores in batch 357.
2025-10-12 13:48:44,015 [INFO] Processed 1000 scores in batch 358.
2025-10-12 13:48:46,893 [INFO] Processed 1000 scores in batch 359.
2025-10-12 13:48:49,315 [INFO] Processed 1000 scores in batch 360.
2025-10-12 13:48:51,605 [INFO] Processed 1000 scores in batch 361.
2025-10-12 13:48:53,785 [INFO] Processed 1000 scores in batch 362.
2025-10-12 13:48:56,256 [INFO] Processed 1000 scores in batch 363.
2025-10-12 13:48:58,746 [INFO] Processed 1000 scores in batch 364.
2025-10-12 13:49:01,483 [INFO] Processed 1000 scores in batch 365.
2025-10-12 13:49:03,904 [INFO] Processed 1000 scores in batch 366.
2025-10-12 13:49:06,627 [INFO] Processed 1000 scores in batch 367.
2025-10-12 13:49:09,101 [INFO] Processed 1000 scores in batch 368.
2025-10-12 13:49:11,766 [INFO] Processed 1000 scores in batch 369.
2025-10-12 13:49:14,343 [INFO] Processed 1000 scores in batch 370.
2025-10-12 13:49:16,853 [INFO] Processed 1000 scores in batch 371.
2025-10-12 13:49:19,099 [INFO] Processed 1000 scores in batch 372.
2025-10-12 13:49:21,347 [INFO] Processed 1000 scores in batch 373.
2025-10-12 13:49:23,614 [INFO] Processed 1000 scores in batch 374.
2025-10-12 13:49:25,858 [INFO] Processed 1000 scores in batch 375.
2025-10-12 13:49:28,393 [INFO] Processed 1000 scores in batch 376.
2025-10-12 13:49:30,840 [INFO] Processed 1000 scores in batch 377.
2025-10-12 13:49:34,860 [INFO] Processed 1000 scores in batch 378.
2025-10-12 13:49:37,088 [INFO] Processed 1000 scores in batch 379.
2025-10-12 13:49:39,401 [INFO] Processed 1000 scores in batch 380.
2025-10-12 13:49:41,778 [INFO] Processed 1000 scores in batch 381.
2025-10-12 13:49:44,302 [INFO] Processed 1000 scores in batch 382.
2025-10-12 13:49:46,750 [INFO] Processed 1000 scores in batch 383.
2025-10-12 13:49:49,428 [INFO] Processed 1000 scores in batch 384.
2025-10-12 13:49:52,256 [INFO] Processed 1000 scores in batch 385.
2025-10-12 13:49:54,818 [INFO] Processed 1000 scores in batch 386.
2025-10-12 13:49:57,484 [INFO] Processed 1000 scores in batch 387.
2025-10-12 13:49:59,897 [INFO] Processed 1000 scores in batch 388.
2025-10-12 13:50:02,461 [INFO] Processed 1000 scores in batch 389.
2025-10-12 13:50:04,883 [INFO] Processed 1000 scores in batch 390.
2025-10-12 13:50:07,358 [INFO] Processed 1000 scores in batch 391.
2025-10-12 13:50:09,601 [INFO] Processed 1000 scores in batch 392.
2025-10-12 13:50:12,035 [INFO] Processed 1000 scores in batch 393.
2025-10-12 13:50:16,667 [INFO] Processed 1000 scores in batch 394.
2025-10-12 13:50:19,321 [INFO] Processed 1000 scores in batch 395.
2025-10-12 13:50:21,865 [INFO] Processed 1000 scores in batch 396.
2025-10-12 13:50:24,476 [INFO] Processed 1000 scores in batch 397.
2025-10-12 13:50:27,015 [INFO] Processed 1000 scores in batch 398.
2025-10-12 13:50:29,512 [INFO] Processed 1000 scores in batch 399.
2025-10-12 13:50:32,184 [INFO] Processed 1000 scores in batch 400.
2025-10-12 13:50:34,855 [INFO] Processed 1000 scores in batch 401.
2025-10-12 13:50:37,117 [INFO] Processed 1000 scores in batch 402.
2025-10-12 13:50:39,662 [INFO] Processed 1000 scores in batch 403.
2025-10-12 13:50:42,233 [INFO] Processed 1000 scores in batch 404.
2025-10-12 13:50:44,729 [INFO] Processed 1000 scores in batch 405.
2025-10-12 13:50:47,112 [INFO] Processed 1000 scores in batch 406.
2025-10-12 13:50:49,426 [INFO] Processed 1000 scores in batch 407.
2025-10-12 13:50:51,759 [INFO] Processed 1000 scores in batch 408.
2025-10-12 13:50:54,667 [INFO] Processed 1000 scores in batch 409.
2025-10-12 13:50:57,356 [INFO] Processed 1000 scores in batch 410.
2025-10-12 13:50:59,924 [INFO] Processed 1000 scores in batch 411.
2025-10-12 13:51:05,690 [INFO] Processed 1000 scores in batch 412.
2025-10-12 13:51:08,207 [INFO] Processed 1000 scores in batch 413.
2025-10-12 13:51:10,779 [INFO] Processed 1000 scores in batch 414.
2025-10-12 13:51:15,870 [INFO] Processed 1000 scores in batch 415.
2025-10-12 13:51:21,127 [INFO] Processed 1000 scores in batch 416.
2025-10-12 13:51:26,329 [INFO] Processed 1000 scores in batch 417.
2025-10-12 13:51:31,315 [INFO] Processed 1000 scores in batch 418.
2025-10-12 13:51:37,205 [INFO] Processed 1000 scores in batch 419.
2025-10-12 13:51:42,120 [INFO] Processed 1000 scores in batch 420.
2025-10-12 13:51:46,129 [INFO] Processed 1000 scores in batch 421.
2025-10-12 13:51:50,154 [INFO] Processed 1000 scores in batch 422.
2025-10-12 13:51:53,903 [INFO] Processed 1000 scores in batch 423.
2025-10-12 13:51:57,390 [INFO] Processed 1000 scores in batch 424.
2025-10-12 13:52:00,103 [INFO] Processed 1000 scores in batch 425.
2025-10-12 13:52:02,708 [INFO] Processed 1000 scores in batch 426.
2025-10-12 13:52:05,385 [INFO] Processed 1000 scores in batch 427.
2025-10-12 13:52:08,288 [INFO] Processed 1000 scores in batch 428.
2025-10-12 13:52:11,089 [INFO] Processed 1000 scores in batch 429.
2025-10-12 13:52:13,522 [INFO] Processed 1000 scores in batch 430.
2025-10-12 13:52:16,057 [INFO] Processed 1000 scores in batch 431.
2025-10-12 13:52:18,389 [INFO] Processed 1000 scores in batch 432.
2025-10-12 13:52:20,791 [INFO] Processed 1000 scores in batch 433.
2025-10-12 13:52:23,548 [INFO] Processed 1000 scores in batch 434.
2025-10-12 13:52:25,882 [INFO] Processed 1000 scores in batch 435.
2025-10-12 13:52:30,107 [INFO] Processed 1000 scores in batch 436.
2025-10-12 13:52:32,268 [INFO] Processed 1000 scores in batch 437.
2025-10-12 13:52:34,787 [INFO] Processed 1000 scores in batch 438.
2025-10-12 13:52:37,275 [INFO] Processed 1000 scores in batch 439.
2025-10-12 13:52:39,705 [INFO] Processed 1000 scores in batch 440.
2025-10-12 13:52:42,206 [INFO] Processed 1000 scores in batch 441.
2025-10-12 13:52:44,432 [INFO] Processed 1000 scores in batch 442.
2025-10-12 13:52:47,019 [INFO] Processed 1000 scores in batch 443.
2025-10-12 13:52:49,327 [INFO] Processed 1000 scores in batch 444.
2025-10-12 13:52:52,954 [INFO] Processed 1000 scores in batch 445.
2025-10-12 13:52:55,527 [INFO] Processed 1000 scores in batch 446.
2025-10-12 13:52:58,617 [INFO] Processed 1000 scores in batch 447.
2025-10-12 13:53:01,678 [INFO] Processed 1000 scores in batch 448.
2025-10-12 13:53:04,092 [INFO] Processed 1000 scores in batch 449.
2025-10-12 13:53:06,398 [INFO] Processed 1000 scores in batch 450.
2025-10-12 13:53:09,139 [INFO] Processed 1000 scores in batch 451.
2025-10-12 13:53:11,494 [INFO] Processed 1000 scores in batch 452.
2025-10-12 14:02:43,890 [INFO] Initializing OsuDataFetcher...
2025-10-12 14:02:43,890 [INFO] Found 'config.txt'. Reading configuration...
2025-10-12 14:02:43,890 [INFO] Reading configuration file...
2025-10-12 14:03:00,791 [INFO] Executing routine 0...
2025-10-12 14:03:00,791 [INFO] Fetching beatmaps...
2025-10-12 14:03:01,442 [INFO] Processed batch 5344728-5344777 with 34 beatmaps.
2025-10-12 14:03:02,349 [INFO] Processed batch 5344778-5344827 with 44 beatmaps.
2025-10-12 14:03:05,776 [INFO] Processed batch 5344828-5344877 with 41 beatmaps.
2025-10-12 14:03:06,399 [INFO] Processed batch 5344878-5344927 with 41 beatmaps.
2025-10-12 14:03:07,002 [INFO] Processed batch 5344928-5344977 with 35 beatmaps.
2025-10-12 14:03:07,646 [INFO] Processed batch 5344978-5345027 with 48 beatmaps.
2025-10-12 14:03:08,269 [INFO] Processed batch 5345028-5345077 with 41 beatmaps.
2025-10-12 14:03:09,431 [INFO] Processed batch 5345078-5345127 with 36 beatmaps.
2025-10-12 14:03:09,972 [INFO] Processed batch 5345128-5345177 with 32 beatmaps.
2025-10-12 14:03:10,694 [INFO] Processed batch 5345178-5345227 with 35 beatmaps.
2025-10-12 14:03:11,345 [INFO] Processed batch 5345228-5345277 with 33 beatmaps.
2025-10-12 14:03:12,025 [INFO] Processed batch 5345278-5345327 with 43 beatmaps.
2025-10-12 14:03:12,710 [INFO] Processed batch 5345328-5345377 with 46 beatmaps.
2025-10-12 14:03:13,425 [INFO] Processed batch 5345378-5345427 with 41 beatmaps.
2025-10-12 14:03:14,229 [INFO] Processed batch 5345428-5345477 with 39 beatmaps.
2025-10-12 14:03:14,801 [INFO] Processed batch 5345478-5345527 with 32 beatmaps.
2025-10-12 14:03:15,436 [INFO] Processed batch 5345528-5345577 with 36 beatmaps.
2025-10-12 14:03:15,971 [INFO] Processed batch 5345578-5345627 with 28 beatmaps.
2025-10-12 14:03:16,519 [INFO] Processed batch 5345628-5345677 with 28 beatmaps.
2025-10-12 14:03:17,105 [INFO] Processed batch 5345678-5345727 with 34 beatmaps.
2025-10-12 14:03:17,852 [INFO] Processed batch 5345728-5345777 with 29 beatmaps.
2025-10-12 14:03:18,260 [INFO] Processed batch 5345778-5345827 with 0 beatmaps.
2025-10-12 14:03:18,260 [INFO] Fetching users...
2025-10-12 14:03:18,864 [INFO] Processed batch 38579445-38579494 with 49 users.
2025-10-12 14:03:19,329 [INFO] Processed batch 38579495-38579544 with 50 users.
2025-10-12 14:03:19,793 [INFO] Processed batch 38579545-38579594 with 47 users.
2025-10-12 14:03:20,269 [INFO] Processed batch 38579595-38579644 with 49 users.
2025-10-12 14:03:20,768 [INFO] Processed batch 38579645-38579694 with 50 users.
2025-10-12 14:03:21,251 [INFO] Processed batch 38579695-38579744 with 50 users.
2025-10-12 14:03:21,748 [INFO] Processed batch 38579745-38579794 with 50 users.
2025-10-12 14:03:22,256 [INFO] Processed batch 38579795-38579844 with 50 users.
2025-10-12 14:03:22,833 [INFO] Processed batch 38579845-38579894 with 50 users.
2025-10-12 14:03:23,313 [INFO] Processed batch 38579895-38579944 with 50 users.
2025-10-12 14:03:23,859 [INFO] Processed batch 38579945-38579994 with 49 users.
2025-10-12 14:03:24,518 [INFO] Processed batch 38579995-38580044 with 50 users.
2025-10-12 14:03:24,992 [INFO] Processed batch 38580045-38580094 with 49 users.
2025-10-12 14:03:26,287 [INFO] Processed batch 38580095-38580144 with 48 users.
2025-10-12 14:03:26,895 [INFO] Processed batch 38580145-38580194 with 49 users.
2025-10-12 14:03:27,387 [INFO] Processed batch 38580195-38580244 with 49 users.
2025-10-12 14:03:27,885 [INFO] Processed batch 38580245-38580294 with 50 users.
2025-10-12 14:03:28,354 [INFO] Processed batch 38580295-38580344 with 49 users.
2025-10-12 14:03:28,986 [INFO] Processed batch 38580345-38580394 with 50 users.
2025-10-12 14:03:29,493 [INFO] Processed batch 38580395-38580444 with 48 users.
2025-10-12 14:03:29,995 [INFO] Processed batch 38580445-38580494 with 50 users.
2025-10-12 14:03:30,553 [INFO] Processed batch 38580495-38580544 with 49 users.
2025-10-12 14:03:31,006 [INFO] Processed batch 38580545-38580594 with 49 users.
2025-10-12 14:03:31,611 [INFO] Processed batch 38580595-38580644 with 48 users.
2025-10-12 14:03:33,129 [INFO] Processed batch 38580645-38580694 with 48 users.
2025-10-12 14:03:33,608 [INFO] Processed batch 38580695-38580744 with 49 users.
2025-10-12 14:03:34,091 [INFO] Processed batch 38580745-38580794 with 48 users.
2025-10-12 14:03:34,676 [INFO] Processed batch 38580795-38580844 with 49 users.
2025-10-12 14:03:35,236 [INFO] Processed batch 38580845-38580894 with 49 users.
2025-10-12 14:03:35,755 [INFO] Processed batch 38580895-38580944 with 49 users.
2025-10-12 14:03:38,628 [INFO] Processed batch 38580945-38580994 with 49 users.
2025-10-12 14:03:39,183 [INFO] Processed batch 38580995-38581044 with 49 users.
2025-10-12 14:03:39,668 [INFO] Processed batch 38581045-38581094 with 50 users.
2025-10-12 14:03:40,192 [INFO] Processed batch 38581095-38581144 with 49 users.
2025-10-12 14:03:40,691 [INFO] Processed batch 38581145-38581194 with 50 users.
2025-10-12 14:03:41,264 [INFO] Processed batch 38581195-38581244 with 50 users.
2025-10-12 14:03:41,727 [INFO] Processed batch 38581245-38581294 with 49 users.
2025-10-12 14:03:42,275 [INFO] Processed batch 38581295-38581344 with 50 users.
2025-10-12 14:03:42,744 [INFO] Processed batch 38581345-38581394 with 47 users.
2025-10-12 14:03:45,700 [INFO] Processed batch 38581395-38581444 with 50 users.
2025-10-12 14:03:46,276 [INFO] Processed batch 38581445-38581494 with 50 users.
2025-10-12 14:03:46,772 [INFO] Processed batch 38581495-38581544 with 50 users.
2025-10-12 14:03:47,252 [INFO] Processed batch 38581545-38581594 with 50 users.
2025-10-12 14:03:47,728 [INFO] Processed batch 38581595-38581644 with 49 users.
2025-10-12 14:03:48,366 [INFO] Processed batch 38581645-38581694 with 50 users.
2025-10-12 14:03:48,914 [INFO] Processed batch 38581695-38581744 with 48 users.
2025-10-12 14:03:49,546 [INFO] Processed batch 38581745-38581794 with 49 users.
2025-10-12 14:03:50,007 [INFO] Processed batch 38581795-38581844 with 49 users.
2025-10-12 14:03:51,708 [INFO] Processed batch 38581845-38581894 with 50 users.
2025-10-12 14:03:52,187 [INFO] Processed batch 38581895-38581944 with 49 users.
2025-10-12 14:03:52,651 [INFO] Processed batch 38581945-38581994 with 49 users.
2025-10-12 14:03:53,133 [INFO] Processed batch 38581995-38582044 with 50 users.
2025-10-12 14:03:53,634 [INFO] Processed batch 38582045-38582094 with 49 users.
2025-10-12 14:03:54,100 [INFO] Processed batch 38582095-38582144 with 47 users.
2025-10-12 14:03:54,599 [INFO] Processed batch 38582145-38582194 with 49 users.
2025-10-12 14:03:55,111 [INFO] Processed batch 38582195-38582244 with 50 users.
2025-10-12 14:03:55,686 [INFO] Processed batch 38582245-38582294 with 49 users.
2025-10-12 14:03:56,174 [INFO] Processed batch 38582295-38582344 with 50 users.
2025-10-12 14:03:56,689 [INFO] Processed batch 38582345-38582394 with 48 users.
2025-10-12 14:03:57,326 [INFO] Processed batch 38582395-38582444 with 50 users.
2025-10-12 14:03:57,826 [INFO] Processed batch 38582445-38582494 with 50 users.
2025-10-12 14:03:58,311 [INFO] Processed batch 38582495-38582544 with 50 users.
2025-10-12 14:03:58,821 [INFO] Processed batch 38582545-38582594 with 49 users.
2025-10-12 14:03:59,339 [INFO] Processed batch 38582595-38582644 with 49 users.
2025-10-12 14:03:59,805 [INFO] Processed batch 38582645-38582694 with 50 users.
2025-10-12 14:04:00,333 [INFO] Processed batch 38582695-38582744 with 48 users.
2025-10-12 14:04:00,860 [INFO] Processed batch 38582745-38582794 with 50 users.
2025-10-12 14:04:01,374 [INFO] Processed batch 38582795-38582844 with 49 users.
2025-10-12 14:04:01,928 [INFO] Processed batch 38582845-38582894 with 48 users.
2025-10-12 14:04:02,459 [INFO] Processed batch 38582895-38582944 with 50 users.
2025-10-12 14:04:02,962 [INFO] Processed batch 38582945-38582994 with 50 users.
2025-10-12 14:04:03,586 [INFO] Processed batch 38582995-38583044 with 48 users.
2025-10-12 14:04:05,232 [INFO] Processed batch 38583045-38583094 with 50 users.
2025-10-12 14:04:05,810 [INFO] Processed batch 38583095-38583144 with 49 users.
2025-10-12 14:04:06,277 [INFO] Processed batch 38583145-38583194 with 50 users.
2025-10-12 14:04:06,792 [INFO] Processed batch 38583195-38583244 with 48 users.
2025-10-12 14:04:07,291 [INFO] Processed batch 38583245-38583294 with 50 users.
2025-10-12 14:04:07,874 [INFO] Processed batch 38583295-38583344 with 50 users.
2025-10-12 14:04:08,355 [INFO] Processed batch 38583345-38583394 with 50 users.
2025-10-12 14:04:08,870 [INFO] Processed batch 38583395-38583444 with 50 users.
2025-10-12 14:04:09,328 [INFO] Processed batch 38583445-38583494 with 50 users.
2025-10-12 14:04:09,986 [INFO] Processed batch 38583495-38583544 with 46 users.
2025-10-12 14:04:10,687 [INFO] Processed batch 38583545-38583594 with 49 users.
2025-10-12 14:04:11,169 [INFO] Processed batch 38583595-38583644 with 49 users.
2025-10-12 14:04:11,671 [INFO] Processed batch 38583645-38583694 with 50 users.
2025-10-12 14:04:12,160 [INFO] Processed batch 38583695-38583744 with 47 users.
2025-10-12 14:04:12,611 [INFO] Processed batch 38583745-38583794 with 49 users.
2025-10-12 14:04:13,077 [INFO] Processed batch 38583795-38583844 with 50 users.
2025-10-12 14:04:13,557 [INFO] Processed batch 38583845-38583894 with 50 users.
2025-10-12 14:04:14,088 [INFO] Processed batch 38583895-38583944 with 50 users.
2025-10-12 14:04:14,595 [INFO] Processed batch 38583945-38583994 with 50 users.
2025-10-12 14:04:15,045 [INFO] Processed batch 38583995-38584044 with 50 users.
2025-10-12 14:04:15,545 [INFO] Processed batch 38584045-38584094 with 50 users.
2025-10-12 14:04:15,994 [INFO] Processed batch 38584095-38584144 with 49 users.
2025-10-12 14:04:16,537 [INFO] Processed batch 38584145-38584194 with 49 users.
2025-10-12 14:04:17,024 [INFO] Processed batch 38584195-38584244 with 50 users.
2025-10-12 14:04:18,545 [INFO] Processed batch 38584245-38584294 with 50 users.
2025-10-12 14:04:19,063 [INFO] Processed batch 38584295-38584344 with 50 users.
2025-10-12 14:04:19,604 [INFO] Processed batch 38584345-38584394 with 49 users.
2025-10-12 14:04:20,084 [INFO] Processed batch 38584395-38584444 with 49 users.
2025-10-12 14:04:20,550 [INFO] Processed batch 38584445-38584494 with 50 users.
2025-10-12 14:04:21,059 [INFO] Processed batch 38584495-38584544 with 49 users.
2025-10-12 14:04:21,553 [INFO] Processed batch 38584545-38584594 with 49 users.
2025-10-12 14:04:22,034 [INFO] Processed batch 38584595-38584644 with 50 users.
2025-10-12 14:04:22,513 [INFO] Processed batch 38584645-38584694 with 48 users.
2025-10-12 14:04:22,943 [INFO] Processed batch 38584695-38584744 with 0 users.
2025-10-12 14:04:22,943 [INFO] Fetching recent scores...
2025-10-12 14:04:25,382 [INFO] Processed 1000 scores in batch 1.
2025-10-12 14:04:28,624 [INFO] Processed 1000 scores in batch 2.
2025-10-12 14:04:31,302 [INFO] Processed 1000 scores in batch 3.
2025-10-12 14:04:33,743 [INFO] Processed 1000 scores in batch 4.
2025-10-12 14:04:36,480 [INFO] Processed 1000 scores in batch 5.
2025-10-12 14:04:39,480 [INFO] Processed 1000 scores in batch 6.
2025-10-12 14:04:43,305 [INFO] Processed 1000 scores in batch 7.
2025-10-12 14:04:45,843 [INFO] Processed 1000 scores in batch 8.
2025-10-12 14:04:48,729 [INFO] Processed 1000 scores in batch 9.
2025-10-12 14:04:51,639 [INFO] Processed 1000 scores in batch 10.
2025-10-12 14:04:54,523 [INFO] Processed 1000 scores in batch 11.
2025-10-12 14:04:57,186 [INFO] Processed 1000 scores in batch 12.
2025-10-12 14:04:59,675 [INFO] Processed 1000 scores in batch 13.
2025-10-12 14:05:02,073 [INFO] Processed 1000 scores in batch 14.
2025-10-12 14:05:04,924 [INFO] Processed 1000 scores in batch 15.
2025-10-12 14:05:07,515 [INFO] Processed 1000 scores in batch 16.
2025-10-12 14:05:10,059 [INFO] Processed 1000 scores in batch 17.
2025-10-12 14:05:12,416 [INFO] Processed 1000 scores in batch 18.
2025-10-12 14:05:14,947 [INFO] Processed 1000 scores in batch 19.
2025-10-12 14:05:17,362 [INFO] Processed 1000 scores in batch 20.
2025-10-12 14:05:19,652 [INFO] Processed 1000 scores in batch 21.
2025-10-12 14:05:22,434 [INFO] Processed 1000 scores in batch 22.
2025-10-12 14:05:25,263 [INFO] Processed 1000 scores in batch 23.
2025-10-12 14:05:28,228 [INFO] Processed 1000 scores in batch 24.
2025-10-12 14:05:31,249 [INFO] Processed 1000 scores in batch 25.
2025-10-12 14:05:34,090 [INFO] Processed 1000 scores in batch 26.
2025-10-12 14:05:37,018 [INFO] Processed 1000 scores in batch 27.
2025-10-12 14:05:39,752 [INFO] Processed 1000 scores in batch 28.
2025-10-12 14:05:42,290 [INFO] Processed 1000 scores in batch 29.
2025-10-12 14:05:44,698 [INFO] Processed 1000 scores in batch 30.
2025-10-12 14:05:47,802 [INFO] Processed 1000 scores in batch 31.
2025-10-12 14:05:50,501 [INFO] Processed 1000 scores in batch 32.
2025-10-12 14:05:53,093 [INFO] Processed 1000 scores in batch 33.
2025-10-12 14:05:55,811 [INFO] Processed 1000 scores in batch 34.
2025-10-12 14:05:58,635 [INFO] Processed 1000 scores in batch 35.
2025-10-12 14:06:01,021 [INFO] Processed 1000 scores in batch 36.
2025-10-12 14:06:06,191 [INFO] Processed 1000 scores in batch 37.
2025-10-12 14:06:08,803 [INFO] Processed 1000 scores in batch 38.
2025-10-12 14:06:11,528 [INFO] Processed 1000 scores in batch 39.
2025-10-12 14:06:14,228 [INFO] Processed 1000 scores in batch 40.
2025-10-12 14:06:16,808 [INFO] Processed 1000 scores in batch 41.
2025-10-12 14:06:19,438 [INFO] Processed 1000 scores in batch 42.
2025-10-12 14:06:21,919 [INFO] Processed 1000 scores in batch 43.
2025-10-12 14:06:24,487 [INFO] Processed 1000 scores in batch 44.
2025-10-12 14:06:26,964 [INFO] Processed 1000 scores in batch 45.
2025-10-12 14:06:30,717 [INFO] Processed 1000 scores in batch 46.
2025-10-12 14:06:33,308 [INFO] Processed 1000 scores in batch 47.
2025-10-12 14:06:35,787 [INFO] Processed 1000 scores in batch 48.
2025-10-12 14:06:38,352 [INFO] Processed 1000 scores in batch 49.
2025-10-12 14:06:41,100 [INFO] Processed 1000 scores in batch 50.
2025-10-12 14:06:43,817 [INFO] Processed 1000 scores in batch 51.
2025-10-12 14:06:46,516 [INFO] Processed 1000 scores in batch 52.
2025-10-12 14:06:48,877 [INFO] Processed 1000 scores in batch 53.
2025-10-12 14:06:51,330 [INFO] Processed 1000 scores in batch 54.
2025-10-12 14:06:53,814 [INFO] Processed 1000 scores in batch 55.
2025-10-12 14:06:56,792 [INFO] Processed 1000 scores in batch 56.
2025-10-12 14:06:59,431 [INFO] Processed 1000 scores in batch 57.
2025-10-12 14:07:02,267 [INFO] Processed 1000 scores in batch 58.
2025-10-12 14:07:04,904 [INFO] Processed 1000 scores in batch 59.
2025-10-12 14:07:09,401 [INFO] Processed 1000 scores in batch 60.
2025-10-12 14:07:11,806 [INFO] Processed 1000 scores in batch 61.
2025-10-12 14:07:14,227 [INFO] Processed 1000 scores in batch 62.
2025-10-12 14:07:16,416 [INFO] Processed 1000 scores in batch 63.
2025-10-12 14:07:19,011 [INFO] Processed 1000 scores in batch 64.
2025-10-12 14:07:21,695 [INFO] Processed 1000 scores in batch 65.
2025-10-12 14:07:24,010 [INFO] Processed 1000 scores in batch 66.
2025-10-12 14:07:26,489 [INFO] Processed 1000 scores in batch 67.
2025-10-12 14:07:29,320 [INFO] Processed 1000 scores in batch 68.
2025-10-12 14:07:31,792 [INFO] Processed 1000 scores in batch 69.
2025-10-12 14:07:34,203 [INFO] Processed 1000 scores in batch 70.
2025-10-12 14:07:36,679 [INFO] Processed 1000 scores in batch 71.
2025-10-12 14:07:38,998 [INFO] Processed 1000 scores in batch 72.
2025-10-12 14:07:41,288 [INFO] Processed 1000 scores in batch 73.
2025-10-12 14:07:43,705 [INFO] Processed 1000 scores in batch 74.
2025-10-12 14:07:46,056 [INFO] Processed 1000 scores in batch 75.
2025-10-12 14:07:48,387 [INFO] Processed 1000 scores in batch 76.
2025-10-12 14:07:50,602 [INFO] Processed 1000 scores in batch 77.
2025-10-12 14:07:52,849 [INFO] Processed 1000 scores in batch 78.
2025-10-12 14:07:55,191 [INFO] Processed 1000 scores in batch 79.
2025-10-12 14:07:57,590 [INFO] Processed 1000 scores in batch 80.
2025-10-12 14:08:00,014 [INFO] Processed 1000 scores in batch 81.
2025-10-12 14:08:02,377 [INFO] Processed 1000 scores in batch 82.
2025-10-12 14:08:04,876 [INFO] Processed 1000 scores in batch 83.
2025-10-12 14:08:07,509 [INFO] Processed 1000 scores in batch 84.
2025-10-12 14:08:09,788 [INFO] Processed 1000 scores in batch 85.
2025-10-12 14:08:12,209 [INFO] Processed 1000 scores in batch 86.
2025-10-12 14:08:14,755 [INFO] Processed 1000 scores in batch 87.
2025-10-12 14:08:16,997 [INFO] Processed 1000 scores in batch 88.
2025-10-12 14:08:19,249 [INFO] Processed 1000 scores in batch 89.
2025-10-12 14:08:21,974 [INFO] Processed 1000 scores in batch 90.
2025-10-12 14:08:26,222 [INFO] Processed 1000 scores in batch 91.
2025-10-12 14:08:28,447 [INFO] Processed 1000 scores in batch 92.
2025-10-12 14:08:30,671 [INFO] Processed 1000 scores in batch 93.
2025-10-12 14:08:32,949 [INFO] Processed 1000 scores in batch 94.
2025-10-12 14:08:35,210 [INFO] Processed 1000 scores in batch 95.
2025-10-12 14:08:37,592 [INFO] Processed 1000 scores in batch 96.
2025-10-12 14:08:39,921 [INFO] Processed 1000 scores in batch 97.
2025-10-12 14:08:42,275 [INFO] Processed 1000 scores in batch 98.
2025-10-12 14:08:44,615 [INFO] Processed 1000 scores in batch 99.
2025-10-12 14:08:46,968 [INFO] Processed 1000 scores in batch 100.
2025-10-12 14:08:49,717 [INFO] Processed 1000 scores in batch 101.
2025-10-12 14:08:53,090 [INFO] Processed 1000 scores in batch 102.
2025-10-12 14:08:55,513 [INFO] Processed 1000 scores in batch 103.
2025-10-12 14:08:57,959 [INFO] Processed 1000 scores in batch 104.
2025-10-12 14:09:00,188 [INFO] Processed 1000 scores in batch 105.
2025-10-12 14:09:02,240 [INFO] Processed 1000 scores in batch 106.
2025-10-12 14:09:04,725 [INFO] Processed 1000 scores in batch 107.
2025-10-12 14:09:07,326 [INFO] Processed 1000 scores in batch 108.
2025-10-12 14:09:09,625 [INFO] Processed 1000 scores in batch 109.
2025-10-12 14:09:12,111 [INFO] Processed 1000 scores in batch 110.
2025-10-12 14:09:14,403 [INFO] Processed 1000 scores in batch 111.
2025-10-12 14:09:16,798 [INFO] Processed 1000 scores in batch 112.
2025-10-12 14:09:20,237 [INFO] Processed 1000 scores in batch 113.
2025-10-12 14:09:22,793 [INFO] Processed 1000 scores in batch 114.
2025-10-12 14:09:25,407 [INFO] Processed 1000 scores in batch 115.
2025-10-12 14:09:27,605 [INFO] Processed 1000 scores in batch 116.
2025-10-12 14:09:30,114 [INFO] Processed 1000 scores in batch 117.
2025-10-12 14:09:32,710 [INFO] Processed 1000 scores in batch 118.
2025-10-12 14:09:34,945 [INFO] Processed 1000 scores in batch 119.
2025-10-12 14:09:37,003 [INFO] Processed 1000 scores in batch 120.
2025-10-12 14:09:39,001 [INFO] Processed 1000 scores in batch 121.
2025-10-12 14:09:43,717 [INFO] Processed 1000 scores in batch 122.
2025-10-12 14:09:48,232 [INFO] Processed 1000 scores in batch 123.
2025-10-12 14:09:52,473 [INFO] Processed 1000 scores in batch 124.
2025-10-12 14:09:56,370 [INFO] Processed 1000 scores in batch 125.
2025-10-12 14:10:00,228 [INFO] Processed 1000 scores in batch 126.
2025-10-12 14:10:04,338 [INFO] Processed 1000 scores in batch 127.
2025-10-12 14:10:08,491 [INFO] Processed 1000 scores in batch 128.
2025-10-12 14:10:12,236 [INFO] Processed 1000 scores in batch 129.
2025-10-12 14:10:15,636 [INFO] Processed 1000 scores in batch 130.
2025-10-12 14:10:19,444 [INFO] Processed 1000 scores in batch 131.
2025-10-12 14:10:22,172 [INFO] Processed 1000 scores in batch 132.
2025-10-12 14:10:24,602 [INFO] Processed 1000 scores in batch 133.
2025-10-12 14:10:27,002 [INFO] Processed 1000 scores in batch 134.
2025-10-12 14:10:29,447 [INFO] Processed 1000 scores in batch 135.
2025-10-12 14:10:31,745 [INFO] Processed 1000 scores in batch 136.
2025-10-12 14:10:34,196 [INFO] Processed 1000 scores in batch 137.
2025-10-12 14:10:36,709 [INFO] Processed 1000 scores in batch 138.
2025-10-12 14:10:38,836 [INFO] Processed 1000 scores in batch 139.
2025-10-12 14:10:41,545 [INFO] Processed 1000 scores in batch 140.
2025-10-12 14:10:44,047 [INFO] Processed 1000 scores in batch 141.
2025-10-12 14:10:48,115 [INFO] Processed 1000 scores in batch 142.
2025-10-12 14:10:52,545 [INFO] Processed 1000 scores in batch 143.
2025-10-12 14:10:55,050 [INFO] Processed 1000 scores in batch 144.
2025-10-12 14:10:57,254 [INFO] Processed 1000 scores in batch 145.
2025-10-12 14:10:59,514 [INFO] Processed 1000 scores in batch 146.
2025-10-12 14:11:01,675 [INFO] Processed 1000 scores in batch 147.
2025-10-12 14:11:03,928 [INFO] Processed 1000 scores in batch 148.
2025-10-12 14:11:06,188 [INFO] Processed 1000 scores in batch 149.
2025-10-12 14:11:08,538 [INFO] Processed 1000 scores in batch 150.
2025-10-12 14:11:10,975 [INFO] Processed 1000 scores in batch 151.
2025-10-12 14:11:13,209 [INFO] Processed 1000 scores in batch 152.
2025-10-12 14:11:15,379 [INFO] Processed 1000 scores in batch 153.
2025-10-12 14:11:18,011 [INFO] Processed 1000 scores in batch 154.
2025-10-12 14:11:20,536 [INFO] Processed 1000 scores in batch 155.
2025-10-12 14:11:22,588 [INFO] Processed 1000 scores in batch 156.
2025-10-12 14:11:24,893 [INFO] Processed 1000 scores in batch 157.
2025-10-12 14:11:27,294 [INFO] Processed 1000 scores in batch 158.
2025-10-12 14:11:29,587 [INFO] Processed 1000 scores in batch 159.
2025-10-12 14:11:31,671 [INFO] Processed 1000 scores in batch 160.
2025-10-12 14:11:33,981 [INFO] Processed 1000 scores in batch 161.
2025-10-12 14:11:36,767 [INFO] Processed 1000 scores in batch 162.
2025-10-12 14:11:38,970 [INFO] Processed 1000 scores in batch 163.
2025-10-12 14:11:41,094 [INFO] Processed 1000 scores in batch 164.
2025-10-12 14:11:44,513 [INFO] Processed 1000 scores in batch 165.
2025-10-12 14:11:48,226 [INFO] Processed 1000 scores in batch 166.
2025-10-12 14:11:52,037 [INFO] Processed 1000 scores in batch 167.
2025-10-12 14:11:55,423 [INFO] Processed 1000 scores in batch 168.
2025-10-12 14:11:59,444 [INFO] Processed 1000 scores in batch 169.
2025-10-12 14:12:03,977 [INFO] Processed 1000 scores in batch 170.
2025-10-12 14:12:07,961 [INFO] Processed 1000 scores in batch 171.
2025-10-12 14:12:12,366 [INFO] Processed 1000 scores in batch 172.
2025-10-12 14:12:16,241 [INFO] Processed 1000 scores in batch 173.
2025-10-12 14:12:19,646 [INFO] Processed 1000 scores in batch 174.
2025-10-12 14:12:21,914 [INFO] Processed 1000 scores in batch 175.
2025-10-12 14:12:24,416 [INFO] Processed 1000 scores in batch 176.
2025-10-12 14:12:26,580 [INFO] Processed 1000 scores in batch 177.
2025-10-12 14:12:28,761 [INFO] Processed 1000 scores in batch 178.
2025-10-12 14:12:31,000 [INFO] Processed 1000 scores in batch 179.
2025-10-12 14:12:33,296 [INFO] Processed 1000 scores in batch 180.
2025-10-12 14:12:36,047 [INFO] Processed 1000 scores in batch 181.
2025-10-12 14:12:38,401 [INFO] Processed 1000 scores in batch 182.
2025-10-12 14:12:40,770 [INFO] Processed 1000 scores in batch 183.
2025-10-12 14:12:43,313 [INFO] Processed 1000 scores in batch 184.
2025-10-12 14:12:46,141 [INFO] Processed 1000 scores in batch 185.
2025-10-12 14:12:48,427 [INFO] Processed 1000 scores in batch 186.
2025-10-12 14:12:50,525 [INFO] Processed 1000 scores in batch 187.
2025-10-12 14:12:52,699 [INFO] Processed 1000 scores in batch 188.
2025-10-12 14:12:54,892 [INFO] Processed 1000 scores in batch 189.
2025-10-12 14:12:57,153 [INFO] Processed 1000 scores in batch 190.
2025-10-12 14:12:59,435 [INFO] Processed 1000 scores in batch 191.
2025-10-12 14:13:01,680 [INFO] Processed 1000 scores in batch 192.
2025-10-12 14:13:04,119 [INFO] Processed 1000 scores in batch 193.
2025-10-12 14:13:06,289 [INFO] Processed 1000 scores in batch 194.
2025-10-12 14:13:08,556 [INFO] Processed 1000 scores in batch 195.
2025-10-12 14:13:10,809 [INFO] Processed 1000 scores in batch 196.
2025-10-12 14:13:13,051 [INFO] Processed 1000 scores in batch 197.
2025-10-12 14:13:15,404 [INFO] Processed 1000 scores in batch 198.
2025-10-12 14:13:18,168 [INFO] Processed 1000 scores in batch 199.
2025-10-12 14:13:21,594 [INFO] Processed 1000 scores in batch 200.
2025-10-12 14:13:23,639 [INFO] Processed 1000 scores in batch 201.
2025-10-12 14:13:25,698 [INFO] Processed 1000 scores in batch 202.
2025-10-12 14:13:27,747 [INFO] Processed 1000 scores in batch 203.
2025-10-12 14:13:30,222 [INFO] Processed 1000 scores in batch 204.
2025-10-12 14:13:32,355 [INFO] Processed 1000 scores in batch 205.
2025-10-12 14:13:34,501 [INFO] Processed 1000 scores in batch 206.
2025-10-12 14:13:36,896 [INFO] Processed 1000 scores in batch 207.
2025-10-12 14:13:39,112 [INFO] Processed 1000 scores in batch 208.
2025-10-12 14:13:41,342 [INFO] Processed 1000 scores in batch 209.
2025-10-12 14:13:43,399 [INFO] Processed 1000 scores in batch 210.
2025-10-12 14:13:46,945 [INFO] Processed 1000 scores in batch 211.
2025-10-12 14:13:50,520 [INFO] Processed 1000 scores in batch 212.
2025-10-12 14:13:54,235 [INFO] Processed 1000 scores in batch 213.
2025-10-12 14:13:57,344 [INFO] Processed 1000 scores in batch 214.
2025-10-12 14:14:01,065 [INFO] Processed 1000 scores in batch 215.
2025-10-12 14:14:04,744 [INFO] Processed 1000 scores in batch 216.
2025-10-12 14:14:08,244 [INFO] Processed 1000 scores in batch 217.
2025-10-12 14:14:10,433 [INFO] Processed 1000 scores in batch 218.
2025-10-12 14:14:12,928 [INFO] Processed 1000 scores in batch 219.
2025-10-12 14:14:15,280 [INFO] Processed 1000 scores in batch 220.
2025-10-12 14:14:17,659 [INFO] Processed 1000 scores in batch 221.
2025-10-12 14:14:19,857 [INFO] Processed 1000 scores in batch 222.
2025-10-12 14:14:22,026 [INFO] Processed 1000 scores in batch 223.
2025-10-12 14:14:24,490 [INFO] Processed 1000 scores in batch 224.
2025-10-12 14:14:26,595 [INFO] Processed 1000 scores in batch 225.
2025-10-12 14:14:30,069 [INFO] Processed 1000 scores in batch 226.
2025-10-12 14:14:32,841 [INFO] Processed 1000 scores in batch 227.
2025-10-12 14:14:35,049 [INFO] Processed 1000 scores in batch 228.
2025-10-12 14:14:37,330 [INFO] Processed 1000 scores in batch 229.
2025-10-12 14:14:39,874 [INFO] Processed 1000 scores in batch 230.
2025-10-12 14:14:42,190 [INFO] Processed 1000 scores in batch 231.
2025-10-12 14:14:44,834 [INFO] Processed 1000 scores in batch 232.
2025-10-12 14:14:47,122 [INFO] Processed 1000 scores in batch 233.
2025-10-12 14:14:49,299 [INFO] Processed 1000 scores in batch 234.
2025-10-12 14:14:51,634 [INFO] Processed 1000 scores in batch 235.
2025-10-12 14:14:54,200 [INFO] Processed 1000 scores in batch 236.
2025-10-12 14:14:56,243 [INFO] Processed 1000 scores in batch 237.
2025-10-12 14:14:58,405 [INFO] Processed 1000 scores in batch 238.
2025-10-12 14:15:00,581 [INFO] Processed 1000 scores in batch 239.
2025-10-12 14:15:02,787 [INFO] Processed 1000 scores in batch 240.
2025-10-12 14:15:05,136 [INFO] Processed 1000 scores in batch 241.
2025-10-12 14:15:07,319 [INFO] Processed 1000 scores in batch 242.
2025-10-12 14:15:09,582 [INFO] Processed 1000 scores in batch 243.
2025-10-12 14:15:11,832 [INFO] Processed 1000 scores in batch 244.
2025-10-12 14:15:14,222 [INFO] Processed 1000 scores in batch 245.
2025-10-12 14:15:16,792 [INFO] Processed 1000 scores in batch 246.
2025-10-12 14:15:19,347 [INFO] Processed 1000 scores in batch 247.
2025-10-12 14:15:21,948 [INFO] Processed 1000 scores in batch 248.
2025-10-12 14:15:24,551 [INFO] Processed 1000 scores in batch 249.
2025-10-12 14:15:26,823 [INFO] Processed 1000 scores in batch 250.
2025-10-12 14:15:29,034 [INFO] Processed 1000 scores in batch 251.
2025-10-12 14:15:31,268 [INFO] Processed 1000 scores in batch 252.
2025-10-12 14:15:33,609 [INFO] Processed 1000 scores in batch 253.
2025-10-12 14:15:35,819 [INFO] Processed 1000 scores in batch 254.
2025-10-12 14:15:37,978 [INFO] Processed 1000 scores in batch 255.
2025-10-12 14:15:41,074 [INFO] Processed 1000 scores in batch 256.
2025-10-12 14:15:44,843 [INFO] Processed 1000 scores in batch 257.
2025-10-12 14:15:47,090 [INFO] Processed 1000 scores in batch 258.
2025-10-12 14:15:49,280 [INFO] Processed 1000 scores in batch 259.
2025-10-12 14:15:51,444 [INFO] Processed 1000 scores in batch 260.
2025-10-12 14:15:53,766 [INFO] Processed 1000 scores in batch 261.
2025-10-12 14:15:56,002 [INFO] Processed 1000 scores in batch 262.
2025-10-12 14:15:58,154 [INFO] Processed 1000 scores in batch 263.
2025-10-12 14:16:00,453 [INFO] Processed 1000 scores in batch 264.
2025-10-12 14:16:02,680 [INFO] Processed 1000 scores in batch 265.
2025-10-12 14:16:05,073 [INFO] Processed 1000 scores in batch 266.
2025-10-12 14:16:07,099 [INFO] Processed 1000 scores in batch 267.
2025-10-12 14:16:09,478 [INFO] Processed 1000 scores in batch 268.
2025-10-12 14:16:11,918 [INFO] Processed 1000 scores in batch 269.
2025-10-12 14:16:14,352 [INFO] Processed 1000 scores in batch 270.
2025-10-12 14:16:15,333 [INFO] Processed 338 scores in batch 271.
2025-10-12 14:16:15,879 [INFO] Processed 4 scores in batch 272.
2025-10-12 14:16:15,879 [INFO] Syncing newly ranked maps...
2025-10-12 14:16:42,514 [INFO] Executing SQL file: sql/inserts\update_beatmapLive.sql
2025-10-12 14:16:59,622 [INFO] Successfully executed: update_beatmapLive.sql
2025-10-12 14:16:59,622 [INFO] Executing SQL file: sql/inserts\insert_beatmapHistory.sql
2025-10-12 14:17:16,600 [INFO] Successfully executed: insert_beatmapHistory.sql
2025-10-12 14:17:16,600 [INFO] Updating registered users...
2025-10-12 14:17:17,062 [INFO] Processed batch 647309-10660738 with 4 users.
2025-10-12 14:17:17,063 [INFO] Executing SQL file: sql/inserts\update_userLive.sql
2025-10-12 14:17:50,153 [INFO] Successfully executed: update_userLive.sql
2025-10-12 14:17:50,153 [INFO] Executing SQL file: sql/inserts\insert_userHistory.sql
2025-10-12 14:17:50,167 [INFO] Successfully executed: insert_userHistory.sql
2025-10-12 14:17:50,167 [INFO] Routine 0 completed successfully.
2025-10-12 20:44:01,704 [INFO] Initializing OsuDataFetcher...
2025-10-12 20:44:01,705 [INFO] Found 'config.txt'. Reading configuration...
2025-10-12 20:44:01,705 [INFO] Reading configuration file...
2025-10-12 23:48:35,956 [INFO] Executing routine 0...
2025-10-12 23:48:35,958 [INFO] Fetching beatmaps...
2025-10-12 23:48:36,606 [INFO] Processed batch 5345774-5345823 with 36 beatmaps.
2025-10-12 23:48:37,273 [INFO] Processed batch 5345824-5345873 with 29 beatmaps.
2025-10-12 23:48:37,818 [INFO] Processed batch 5345874-5345923 with 31 beatmaps.
2025-10-12 23:48:38,340 [INFO] Processed batch 5345924-5345973 with 35 beatmaps.
2025-10-12 23:48:38,872 [INFO] Processed batch 5345974-5346023 with 45 beatmaps.
2025-10-12 23:48:39,447 [INFO] Processed batch 5346024-5346073 with 46 beatmaps.
2025-10-12 23:48:39,932 [INFO] Processed batch 5346074-5346123 with 14 beatmaps.
2025-10-12 23:48:40,378 [INFO] Processed batch 5346124-5346173 with 7 beatmaps.
2025-10-12 23:48:40,806 [INFO] Processed batch 5346174-5346223 with 3 beatmaps.
2025-10-12 23:48:41,239 [INFO] Processed batch 5346224-5346273 with 1 beatmaps.
2025-10-12 23:48:41,723 [INFO] Processed batch 5346274-5346323 with 17 beatmaps.
2025-10-12 23:48:42,154 [INFO] Processed batch 5346324-5346373 with 1 beatmaps.
2025-10-12 23:48:42,595 [INFO] Processed batch 5346374-5346423 with 8 beatmaps.
2025-10-12 23:48:43,030 [INFO] Processed batch 5346424-5346473 with 7 beatmaps.
2025-10-12 23:48:43,651 [INFO] Processed batch 5346474-5346523 with 4 beatmaps.
2025-10-12 23:48:44,121 [INFO] Processed batch 5346524-5346573 with 14 beatmaps.
2025-10-12 23:48:44,579 [INFO] Processed batch 5346574-5346623 with 6 beatmaps.
2025-10-12 23:48:45,052 [INFO] Processed batch 5346624-5346673 with 13 beatmaps.
2025-10-12 23:48:45,555 [INFO] Processed batch 5346674-5346723 with 31 beatmaps.
2025-10-12 23:48:46,063 [INFO] Processed batch 5346724-5346773 with 27 beatmaps.
2025-10-12 23:48:46,489 [INFO] Processed batch 5346774-5346823 with 6 beatmaps.
2025-10-12 23:48:46,920 [INFO] Processed batch 5346824-5346873 with 0 beatmaps.
2025-10-12 23:48:46,920 [INFO] Fetching users...
2025-10-12 23:48:47,611 [INFO] Processed batch 38584692-38584741 with 50 users.
2025-10-12 23:48:48,066 [INFO] Processed batch 38584742-38584791 with 50 users.
2025-10-12 23:48:48,536 [INFO] Processed batch 38584792-38584841 with 48 users.
2025-10-12 23:48:49,002 [INFO] Processed batch 38584842-38584891 with 50 users.
2025-10-12 23:48:49,472 [INFO] Processed batch 38584892-38584941 with 49 users.
2025-10-12 23:48:49,950 [INFO] Processed batch 38584942-38584991 with 49 users.
2025-10-12 23:48:50,403 [INFO] Processed batch 38584992-38585041 with 50 users.
2025-10-12 23:48:50,876 [INFO] Processed batch 38585042-38585091 with 50 users.
2025-10-12 23:48:51,348 [INFO] Processed batch 38585092-38585141 with 49 users.
2025-10-12 23:48:51,840 [INFO] Processed batch 38585142-38585191 with 49 users.
2025-10-12 23:48:52,314 [INFO] Processed batch 38585192-38585241 with 48 users.
2025-10-12 23:48:52,794 [INFO] Processed batch 38585242-38585291 with 50 users.
2025-10-12 23:48:53,273 [INFO] Processed batch 38585292-38585341 with 49 users.
2025-10-12 23:48:53,747 [INFO] Processed batch 38585342-38585391 with 48 users.
2025-10-12 23:48:54,218 [INFO] Processed batch 38585392-38585441 with 50 users.
2025-10-12 23:48:54,695 [INFO] Processed batch 38585442-38585491 with 50 users.
2025-10-12 23:48:55,152 [INFO] Processed batch 38585492-38585541 with 50 users.
2025-10-12 23:48:55,619 [INFO] Processed batch 38585542-38585591 with 50 users.
2025-10-12 23:48:56,100 [INFO] Processed batch 38585592-38585641 with 48 users.
2025-10-12 23:48:56,574 [INFO] Processed batch 38585642-38585691 with 50 users.
2025-10-12 23:48:57,292 [INFO] Processed batch 38585692-38585741 with 48 users.
2025-10-12 23:48:57,773 [INFO] Processed batch 38585742-38585791 with 49 users.
2025-10-12 23:48:58,346 [INFO] Processed batch 38585792-38585841 with 48 users.
2025-10-12 23:48:58,813 [INFO] Processed batch 38585842-38585891 with 50 users.
2025-10-12 23:49:00,302 [INFO] Processed batch 38585892-38585941 with 50 users.
2025-10-12 23:49:00,768 [INFO] Processed batch 38585942-38585991 with 49 users.
2025-10-12 23:49:01,250 [INFO] Processed batch 38585992-38586041 with 50 users.
2025-10-12 23:49:01,728 [INFO] Processed batch 38586042-38586091 with 50 users.
2025-10-12 23:49:02,229 [INFO] Processed batch 38586092-38586141 with 49 users.
2025-10-12 23:49:02,708 [INFO] Processed batch 38586142-38586191 with 49 users.
2025-10-12 23:49:03,191 [INFO] Processed batch 38586192-38586241 with 49 users.
2025-10-12 23:49:03,670 [INFO] Processed batch 38586242-38586291 with 50 users.
2025-10-12 23:49:04,148 [INFO] Processed batch 38586292-38586341 with 50 users.
2025-10-12 23:49:04,692 [INFO] Processed batch 38586342-38586391 with 49 users.
2025-10-12 23:49:05,171 [INFO] Processed batch 38586392-38586441 with 49 users.
2025-10-12 23:49:05,642 [INFO] Processed batch 38586442-38586491 with 50 users.
2025-10-12 23:49:06,085 [INFO] Processed batch 38586492-38586541 with 37 users.
2025-10-12 23:49:06,512 [INFO] Processed batch 38586542-38586591 with 0 users.
2025-10-12 23:49:06,513 [INFO] Fetching recent scores...
2025-10-12 23:49:10,281 [INFO] Processed 1000 scores in batch 1.
2025-10-12 23:49:13,450 [INFO] Processed 1000 scores in batch 2.
2025-10-12 23:49:16,390 [INFO] Processed 1000 scores in batch 3.
2025-10-12 23:49:18,993 [INFO] Processed 1000 scores in batch 4.
2025-10-12 23:49:23,228 [INFO] Processed 1000 scores in batch 5.
2025-10-12 23:49:26,778 [INFO] Processed 1000 scores in batch 6.
2025-10-12 23:49:29,262 [INFO] Processed 1000 scores in batch 7.
2025-10-12 23:49:31,800 [INFO] Processed 1000 scores in batch 8.
2025-10-12 23:49:34,499 [INFO] Processed 1000 scores in batch 9.
2025-10-12 23:49:36,868 [INFO] Processed 1000 scores in batch 10.
2025-10-12 23:49:39,150 [INFO] Processed 1000 scores in batch 11.
2025-10-12 23:49:41,653 [INFO] Processed 1000 scores in batch 12.
2025-10-12 23:49:44,558 [INFO] Processed 1000 scores in batch 13.
2025-10-12 23:49:48,673 [INFO] Processed 1000 scores in batch 14.
2025-10-12 23:49:51,169 [INFO] Processed 1000 scores in batch 15.
2025-10-12 23:49:53,608 [INFO] Processed 1000 scores in batch 16.
2025-10-12 23:49:56,107 [INFO] Processed 1000 scores in batch 17.
2025-10-12 23:49:59,805 [INFO] Processed 1000 scores in batch 18.
2025-10-12 23:50:02,504 [INFO] Processed 1000 scores in batch 19.
2025-10-12 23:50:05,200 [INFO] Processed 1000 scores in batch 20.
2025-10-12 23:50:07,562 [INFO] Processed 1000 scores in batch 21.
2025-10-12 23:50:10,183 [INFO] Processed 1000 scores in batch 22.
2025-10-12 23:50:12,798 [INFO] Processed 1000 scores in batch 23.
2025-10-12 23:50:15,157 [INFO] Processed 1000 scores in batch 24.
2025-10-12 23:50:20,394 [INFO] Processed 1000 scores in batch 25.
2025-10-12 23:50:22,780 [INFO] Processed 1000 scores in batch 26.
2025-10-12 23:50:25,010 [INFO] Processed 1000 scores in batch 27.
2025-10-12 23:50:27,457 [INFO] Processed 1000 scores in batch 28.
2025-10-12 23:50:29,794 [INFO] Processed 1000 scores in batch 29.
2025-10-12 23:50:32,340 [INFO] Processed 1000 scores in batch 30.
2025-10-12 23:50:36,323 [INFO] Processed 1000 scores in batch 31.
2025-10-12 23:50:39,164 [INFO] Processed 1000 scores in batch 32.
2025-10-12 23:50:41,528 [INFO] Processed 1000 scores in batch 33.
2025-10-12 23:50:43,978 [INFO] Processed 1000 scores in batch 34.
2025-10-12 23:50:46,360 [INFO] Processed 1000 scores in batch 35.
2025-10-12 23:50:49,115 [INFO] Processed 1000 scores in batch 36.
2025-10-12 23:50:51,510 [INFO] Processed 1000 scores in batch 37.
2025-10-12 23:50:53,875 [INFO] Processed 1000 scores in batch 38.
2025-10-12 23:50:56,390 [INFO] Processed 1000 scores in batch 39.
2025-10-12 23:50:58,929 [INFO] Processed 1000 scores in batch 40.
2025-10-12 23:51:02,850 [INFO] Processed 1000 scores in batch 41.
2025-10-12 23:51:06,893 [INFO] Processed 1000 scores in batch 42.
2025-10-12 23:51:09,610 [INFO] Processed 1000 scores in batch 43.
2025-10-12 23:51:11,995 [INFO] Processed 1000 scores in batch 44.
2025-10-12 23:51:14,382 [INFO] Processed 1000 scores in batch 45.
2025-10-12 23:51:16,714 [INFO] Processed 1000 scores in batch 46.
2025-10-12 23:51:19,068 [INFO] Processed 1000 scores in batch 47.
2025-10-12 23:51:21,426 [INFO] Processed 1000 scores in batch 48.
2025-10-12 23:51:26,195 [INFO] Processed 1000 scores in batch 49.
2025-10-12 23:51:28,658 [INFO] Processed 1000 scores in batch 50.
2025-10-12 23:51:31,025 [INFO] Processed 1000 scores in batch 51.
2025-10-12 23:51:33,205 [INFO] Processed 1000 scores in batch 52.
2025-10-12 23:51:35,345 [INFO] Processed 1000 scores in batch 53.
2025-10-12 23:51:37,720 [INFO] Processed 1000 scores in batch 54.
2025-10-12 23:51:39,867 [INFO] Processed 1000 scores in batch 55.
2025-10-12 23:51:42,268 [INFO] Processed 1000 scores in batch 56.
2025-10-12 23:51:44,614 [INFO] Processed 1000 scores in batch 57.
2025-10-12 23:51:46,978 [INFO] Processed 1000 scores in batch 58.
2025-10-12 23:51:51,452 [INFO] Processed 1000 scores in batch 59.
2025-10-12 23:51:53,832 [INFO] Processed 1000 scores in batch 60.
2025-10-12 23:51:56,124 [INFO] Processed 1000 scores in batch 61.
2025-10-12 23:51:58,485 [INFO] Processed 1000 scores in batch 62.
2025-10-12 23:52:01,293 [INFO] Processed 1000 scores in batch 63.
2025-10-12 23:52:03,735 [INFO] Processed 1000 scores in batch 64.
2025-10-12 23:52:05,958 [INFO] Processed 1000 scores in batch 65.
2025-10-12 23:52:08,433 [INFO] Processed 1000 scores in batch 66.
2025-10-12 23:52:11,216 [INFO] Processed 1000 scores in batch 67.
2025-10-12 23:52:13,890 [INFO] Processed 1000 scores in batch 68.
2025-10-12 23:52:16,567 [INFO] Processed 1000 scores in batch 69.
2025-10-12 23:52:19,588 [INFO] Processed 1000 scores in batch 70.
2025-10-12 23:52:21,965 [INFO] Processed 1000 scores in batch 71.
2025-10-12 23:52:24,228 [INFO] Processed 1000 scores in batch 72.
2025-10-12 23:52:26,469 [INFO] Processed 1000 scores in batch 73.
2025-10-12 23:52:28,711 [INFO] Processed 1000 scores in batch 74.
2025-10-12 23:52:31,160 [INFO] Processed 1000 scores in batch 75.
2025-10-12 23:52:33,570 [INFO] Processed 1000 scores in batch 76.
2025-10-12 23:52:35,856 [INFO] Processed 1000 scores in batch 77.
2025-10-12 23:52:38,141 [INFO] Processed 1000 scores in batch 78.
2025-10-12 23:52:40,353 [INFO] Processed 1000 scores in batch 79.
2025-10-12 23:52:42,748 [INFO] Processed 1000 scores in batch 80.
2025-10-12 23:52:45,073 [INFO] Processed 1000 scores in batch 81.
2025-10-12 23:52:47,592 [INFO] Processed 1000 scores in batch 82.
2025-10-12 23:52:49,868 [INFO] Processed 1000 scores in batch 83.
2025-10-12 23:52:52,325 [INFO] Processed 1000 scores in batch 84.
2025-10-12 23:52:54,792 [INFO] Processed 1000 scores in batch 85.
2025-10-12 23:52:57,237 [INFO] Processed 1000 scores in batch 86.
2025-10-12 23:52:59,725 [INFO] Processed 1000 scores in batch 87.
2025-10-12 23:53:02,058 [INFO] Processed 1000 scores in batch 88.
2025-10-12 23:53:04,479 [INFO] Processed 1000 scores in batch 89.
2025-10-12 23:53:07,312 [INFO] Processed 1000 scores in batch 90.
2025-10-12 23:53:09,880 [INFO] Processed 1000 scores in batch 91.
2025-10-12 23:53:12,571 [INFO] Processed 1000 scores in batch 92.
2025-10-12 23:53:15,338 [INFO] Processed 1000 scores in batch 93.
2025-10-12 23:53:17,658 [INFO] Processed 1000 scores in batch 94.
2025-10-12 23:53:20,206 [INFO] Processed 1000 scores in batch 95.
2025-10-12 23:53:22,444 [INFO] Processed 1000 scores in batch 96.
2025-10-12 23:53:25,020 [INFO] Processed 1000 scores in batch 97.
2025-10-12 23:53:27,206 [INFO] Processed 1000 scores in batch 98.
2025-10-12 23:53:29,379 [INFO] Processed 1000 scores in batch 99.
2025-10-12 23:53:31,570 [INFO] Processed 1000 scores in batch 100.
2025-10-12 23:53:33,846 [INFO] Processed 1000 scores in batch 101.
2025-10-12 23:53:36,171 [INFO] Processed 1000 scores in batch 102.
2025-10-12 23:53:38,456 [INFO] Processed 1000 scores in batch 103.
2025-10-12 23:53:40,704 [INFO] Processed 1000 scores in batch 104.
2025-10-12 23:53:42,711 [INFO] Processed 1000 scores in batch 105.
2025-10-12 23:53:45,011 [INFO] Processed 1000 scores in batch 106.
2025-10-12 23:53:47,143 [INFO] Processed 1000 scores in batch 107.
2025-10-12 23:53:49,341 [INFO] Processed 1000 scores in batch 108.
2025-10-12 23:53:51,402 [INFO] Processed 1000 scores in batch 109.
2025-10-12 23:53:53,642 [INFO] Processed 1000 scores in batch 110.
2025-10-12 23:53:55,826 [INFO] Processed 1000 scores in batch 111.
2025-10-12 23:53:58,013 [INFO] Processed 1000 scores in batch 112.
2025-10-12 23:54:00,210 [INFO] Processed 1000 scores in batch 113.
2025-10-12 23:54:02,451 [INFO] Processed 1000 scores in batch 114.
2025-10-12 23:54:04,621 [INFO] Processed 1000 scores in batch 115.
2025-10-12 23:54:06,736 [INFO] Processed 1000 scores in batch 116.
2025-10-12 23:54:08,862 [INFO] Processed 1000 scores in batch 117.
2025-10-12 23:54:10,933 [INFO] Processed 1000 scores in batch 118.
2025-10-12 23:54:13,028 [INFO] Processed 1000 scores in batch 119.
2025-10-12 23:54:15,204 [INFO] Processed 1000 scores in batch 120.
2025-10-12 23:54:17,342 [INFO] Processed 1000 scores in batch 121.
2025-10-12 23:54:19,403 [INFO] Processed 1000 scores in batch 122.
2025-10-12 23:54:21,627 [INFO] Processed 1000 scores in batch 123.
2025-10-12 23:54:23,792 [INFO] Processed 1000 scores in batch 124.
2025-10-12 23:54:25,947 [INFO] Processed 1000 scores in batch 125.
2025-10-12 23:54:28,185 [INFO] Processed 1000 scores in batch 126.
2025-10-12 23:54:30,486 [INFO] Processed 1000 scores in batch 127.
2025-10-12 23:54:32,566 [INFO] Processed 1000 scores in batch 128.
2025-10-12 23:54:34,760 [INFO] Processed 1000 scores in batch 129.
2025-10-12 23:54:36,973 [INFO] Processed 1000 scores in batch 130.
2025-10-12 23:54:39,248 [INFO] Processed 1000 scores in batch 131.
2025-10-12 23:54:41,471 [INFO] Processed 1000 scores in batch 132.
2025-10-12 23:54:43,534 [INFO] Processed 1000 scores in batch 133.
2025-10-12 23:54:45,764 [INFO] Processed 1000 scores in batch 134.
2025-10-12 23:54:48,384 [INFO] Processed 1000 scores in batch 135.
2025-10-12 23:54:51,059 [INFO] Processed 1000 scores in batch 136.
2025-10-12 23:54:53,609 [INFO] Processed 1000 scores in batch 137.
2025-10-12 23:54:56,329 [INFO] Processed 1000 scores in batch 138.
2025-10-12 23:54:59,871 [INFO] Processed 1000 scores in batch 139.
2025-10-12 23:55:03,122 [INFO] Processed 1000 scores in batch 140.
2025-10-12 23:55:06,589 [INFO] Processed 1000 scores in batch 141.
2025-10-12 23:55:09,247 [INFO] Processed 1000 scores in batch 142.
2025-10-12 23:55:12,135 [INFO] Processed 1000 scores in batch 143.
2025-10-12 23:55:14,983 [INFO] Processed 1000 scores in batch 144.
2025-10-12 23:55:17,726 [INFO] Processed 1000 scores in batch 145.
2025-10-12 23:55:20,576 [INFO] Processed 1000 scores in batch 146.
2025-10-12 23:55:23,738 [INFO] Processed 1000 scores in batch 147.
2025-10-12 23:55:26,829 [INFO] Processed 1000 scores in batch 148.
2025-10-12 23:55:29,677 [INFO] Processed 1000 scores in batch 149.
2025-10-12 23:55:32,433 [INFO] Processed 1000 scores in batch 150.
2025-10-12 23:55:35,137 [INFO] Processed 1000 scores in batch 151.
2025-10-12 23:55:37,739 [INFO] Processed 1000 scores in batch 152.
2025-10-12 23:55:40,414 [INFO] Processed 1000 scores in batch 153.
2025-10-12 23:55:43,216 [INFO] Processed 1000 scores in batch 154.
2025-10-12 23:55:46,182 [INFO] Processed 1000 scores in batch 155.
2025-10-12 23:55:49,076 [INFO] Processed 1000 scores in batch 156.
2025-10-12 23:55:52,071 [INFO] Processed 1000 scores in batch 157.
2025-10-12 23:55:56,096 [INFO] Processed 1000 scores in batch 158.
2025-10-12 23:55:59,300 [INFO] Processed 1000 scores in batch 159.
2025-10-12 23:56:02,364 [INFO] Processed 1000 scores in batch 160.
2025-10-12 23:56:05,238 [INFO] Processed 1000 scores in batch 161.
2025-10-12 23:56:07,946 [INFO] Processed 1000 scores in batch 162.
2025-10-12 23:56:10,638 [INFO] Processed 1000 scores in batch 163.
2025-10-12 23:56:13,333 [INFO] Processed 1000 scores in batch 164.
2025-10-12 23:56:15,967 [INFO] Processed 1000 scores in batch 165.
2025-10-12 23:56:18,522 [INFO] Processed 1000 scores in batch 166.
2025-10-12 23:56:21,288 [INFO] Processed 1000 scores in batch 167.
2025-10-12 23:56:23,907 [INFO] Processed 1000 scores in batch 168.
2025-10-12 23:56:26,487 [INFO] Processed 1000 scores in batch 169.
2025-10-12 23:56:28,987 [INFO] Processed 1000 scores in batch 170.
2025-10-12 23:56:31,647 [INFO] Processed 1000 scores in batch 171.
2025-10-12 23:56:34,262 [INFO] Processed 1000 scores in batch 172.
2025-10-12 23:56:37,055 [INFO] Processed 1000 scores in batch 173.
2025-10-12 23:56:39,541 [INFO] Processed 1000 scores in batch 174.
2025-10-12 23:56:42,315 [INFO] Processed 1000 scores in batch 175.
2025-10-12 23:56:44,790 [INFO] Processed 1000 scores in batch 176.
2025-10-12 23:56:47,242 [INFO] Processed 1000 scores in batch 177.
2025-10-12 23:56:49,703 [INFO] Processed 1000 scores in batch 178.
2025-10-12 23:56:52,178 [INFO] Processed 1000 scores in batch 179.
2025-10-12 23:56:54,560 [INFO] Processed 1000 scores in batch 180.
2025-10-12 23:56:56,848 [INFO] Processed 1000 scores in batch 181.
2025-10-12 23:56:59,065 [INFO] Processed 1000 scores in batch 182.
2025-10-12 23:57:01,655 [INFO] Processed 1000 scores in batch 183.
2025-10-12 23:57:03,847 [INFO] Processed 1000 scores in batch 184.
2025-10-12 23:57:06,036 [INFO] Processed 1000 scores in batch 185.
2025-10-12 23:57:08,184 [INFO] Processed 1000 scores in batch 186.
2025-10-12 23:57:10,380 [INFO] Processed 1000 scores in batch 187.
2025-10-12 23:57:12,826 [INFO] Processed 1000 scores in batch 188.
2025-10-12 23:57:15,210 [INFO] Processed 1000 scores in batch 189.
2025-10-12 23:57:17,552 [INFO] Processed 1000 scores in batch 190.
2025-10-12 23:57:19,994 [INFO] Processed 1000 scores in batch 191.
2025-10-12 23:57:22,601 [INFO] Processed 1000 scores in batch 192.
2025-10-12 23:57:25,608 [INFO] Processed 1000 scores in batch 193.
2025-10-12 23:57:28,277 [INFO] Processed 1000 scores in batch 194.
2025-10-12 23:57:30,992 [INFO] Processed 1000 scores in batch 195.
2025-10-12 23:57:33,523 [INFO] Processed 1000 scores in batch 196.
2025-10-12 23:57:36,002 [INFO] Processed 1000 scores in batch 197.
2025-10-12 23:57:38,221 [INFO] Processed 1000 scores in batch 198.
2025-10-12 23:57:40,589 [INFO] Processed 1000 scores in batch 199.
2025-10-12 23:57:43,221 [INFO] Processed 1000 scores in batch 200.
2025-10-12 23:57:45,658 [INFO] Processed 1000 scores in batch 201.
2025-10-12 23:57:48,297 [INFO] Processed 1000 scores in batch 202.
2025-10-12 23:57:50,743 [INFO] Processed 1000 scores in batch 203.
2025-10-12 23:57:53,355 [INFO] Processed 1000 scores in batch 204.
2025-10-12 23:57:55,667 [INFO] Processed 1000 scores in batch 205.
2025-10-12 23:57:57,906 [INFO] Processed 1000 scores in batch 206.
2025-10-12 23:58:00,031 [INFO] Processed 1000 scores in batch 207.
2025-10-12 23:58:02,186 [INFO] Processed 1000 scores in batch 208.
2025-10-12 23:58:04,400 [INFO] Processed 1000 scores in batch 209.
2025-10-12 23:58:06,448 [INFO] Processed 1000 scores in batch 210.
2025-10-12 23:58:09,066 [INFO] Processed 1000 scores in batch 211.
2025-10-12 23:58:11,757 [INFO] Processed 1000 scores in batch 212.
2025-10-12 23:58:14,025 [INFO] Processed 1000 scores in batch 213.
2025-10-12 23:58:16,203 [INFO] Processed 1000 scores in batch 214.
2025-10-12 23:58:18,666 [INFO] Processed 1000 scores in batch 215.
2025-10-12 23:58:21,102 [INFO] Processed 1000 scores in batch 216.
2025-10-12 23:58:23,446 [INFO] Processed 1000 scores in batch 217.
2025-10-12 23:58:25,535 [INFO] Processed 1000 scores in batch 218.
2025-10-12 23:58:27,687 [INFO] Processed 1000 scores in batch 219.
2025-10-12 23:58:29,661 [INFO] Processed 1000 scores in batch 220.
2025-10-12 23:58:31,900 [INFO] Processed 1000 scores in batch 221.
2025-10-12 23:58:34,252 [INFO] Processed 1000 scores in batch 222.
2025-10-12 23:58:36,774 [INFO] Processed 1000 scores in batch 223.
2025-10-12 23:58:39,126 [INFO] Processed 1000 scores in batch 224.
2025-10-12 23:58:41,239 [INFO] Processed 1000 scores in batch 225.
2025-10-12 23:58:43,531 [INFO] Processed 1000 scores in batch 226.
2025-10-12 23:58:45,592 [INFO] Processed 1000 scores in batch 227.
2025-10-12 23:58:47,661 [INFO] Processed 1000 scores in batch 228.
2025-10-12 23:58:49,811 [INFO] Processed 1000 scores in batch 229.
2025-10-12 23:58:52,110 [INFO] Processed 1000 scores in batch 230.
2025-10-12 23:58:54,347 [INFO] Processed 1000 scores in batch 231.
2025-10-12 23:58:56,387 [INFO] Processed 1000 scores in batch 232.
2025-10-12 23:58:58,660 [INFO] Processed 1000 scores in batch 233.
2025-10-12 23:59:00,859 [INFO] Processed 1000 scores in batch 234.
2025-10-12 23:59:03,055 [INFO] Processed 1000 scores in batch 235.
2025-10-12 23:59:05,141 [INFO] Processed 1000 scores in batch 236.
2025-10-12 23:59:07,166 [INFO] Processed 1000 scores in batch 237.
2025-10-12 23:59:09,348 [INFO] Processed 1000 scores in batch 238.
2025-10-12 23:59:11,633 [INFO] Processed 1000 scores in batch 239.
2025-10-12 23:59:13,668 [INFO] Processed 1000 scores in batch 240.
2025-10-12 23:59:15,842 [INFO] Processed 1000 scores in batch 241.
2025-10-12 23:59:17,866 [INFO] Processed 1000 scores in batch 242.
2025-10-12 23:59:19,965 [INFO] Processed 1000 scores in batch 243.
2025-10-12 23:59:23,592 [INFO] Processed 1000 scores in batch 244.
2025-10-12 23:59:28,209 [INFO] Processed 1000 scores in batch 245.
2025-10-12 23:59:31,375 [INFO] Processed 1000 scores in batch 246.
2025-10-12 23:59:33,460 [INFO] Processed 1000 scores in batch 247.
2025-10-12 23:59:35,580 [INFO] Processed 1000 scores in batch 248.
2025-10-12 23:59:37,837 [INFO] Processed 1000 scores in batch 249.
2025-10-12 23:59:40,234 [INFO] Processed 1000 scores in batch 250.
2025-10-12 23:59:42,453 [INFO] Processed 1000 scores in batch 251.
2025-10-12 23:59:44,682 [INFO] Processed 1000 scores in batch 252.
2025-10-12 23:59:46,869 [INFO] Processed 1000 scores in batch 253.
2025-10-12 23:59:49,003 [INFO] Processed 1000 scores in batch 254.
2025-10-12 23:59:51,179 [INFO] Processed 1000 scores in batch 255.
2025-10-12 23:59:53,474 [INFO] Processed 1000 scores in batch 256.
2025-10-12 23:59:55,527 [INFO] Processed 1000 scores in batch 257.
2025-10-12 23:59:57,552 [INFO] Processed 1000 scores in batch 258.
2025-10-12 23:59:59,805 [INFO] Processed 1000 scores in batch 259.
2025-10-13 00:00:01,888 [INFO] Processed 1000 scores in batch 260.
2025-10-13 00:00:04,148 [INFO] Processed 1000 scores in batch 261.
2025-10-13 00:00:06,329 [INFO] Processed 1000 scores in batch 262.
2025-10-13 00:00:08,495 [INFO] Processed 1000 scores in batch 263.
2025-10-13 00:00:10,673 [INFO] Processed 1000 scores in batch 264.
2025-10-13 00:00:13,117 [INFO] Processed 1000 scores in batch 265.
2025-10-13 00:00:15,635 [INFO] Processed 1000 scores in batch 266.
2025-10-13 00:00:18,280 [INFO] Processed 1000 scores in batch 267.
2025-10-13 00:00:20,327 [INFO] Processed 1000 scores in batch 268.
2025-10-13 00:00:22,433 [INFO] Processed 1000 scores in batch 269.
2025-10-13 00:00:24,582 [INFO] Processed 1000 scores in batch 270.
2025-10-13 00:00:26,792 [INFO] Processed 1000 scores in batch 271.
2025-10-13 00:00:29,022 [INFO] Processed 1000 scores in batch 272.
2025-10-13 00:00:31,151 [INFO] Processed 1000 scores in batch 273.
2025-10-13 00:00:33,401 [INFO] Processed 1000 scores in batch 274.
2025-10-13 00:00:35,622 [INFO] Processed 1000 scores in batch 275.
2025-10-13 00:00:37,658 [INFO] Processed 1000 scores in batch 276.
2025-10-13 00:00:39,863 [INFO] Processed 1000 scores in batch 277.
2025-10-13 00:00:41,844 [INFO] Processed 1000 scores in batch 278.
2025-10-13 00:00:44,094 [INFO] Processed 1000 scores in batch 279.
2025-10-13 00:00:46,390 [INFO] Processed 1000 scores in batch 280.
2025-10-13 00:00:48,457 [INFO] Processed 1000 scores in batch 281.
2025-10-13 00:00:50,601 [INFO] Processed 1000 scores in batch 282.
2025-10-13 00:00:52,876 [INFO] Processed 1000 scores in batch 283.
2025-10-13 00:00:55,134 [INFO] Processed 1000 scores in batch 284.
2025-10-13 00:00:57,544 [INFO] Processed 1000 scores in batch 285.
2025-10-13 00:00:59,834 [INFO] Processed 1000 scores in batch 286.
2025-10-13 00:01:02,350 [INFO] Processed 1000 scores in batch 287.
2025-10-13 00:01:04,448 [INFO] Processed 1000 scores in batch 288.
2025-10-13 00:01:06,462 [INFO] Processed 1000 scores in batch 289.
2025-10-13 00:01:08,780 [INFO] Processed 1000 scores in batch 290.
2025-10-13 00:01:11,068 [INFO] Processed 1000 scores in batch 291.
2025-10-13 00:01:13,408 [INFO] Processed 1000 scores in batch 292.
2025-10-13 00:01:15,536 [INFO] Processed 1000 scores in batch 293.
2025-10-13 00:01:17,528 [INFO] Processed 1000 scores in batch 294.
2025-10-13 00:01:19,640 [INFO] Processed 1000 scores in batch 295.
2025-10-13 00:01:21,737 [INFO] Processed 1000 scores in batch 296.
2025-10-13 00:01:23,765 [INFO] Processed 1000 scores in batch 297.
2025-10-13 00:01:26,020 [INFO] Processed 1000 scores in batch 298.
2025-10-13 00:01:28,260 [INFO] Processed 1000 scores in batch 299.
2025-10-13 00:01:30,510 [INFO] Processed 1000 scores in batch 300.
2025-10-13 00:01:32,673 [INFO] Processed 1000 scores in batch 301.
2025-10-13 00:01:37,151 [INFO] Processed 1000 scores in batch 302.
2025-10-13 00:01:41,312 [INFO] Processed 1000 scores in batch 303.
2025-10-13 00:01:43,824 [INFO] Processed 1000 scores in batch 304.
2025-10-13 00:01:45,910 [INFO] Processed 1000 scores in batch 305.
2025-10-13 00:01:48,602 [INFO] Processed 1000 scores in batch 306.
2025-10-13 00:01:50,628 [INFO] Processed 1000 scores in batch 307.
2025-10-13 00:01:52,793 [INFO] Processed 1000 scores in batch 308.
2025-10-13 00:01:55,029 [INFO] Processed 1000 scores in batch 309.
2025-10-13 00:01:57,204 [INFO] Processed 1000 scores in batch 310.
2025-10-13 00:01:59,323 [INFO] Processed 1000 scores in batch 311.
2025-10-13 00:02:01,404 [INFO] Processed 1000 scores in batch 312.
2025-10-13 00:02:03,672 [INFO] Processed 1000 scores in batch 313.
2025-10-13 00:02:05,843 [INFO] Processed 1000 scores in batch 314.
2025-10-13 00:02:08,102 [INFO] Processed 1000 scores in batch 315.
2025-10-13 00:02:10,446 [INFO] Processed 1000 scores in batch 316.
2025-10-13 00:02:12,786 [INFO] Processed 1000 scores in batch 317.
2025-10-13 00:02:14,836 [INFO] Processed 1000 scores in batch 318.
2025-10-13 00:02:16,999 [INFO] Processed 1000 scores in batch 319.
2025-10-13 00:02:19,059 [INFO] Processed 1000 scores in batch 320.
2025-10-13 00:02:21,213 [INFO] Processed 1000 scores in batch 321.
2025-10-13 00:02:23,412 [INFO] Processed 1000 scores in batch 322.
2025-10-13 00:02:25,625 [INFO] Processed 1000 scores in batch 323.
2025-10-13 00:02:27,951 [INFO] Processed 1000 scores in batch 324.
2025-10-13 00:02:30,178 [INFO] Processed 1000 scores in batch 325.
2025-10-13 00:02:32,294 [INFO] Processed 1000 scores in batch 326.
2025-10-13 00:02:34,454 [INFO] Processed 1000 scores in batch 327.
2025-10-13 00:02:36,900 [INFO] Processed 1000 scores in batch 328.
2025-10-13 00:02:39,149 [INFO] Processed 1000 scores in batch 329.
2025-10-13 00:02:41,317 [INFO] Processed 1000 scores in batch 330.
2025-10-13 00:02:43,395 [INFO] Processed 1000 scores in batch 331.
2025-10-13 00:02:45,627 [INFO] Processed 1000 scores in batch 332.
2025-10-13 00:02:47,791 [INFO] Processed 1000 scores in batch 333.
2025-10-13 00:02:49,870 [INFO] Processed 1000 scores in batch 334.
2025-10-13 00:02:51,962 [INFO] Processed 1000 scores in batch 335.
2025-10-13 00:02:54,185 [INFO] Processed 1000 scores in batch 336.
2025-10-13 00:02:56,353 [INFO] Processed 1000 scores in batch 337.
2025-10-13 00:02:58,411 [INFO] Processed 1000 scores in batch 338.
2025-10-13 00:03:00,609 [INFO] Processed 1000 scores in batch 339.
2025-10-13 00:03:02,738 [INFO] Processed 1000 scores in batch 340.
2025-10-13 00:03:04,820 [INFO] Processed 1000 scores in batch 341.
2025-10-13 00:03:06,880 [INFO] Processed 1000 scores in batch 342.
2025-10-13 00:03:09,171 [INFO] Processed 1000 scores in batch 343.
2025-10-13 00:03:11,311 [INFO] Processed 1000 scores in batch 344.
2025-10-13 00:03:13,490 [INFO] Processed 1000 scores in batch 345.
2025-10-13 00:03:15,831 [INFO] Processed 1000 scores in batch 346.
2025-10-13 00:03:18,443 [INFO] Processed 1000 scores in batch 347.
2025-10-13 00:03:20,529 [INFO] Processed 1000 scores in batch 348.
2025-10-13 00:03:23,141 [INFO] Processed 1000 scores in batch 349.
2025-10-13 00:03:25,338 [INFO] Processed 1000 scores in batch 350.
2025-10-13 00:03:27,623 [INFO] Processed 1000 scores in batch 351.
2025-10-13 00:03:29,770 [INFO] Processed 1000 scores in batch 352.
2025-10-13 00:03:31,906 [INFO] Processed 1000 scores in batch 353.
2025-10-13 00:03:33,891 [INFO] Processed 1000 scores in batch 354.
2025-10-13 00:03:35,942 [INFO] Processed 1000 scores in batch 355.
2025-10-13 00:03:38,093 [INFO] Processed 1000 scores in batch 356.
2025-10-13 00:03:42,730 [INFO] Processed 1000 scores in batch 357.
2025-10-13 00:03:46,594 [INFO] Processed 1000 scores in batch 358.
2025-10-13 00:03:48,849 [INFO] Processed 1000 scores in batch 359.
2025-10-13 00:03:51,066 [INFO] Processed 1000 scores in batch 360.
2025-10-13 00:03:53,269 [INFO] Processed 1000 scores in batch 361.
2025-10-13 00:03:55,324 [INFO] Processed 1000 scores in batch 362.
2025-10-13 00:03:57,447 [INFO] Processed 1000 scores in batch 363.
2025-10-13 00:03:59,529 [INFO] Processed 1000 scores in batch 364.
2025-10-13 00:04:01,706 [INFO] Processed 1000 scores in batch 365.
2025-10-13 00:04:03,934 [INFO] Processed 1000 scores in batch 366.
2025-10-13 00:04:06,071 [INFO] Processed 1000 scores in batch 367.
2025-10-13 00:04:08,468 [INFO] Processed 1000 scores in batch 368.
2025-10-13 00:04:10,628 [INFO] Processed 1000 scores in batch 369.
2025-10-13 00:04:12,719 [INFO] Processed 1000 scores in batch 370.
2025-10-13 00:04:14,888 [INFO] Processed 1000 scores in batch 371.
2025-10-13 00:04:17,098 [INFO] Processed 1000 scores in batch 372.
2025-10-13 00:04:19,268 [INFO] Processed 1000 scores in batch 373.
2025-10-13 00:04:21,639 [INFO] Processed 1000 scores in batch 374.
2025-10-13 00:04:23,830 [INFO] Processed 1000 scores in batch 375.
2025-10-13 00:04:26,057 [INFO] Processed 1000 scores in batch 376.
2025-10-13 00:04:28,138 [INFO] Processed 1000 scores in batch 377.
2025-10-13 00:04:30,301 [INFO] Processed 1000 scores in batch 378.
2025-10-13 00:04:32,401 [INFO] Processed 1000 scores in batch 379.
2025-10-13 00:04:34,462 [INFO] Processed 1000 scores in batch 380.
2025-10-13 00:04:36,475 [INFO] Processed 1000 scores in batch 381.
2025-10-13 00:04:38,675 [INFO] Processed 1000 scores in batch 382.
2025-10-13 00:04:40,822 [INFO] Processed 1000 scores in batch 383.
2025-10-13 00:04:42,872 [INFO] Processed 1000 scores in batch 384.
2025-10-13 00:04:44,882 [INFO] Processed 1000 scores in batch 385.
2025-10-13 00:04:46,920 [INFO] Processed 1000 scores in batch 386.
2025-10-13 00:04:49,000 [INFO] Processed 1000 scores in batch 387.
2025-10-13 00:04:51,050 [INFO] Processed 1000 scores in batch 388.
2025-10-13 00:04:52,208 [INFO] Processed 474 scores in batch 389.
2025-10-13 00:04:52,724 [INFO] Processed 1 scores in batch 390.
2025-10-13 00:04:52,724 [INFO] Syncing newly ranked maps...
2025-10-13 00:06:52,354 [INFO] Executing SQL file: sql/inserts\update_beatmapLive.sql
2025-10-13 00:07:04,679 [INFO] Successfully executed: update_beatmapLive.sql
2025-10-13 00:07:04,680 [INFO] Executing SQL file: sql/inserts\insert_beatmapHistory.sql
2025-10-13 00:07:19,703 [INFO] Successfully executed: insert_beatmapHistory.sql
2025-10-13 00:07:19,704 [INFO] Updating registered users...
2025-10-13 00:07:20,126 [INFO] Processed batch 647309-10660738 with 4 users.
2025-10-13 00:07:20,126 [INFO] Executing SQL file: sql/inserts\update_userLive.sql
2025-10-13 00:07:55,624 [INFO] Successfully executed: update_userLive.sql
2025-10-13 00:07:55,624 [INFO] Executing SQL file: sql/inserts\insert_userHistory.sql
2025-10-13 00:07:55,641 [INFO] Successfully executed: insert_userHistory.sql
2025-10-13 00:07:55,641 [INFO] Routine 0 completed successfully.
2025-10-13 00:49:35,700 [INFO] Executing routine 4...
2025-10-13 00:49:49,268 [INFO] Fetching user beatmap scores for user 9217626...
